<?xml version="1.0" encoding="UTF-8"?>
<!-- Generated by org.testng.reporters.JUnitReportReporter -->
<testsuite hostname="DESKTOP-7SBKKJ1" failures="0" tests="3" name="merge_SMR_Central_Zone.DataAvailability_Report_SMR" time="19.669" errors="0" timestamp="2024-09-13T10:59:02 IST" skipped="0">
  <testcase classname="merge_SMR_Central_Zone.DataAvailability_Report_SMR" name="Click_On_Report" time="7.300"/>
  <system-out/>
  <testcase classname="merge_SMR_Central_Zone.DataAvailability_Report_SMR" name="Click_On_Data_Availability_REPORT" time="7.313"/>
  <system-out/>
  <testcase classname="merge_SMR_Central_Zone.DataAvailability_Report_SMR" name="Data_Verification_For_Data_Availability_Report" time="5.056"/>
  <system-out/>
</testsuite> <!-- merge_SMR_Central_Zone.DataAvailability_Report_SMR -->
