<?xml version="1.0" encoding="UTF-8"?>
<!-- Generated by org.testng.reporters.JUnitReportReporter -->
<testsuite hostname="DESKTOP-7SBKKJ1" failures="0" tests="6" name="My_Leads_Data.Vehicle_Sold_To_New_Owner" time="117.432" errors="0" timestamp="2024-09-19T15:15:19 IST" skipped="0">
  <testcase classname="My_Leads_Data.Vehicle_Sold_To_New_Owner" name="Username" time="2.297"/>
  <system-out/>
  <testcase classname="My_Leads_Data.Vehicle_Sold_To_New_Owner" name="Password" time="3.344"/>
  <system-out/>
  <testcase classname="My_Leads_Data.Vehicle_Sold_To_New_Owner" name="Captcha" time="3.299"/>
  <system-out/>
  <testcase classname="My_Leads_Data.Vehicle_Sold_To_New_Owner" name="SUBMIT_Button" time="20.120"/>
  <system-out/>
  <testcase classname="My_Leads_Data.Vehicle_Sold_To_New_Owner" name="Click_On_MY_Leads" time="21.170"/>
  <system-out/>
  <testcase classname="My_Leads_Data.Vehicle_Sold_To_New_Owner" name="click_On_first_Customer" time="67.202"/>
  <system-out/>
</testsuite> <!-- My_Leads_Data.Vehicle_Sold_To_New_Owner -->
