<?xml version="1.0" encoding="UTF-8"?>
<!-- Generated by org.testng.reporters.JUnitReportReporter -->
<testsuite hostname="DESKTOP-7SBKKJ1" failures="0" tests="3" name="mergeSMR.UserList_SMR_Report" time="38.598" errors="0" timestamp="2024-09-04T16:58:26 IST" skipped="0">
  <testcase classname="mergeSMR.UserList_SMR_Report" name="Click_On_Report" time="3.308"/>
  <system-out/>
  <testcase classname="mergeSMR.UserList_SMR_Report" name="Click_On_USER_LIST_REPORT" time="30.240"/>
  <system-out/>
  <testcase classname="mergeSMR.UserList_SMR_Report" name="Data_Verification_User_List" time="5.050"/>
  <system-out/>
</testsuite> <!-- mergeSMR.UserList_SMR_Report -->
