<?xml version="1.0" encoding="UTF-8"?>
<!-- Generated by org.testng.reporters.JUnitReportReporter -->
<testsuite hostname="DESKTOP-7SBKKJ1" failures="0" tests="6" name="My_Leads_Data.Data_check_Of_Today_Booking" time="60.101" errors="0" timestamp="2024-09-30T14:58:15 IST" skipped="0">
  <testcase classname="My_Leads_Data.Data_check_Of_Today_Booking" name="Username" time="2.205"/>
  <system-out/>
  <testcase classname="My_Leads_Data.Data_check_Of_Today_Booking" name="Password" time="3.203"/>
  <system-out/>
  <testcase classname="My_Leads_Data.Data_check_Of_Today_Booking" name="Captcha" time="3.118"/>
  <system-out/>
  <testcase classname="My_Leads_Data.Data_check_Of_Today_Booking" name="SUBMIT_Button" time="15.074"/>
  <system-out/>
  <testcase classname="My_Leads_Data.Data_check_Of_Today_Booking" name="Click_On_MY_Leads" time="22.227"/>
  <system-out/>
  <testcase classname="My_Leads_Data.Data_check_Of_Today_Booking" name="click_Today_Booking" time="14.274"/>
  <system-out/>
</testsuite> <!-- My_Leads_Data.Data_check_Of_Today_Booking -->
