<?xml version="1.0" encoding="UTF-8"?>
<!-- Generated by org.testng.reporters.JUnitReportReporter -->
<testsuite hostname="DESKTOP-7SBKKJ1" failures="0" tests="19" name="mergeSMR.SMRE_Performance_Report_SMR" time="200.047" errors="0" timestamp="2024-09-04T16:58:26 IST" skipped="0">
  <testcase classname="mergeSMR.SMRE_Performance_Report_SMR" name="Click_On_Report" time="3.235"/>
  <system-out/>
  <testcase classname="mergeSMR.SMRE_Performance_Report_SMR" name="Click_On_SMRE_PERFORMANCE_REPORT" time="7.222"/>
  <system-out/>
  <testcase classname="mergeSMR.SMRE_Performance_Report_SMR" name="Select_Parameter_VehicleChannel_SMRE_PERFORMANCE_REPORT" time="6.398"/>
  <system-out/>
  <testcase classname="mergeSMR.SMRE_Performance_Report_SMR" name="Select_Parameter_DelaerChannel_SMRE_PERFORMANCE_REPORT" time="6.338"/>
  <system-out/>
  <testcase classname="mergeSMR.SMRE_Performance_Report_SMR" name="Select_Parameter_ZONE_SMRE_PERFORMANCE_REPORT" time="6.285"/>
  <system-out/>
  <testcase classname="mergeSMR.SMRE_Performance_Report_SMR" name="Select_Parameter_REGION_SMRE_PERFORMANCE_REPORT" time="6.377"/>
  <system-out/>
  <testcase classname="mergeSMR.SMRE_Performance_Report_SMR" name="Select_Parameter_DEALER_NAME_SMRE_PERFORMANCE_REPORT" time="6.922"/>
  <system-out/>
  <testcase classname="mergeSMR.SMRE_Performance_Report_SMR" name="Select_Parameter_WORKSHOP_NAME_SMRE_PERFORMANCE_REPORT" time="6.746"/>
  <system-out/>
  <testcase classname="mergeSMR.SMRE_Performance_Report_SMR" name="Select_Parameter_REPORT_TYPE_SMRE_PERFORMANCE_REPORT" time="6.574"/>
  <system-out/>
  <testcase classname="mergeSMR.SMRE_Performance_Report_SMR" name="Select_Parameter_SERVICE_TYPE_SMRE_PERFORMANCE_REPORT" time="6.296"/>
  <system-out/>
  <testcase classname="mergeSMR.SMRE_Performance_Report_SMR" name="Select_Date_Range_SMRE_Performance_REPORT" time="8.856"/>
  <system-out/>
  <testcase classname="mergeSMR.SMRE_Performance_Report_SMR" name="Click_On_GENERATE_Zone_And_Region_Wise" time="35.232"/>
  <system-out/>
  <testcase classname="mergeSMR.SMRE_Performance_Report_SMR" name="Data_Verification_ZoneAndRegionWise" time="0.042"/>
  <system-out/>
  <testcase classname="mergeSMR.SMRE_Performance_Report_SMR" name="ClickOn_Edit_And_Select_ReportType_WorkshopWise" time="9.099"/>
  <system-out/>
  <testcase classname="mergeSMR.SMRE_Performance_Report_SMR" name="Generate_WorkshopWise_Report" time="35.200"/>
  <system-out/>
  <testcase classname="mergeSMR.SMRE_Performance_Report_SMR" name="Data_Verification_WorkshopWise" time="0.030"/>
  <system-out/>
  <testcase classname="mergeSMR.SMRE_Performance_Report_SMR" name="ClickOn_Edit_And_Select_ReportType_SMREWise" time="8.940"/>
  <system-out/>
  <testcase classname="mergeSMR.SMRE_Performance_Report_SMR" name="Generate_SMREWise_Report" time="35.229"/>
  <system-out/>
  <testcase classname="mergeSMR.SMRE_Performance_Report_SMR" name="Data_Verification_SMREWise" time="5.026"/>
  <system-out/>
</testsuite> <!-- mergeSMR.SMRE_Performance_Report_SMR -->
