<?xml version="1.0" encoding="UTF-8"?>
<!-- Generated by org.testng.reporters.JUnitReportReporter -->
<testsuite hostname="DESKTOP-7SBKKJ1" failures="0" tests="6" name="My_Leads_Data.Call_Not_Picked_Up_NO" time="137.614" errors="0" timestamp="2024-09-23T17:45:04 IST" skipped="0">
  <testcase classname="My_Leads_Data.Call_Not_Picked_Up_NO" name="Username" time="2.201"/>
  <system-out/>
  <testcase classname="My_Leads_Data.Call_Not_Picked_Up_NO" name="Password" time="3.208"/>
  <system-out/>
  <testcase classname="My_Leads_Data.Call_Not_Picked_Up_NO" name="Captcha" time="3.117"/>
  <system-out/>
  <testcase classname="My_Leads_Data.Call_Not_Picked_Up_NO" name="SUBMIT_Button" time="20.069"/>
  <system-out/>
  <testcase classname="My_Leads_Data.Call_Not_Picked_Up_NO" name="Click_On_MY_Leads" time="15.086"/>
  <system-out/>
  <testcase classname="My_Leads_Data.Call_Not_Picked_Up_NO" name="click_On_first_Customer" time="93.933"/>
  <system-out/>
</testsuite> <!-- My_Leads_Data.Call_Not_Picked_Up_NO -->
