<?xml version="1.0" encoding="UTF-8"?>
<!-- Generated by org.testng.reporters.JUnitReportReporter -->
<testsuite hostname="DESKTOP-7SBKKJ1" failures="0" tests="6" name="My_Leads_Data.REFUSE_FOR_SERVICE_Transfer_To_New_Location" time="130.476" errors="0" timestamp="2024-09-23T15:00:10 IST" skipped="0">
  <testcase classname="My_Leads_Data.REFUSE_FOR_SERVICE_Transfer_To_New_Location" name="Username" time="2.185"/>
  <system-out/>
  <testcase classname="My_Leads_Data.REFUSE_FOR_SERVICE_Transfer_To_New_Location" name="Password" time="3.229"/>
  <system-out/>
  <testcase classname="My_Leads_Data.REFUSE_FOR_SERVICE_Transfer_To_New_Location" name="Captcha" time="3.114"/>
  <system-out/>
  <testcase classname="My_Leads_Data.REFUSE_FOR_SERVICE_Transfer_To_New_Location" name="SUBMIT_Button" time="20.078"/>
  <system-out/>
  <testcase classname="My_Leads_Data.REFUSE_FOR_SERVICE_Transfer_To_New_Location" name="Click_On_MY_Leads" time="16.604"/>
  <system-out/>
  <testcase classname="My_Leads_Data.REFUSE_FOR_SERVICE_Transfer_To_New_Location" name="click_On_first_Customer" time="85.266"/>
  <system-out/>
</testsuite> <!-- My_Leads_Data.REFUSE_FOR_SERVICE_Transfer_To_New_Location -->
