<?xml version="1.0" encoding="UTF-8"?>
<!-- Generated by org.testng.reporters.JUnitReportReporter -->
<testsuite hostname="DESKTOP-7SBKKJ1" failures="0" tests="15" name="mergeSMR.AutoDialer_SMR_Report" time="265.825" errors="0" timestamp="2024-09-04T16:58:26 IST" skipped="0">
  <testcase classname="mergeSMR.AutoDialer_SMR_Report" name="Click_On_Report" time="3.291"/>
  <system-out/>
  <testcase classname="mergeSMR.AutoDialer_SMR_Report" name="Click_On_AutoDialer_REPORT" time="7.289"/>
  <system-out/>
  <testcase classname="mergeSMR.AutoDialer_SMR_Report" name="Zone_And_Region_Wise_Tab" time="29.227"/>
  <system-out/>
  <testcase classname="mergeSMR.AutoDialer_SMR_Report" name="Data_Verification_Zone_And_Region_Wise" time="0.067"/>
  <system-out/>
  <testcase classname="mergeSMR.AutoDialer_SMR_Report" name="Dealer_Parent_Group_Wise_Tab" time="40.249"/>
  <system-out/>
  <testcase classname="mergeSMR.AutoDialer_SMR_Report" name="Data_Verification_Dealer_Parent_Group_Wise_Tab" time="0.070"/>
  <system-out/>
  <testcase classname="mergeSMR.AutoDialer_SMR_Report" name="Workshop_Wise_Tab" time="40.286"/>
  <system-out/>
  <testcase classname="mergeSMR.AutoDialer_SMR_Report" name="Data_Verification_Workshop_Wise_Tab" time="0.045"/>
  <system-out/>
  <testcase classname="mergeSMR.AutoDialer_SMR_Report" name="Day_Wise_Tab" time="40.371"/>
  <system-out/>
  <testcase classname="mergeSMR.AutoDialer_SMR_Report" name="Data_Verification_Day_Wise_Tab" time="0.020"/>
  <system-out/>
  <testcase classname="mergeSMR.AutoDialer_SMR_Report" name="SMRE_Wise_Tab" time="40.324"/>
  <system-out/>
  <testcase classname="mergeSMR.AutoDialer_SMR_Report" name="Data_Verification_SMRE_Wise_Tab" time="0.054"/>
  <system-out/>
  <testcase classname="mergeSMR.AutoDialer_SMR_Report" name="Dump_Wise_Tab" time="52.521"/>
  <system-out/>
  <testcase classname="mergeSMR.AutoDialer_SMR_Report" name="Data_Verification_Dump_Wise_Tab" time="0.051"/>
  <system-out/>
  <testcase classname="mergeSMR.AutoDialer_SMR_Report" name="Download_Dump_Wise_Report" time="11.960"/>
  <system-out/>
</testsuite> <!-- mergeSMR.AutoDialer_SMR_Report -->
