<?xml version="1.0" encoding="UTF-8"?>
<!-- Generated by org.testng.reporters.JUnitReportReporter -->
<testsuite hostname="DESKTOP-7SBKKJ1" failures="0" tests="8" name="SMR_Central_Zone.DataAvailability_Report_SMR" time="62.589" errors="0" timestamp="2024-09-11T16:08:37 IST" skipped="0">
  <testcase classname="SMR_Central_Zone.DataAvailability_Report_SMR" name="Username" time="2.319"/>
  <system-out/>
  <testcase classname="SMR_Central_Zone.DataAvailability_Report_SMR" name="Password" time="3.387"/>
  <system-out/>
  <testcase classname="SMR_Central_Zone.DataAvailability_Report_SMR" name="Captcha" time="3.247"/>
  <system-out/>
  <testcase classname="SMR_Central_Zone.DataAvailability_Report_SMR" name="SUBMIT_Button" time="20.198"/>
  <system-out/>
  <testcase classname="SMR_Central_Zone.DataAvailability_Report_SMR" name="Click_On_Report" time="10.943"/>
  <system-out/>
  <testcase classname="SMR_Central_Zone.DataAvailability_Report_SMR" name="Click_On_Data_Availability_REPORT" time="7.153"/>
  <system-out/>
  <testcase classname="SMR_Central_Zone.DataAvailability_Report_SMR" name="Data_Verification_For_Data_Availability_Report" time="5.062"/>
  <system-out/>
  <testcase classname="SMR_Central_Zone.DataAvailability_Report_SMR" name="Download_DATA_AVAILABILITY_Report" time="10.280"/>
  <system-out/>
</testsuite> <!-- SMR_Central_Zone.DataAvailability_Report_SMR -->
