<?xml version="1.0" encoding="UTF-8"?>
<!-- Generated by org.testng.reporters.JUnitReportReporter -->
<testsuite hostname="DESKTOP-7SBKKJ1" failures="0" tests="6" name="My_Leads_Data.Additional_Fillter" time="54.589" errors="0" timestamp="2024-09-27T12:34:58 IST" skipped="0">
  <testcase classname="My_Leads_Data.Additional_Fillter" name="Username" time="2.399"/>
  <system-out/>
  <testcase classname="My_Leads_Data.Additional_Fillter" name="Password" time="3.408"/>
  <system-out/>
  <testcase classname="My_Leads_Data.Additional_Fillter" name="Captcha" time="3.213"/>
  <system-out/>
  <testcase classname="My_Leads_Data.Additional_Fillter" name="SUBMIT_Button" time="15.139"/>
  <system-out/>
  <testcase classname="My_Leads_Data.Additional_Fillter" name="Click_On_MY_Leads" time="15.168"/>
  <system-out/>
  <testcase classname="My_Leads_Data.Additional_Fillter" name="Service_due_Workshop_Filters" time="15.262"/>
  <system-out/>
</testsuite> <!-- My_Leads_Data.Additional_Fillter -->
