<?xml version="1.0" encoding="UTF-8"?>
<!-- Generated by org.testng.reporters.JUnitReportReporter -->
<testsuite hostname="DESKTOP-7SBKKJ1" failures="0" tests="3" name="merge_SMR_Central_Zone.UserList_SMR_Report" time="41.561" errors="0" timestamp="2024-09-13T10:59:02 IST" skipped="0">
  <testcase classname="merge_SMR_Central_Zone.UserList_SMR_Report" name="Click_On_Report" time="7.252"/>
  <system-out/>
  <testcase classname="merge_SMR_Central_Zone.UserList_SMR_Report" name="Click_On_USER_LIST_REPORT" time="30.283"/>
  <system-out/>
  <testcase classname="merge_SMR_Central_Zone.UserList_SMR_Report" name="Data_Verification_User_List" time="4.026"/>
  <system-out/>
</testsuite> <!-- merge_SMR_Central_Zone.UserList_SMR_Report -->
