<?xml version="1.0" encoding="UTF-8"?>
<!-- Generated by org.testng.reporters.JUnitReportReporter -->
<testsuite hostname="DESKTOP-7SBKKJ1" failures="0" tests="4" name="mergeSMR.Dealer_subscription" time="9.673" errors="0" timestamp="2024-09-04T16:58:26 IST" skipped="0">
  <testcase classname="mergeSMR.Dealer_subscription" name="Click_On_Report" time="3.155"/>
  <system-out/>
  <testcase classname="mergeSMR.Dealer_subscription" name="Click_On_The_Dealer_Subscription" time="3.101"/>
  <system-out/>
  <testcase classname="mergeSMR.Dealer_subscription" name="Workshop_Wise" time="0.267"/>
  <system-out/>
  <testcase classname="mergeSMR.Dealer_subscription" name="Dealer_Parent_group_Wise" time="3.150"/>
  <system-out/>
</testsuite> <!-- mergeSMR.Dealer_subscription -->
