<?xml version="1.0" encoding="UTF-8"?>
<!-- Generated by org.testng.reporters.JUnitReportReporter -->
<testsuite hostname="DESKTOP-7SBKKJ1" failures="3" tests="94" name="merge_SMR_Central_Zone.HyperLocal_Status_Report_SMR" time="245.442" errors="0" timestamp="2024-09-05T15:10:50 IST" skipped="0">
  <testcase classname="merge_SMR_Central_Zone.HyperLocal_Status_Report_SMR" name="Username" time="2.384"/>
  <system-out/>
  <testcase classname="merge_SMR_Central_Zone.HyperLocal_Status_Report_SMR" name="Password" time="3.339"/>
  <system-out/>
  <testcase classname="merge_SMR_Central_Zone.HyperLocal_Status_Report_SMR" name="Captcha" time="3.207"/>
  <system-out/>
  <testcase classname="merge_SMR_Central_Zone.HyperLocal_Status_Report_SMR" name="SUBMIT_Button" time="20.131"/>
  <system-out/>
  <testcase classname="merge_SMR_Central_Zone.HyperLocal_Status_Report_SMR" name="Click_On_Report" time="4.549"/>
  <system-out/>
  <testcase classname="merge_SMR_Central_Zone.HyperLocal_Status_Report_SMR" name="Click_On_HYPERLOCAL_STATUS_REPORT" time="4.169"/>
  <system-out/>
  <testcase classname="merge_SMR_Central_Zone.HyperLocal_Status_Report_SMR" name="Zone_And_Region_Wise_Tab" time="48.583"/>
  <system-out/>
  <testcase classname="merge_SMR_Central_Zone.HyperLocal_Status_Report_SMR" name="Dealer_Parent_Group_Wise_Tab" time="33.964"/>
  <system-out/>
  <testcase classname="merge_SMR_Central_Zone.HyperLocal_Status_Report_SMR" name="WorkShop_Wise_Tab" time="63.511"/>
  <system-out/>
  <testcase classname="merge_SMR_Central_Zone.HyperLocal_Status_Report_SMR" name="Day_Wise_Tab" time="55.482"/>
  <system-out/>
  <testcase classname="merge_SMR_Central_Zone.HyperLocal_Status_Report_SMR" name="Compare_LeadGenerated_Column_ZoneRegionWise_With_DealerParentWise" time="0.007"/>
  <system-out/>
  <testcase classname="merge_SMR_Central_Zone.HyperLocal_Status_Report_SMR" name="Compare_LeadAttempted_Column_ZoneRegionWise_With_DealerParentWise" time="0.001"/>
  <system-out/>
  <testcase classname="merge_SMR_Central_Zone.HyperLocal_Status_Report_SMR" name="Compare_FollowUp_Column_ZoneRegionWise_With_DealerParentWise" time="0.002"/>
  <system-out/>
  <testcase classname="merge_SMR_Central_Zone.HyperLocal_Status_Report_SMR" name="Compare_TotalConnected_Column_ZoneRegionWise_With_DealerParentWise" time="0.002"/>
  <system-out/>
  <testcase classname="merge_SMR_Central_Zone.HyperLocal_Status_Report_SMR" name="Compare_RegNoConfirmed_Column_ZoneRegionWise_With_DealerParentWise" time="0.001"/>
  <system-out/>
  <testcase classname="merge_SMR_Central_Zone.HyperLocal_Status_Report_SMR" name="Compare_RegNoNotConfirmed_Column_ZoneRegionWise_With_DealerParentWise" time="0.002"/>
  <system-out/>
  <testcase classname="merge_SMR_Central_Zone.HyperLocal_Status_Report_SMR" name="Compare_AppointmentBooked_Column_ZoneRegionWise_With_DealerParentWise" time="0.001"/>
  <system-out/>
  <testcase classname="merge_SMR_Central_Zone.HyperLocal_Status_Report_SMR" name="Compare_PercentAppointmentBooked_Column_ZoneRegionWise_With_DealerParentWise" time="0.001"/>
  <system-out/>
  <testcase classname="merge_SMR_Central_Zone.HyperLocal_Status_Report_SMR" name="Compare_TotalReported_Column_ZoneRegionWise_With_DealerParentWise" time="0.002"/>
  <system-out/>
  <testcase classname="merge_SMR_Central_Zone.HyperLocal_Status_Report_SMR" name="Compare_PercentReported_Column_ZoneRegionWise_With_DealerParentWise" time="0.003">
    <failure message="expected [14.64%] but found [14.63587921847247%]" type="java.lang.AssertionError">
      <![CDATA[java.lang.AssertionError: expected [14.64%] but found [14.63587921847247%]
at org.testng.Assert.fail(Assert.java:99)
at org.testng.Assert.failNotEquals(Assert.java:1037)
at org.testng.Assert.assertEqualsImpl(Assert.java:140)
at org.testng.Assert.assertEquals(Assert.java:122)
at org.testng.Assert.assertEquals(Assert.java:629)
at org.testng.Assert.assertEquals(Assert.java:639)
at merge_SMR_Central_Zone.HyperLocal_Status_Report_SMR.Compare_PercentReported_Column_ZoneRegionWise_With_DealerParentWise(HyperLocal_Status_Report_SMR.java:637)
at java.base/jdk.internal.reflect.DirectMethodHandleAccessor.invoke(DirectMethodHandleAccessor.java:103)
at java.base/java.lang.reflect.Method.invoke(Method.java:580)
at org.testng.internal.MethodInvocationHelper.invokeMethod(MethodInvocationHelper.java:133)
at org.testng.internal.TestInvoker.invokeMethod(TestInvoker.java:598)
at org.testng.internal.TestInvoker.invokeTestMethod(TestInvoker.java:173)
at org.testng.internal.MethodRunner.runInSequence(MethodRunner.java:46)
at org.testng.internal.TestInvoker$MethodInvocationAgent.invoke(TestInvoker.java:824)
at org.testng.internal.TestInvoker.invokeTestMethods(TestInvoker.java:146)
at org.testng.internal.TestMethodWorker.invokeTestMethods(TestMethodWorker.java:146)
at org.testng.internal.TestMethodWorker.run(TestMethodWorker.java:128)
at java.base/java.util.ArrayList.forEach(ArrayList.java:1597)
at org.testng.TestRunner.privateRun(TestRunner.java:794)
at org.testng.TestRunner.run(TestRunner.java:596)
at org.testng.SuiteRunner.runTest(SuiteRunner.java:377)
at org.testng.SuiteRunner.runSequentially(SuiteRunner.java:371)
at org.testng.SuiteRunner.privateRun(SuiteRunner.java:332)
at org.testng.SuiteRunner.run(SuiteRunner.java:276)
at org.testng.SuiteRunnerWorker.runSuite(SuiteRunnerWorker.java:53)
at org.testng.SuiteRunnerWorker.run(SuiteRunnerWorker.java:96)
at org.testng.TestNG.runSuitesSequentially(TestNG.java:1212)
at org.testng.TestNG.runSuitesLocally(TestNG.java:1134)
at org.testng.TestNG.runSuites(TestNG.java:1063)
at org.testng.TestNG.run(TestNG.java:1031)
at org.testng.remote.AbstractRemoteTestNG.run(AbstractRemoteTestNG.java:115)
at org.testng.remote.RemoteTestNG.initAndRun(RemoteTestNG.java:293)
at org.testng.remote.RemoteTestNG.main(RemoteTestNG.java:91)
]]>
    </failure>
  </testcase> <!-- Compare_PercentReported_Column_ZoneRegionWise_With_DealerParentWise -->
  <system-out/>
  <testcase classname="merge_SMR_Central_Zone.HyperLocal_Status_Report_SMR" name="Compare_ReportedAtOwn_Column_ZoneRegionWise_With_DealerParentWise" time="0.002"/>
  <system-out/>
  <testcase classname="merge_SMR_Central_Zone.HyperLocal_Status_Report_SMR" name="Compare_ReportedAtOther_Column_ZoneRegionWise_With_DealerParentWise" time="2.016"/>
  <system-out/>
  <testcase classname="merge_SMR_Central_Zone.HyperLocal_Status_Report_SMR" name="Compare_NotConnected_Column_ZoneRegionWise_With_DealerParentWise" time="0.001"/>
  <system-out/>
  <testcase classname="merge_SMR_Central_Zone.HyperLocal_Status_Report_SMR" name="Compare_NotAttempted_Column_ZoneRegionWise_With_DealerParentWise" time="0.002"/>
  <system-out/>
  <testcase classname="merge_SMR_Central_Zone.HyperLocal_Status_Report_SMR" name="Compare_LeadGenerated_Column_ZoneRegionWise_With_WorkshopWise" time="0.002"/>
  <system-out/>
  <testcase classname="merge_SMR_Central_Zone.HyperLocal_Status_Report_SMR" name="Compare_LeadAttempted_Column_ZoneRegionWise_With_WorkshopWise" time="0.001"/>
  <system-out/>
  <testcase classname="merge_SMR_Central_Zone.HyperLocal_Status_Report_SMR" name="Compare_FollowUp_Column_ZoneRegionWise_With_WorkshopWise" time="0.002"/>
  <system-out/>
  <testcase classname="merge_SMR_Central_Zone.HyperLocal_Status_Report_SMR" name="Compare_TotalConnected_Column_ZoneRegionWise_With_WorkshopWise" time="0.001"/>
  <system-out/>
  <testcase classname="merge_SMR_Central_Zone.HyperLocal_Status_Report_SMR" name="Compare_RegNoConfirmed_Column_ZoneRegionWise_With_WorkshopWise" time="0.001"/>
  <system-out/>
  <testcase classname="merge_SMR_Central_Zone.HyperLocal_Status_Report_SMR" name="Compare_RegNoNotConfirmed_Column_ZoneRegionWise_With_WorkshopWise" time="0.001"/>
  <system-out/>
  <testcase classname="merge_SMR_Central_Zone.HyperLocal_Status_Report_SMR" name="Compare_AppointmentBooked_Column_ZoneRegionWise_With_WorkshopWise" time="0.002"/>
  <system-out/>
  <testcase classname="merge_SMR_Central_Zone.HyperLocal_Status_Report_SMR" name="Compare_PercentAppointmentBooked_Column_ZoneRegionWise_With_WorkshopWise" time="0.001"/>
  <system-out/>
  <testcase classname="merge_SMR_Central_Zone.HyperLocal_Status_Report_SMR" name="Compare_TotalReported_Column_ZoneRegionWise_With_WorkshopWise" time="0.001"/>
  <system-out/>
  <testcase classname="merge_SMR_Central_Zone.HyperLocal_Status_Report_SMR" name="Compare_PercentReported_Column_ZoneRegionWise_With_WorkshopWise" time="0.002">
    <failure message="expected [14.64%] but found [14.63587921847247%]" type="java.lang.AssertionError">
      <![CDATA[java.lang.AssertionError: expected [14.64%] but found [14.63587921847247%]
at org.testng.Assert.fail(Assert.java:99)
at org.testng.Assert.failNotEquals(Assert.java:1037)
at org.testng.Assert.assertEqualsImpl(Assert.java:140)
at org.testng.Assert.assertEquals(Assert.java:122)
at org.testng.Assert.assertEquals(Assert.java:629)
at org.testng.Assert.assertEquals(Assert.java:639)
at merge_SMR_Central_Zone.HyperLocal_Status_Report_SMR.Compare_PercentReported_Column_ZoneRegionWise_With_WorkshopWise(HyperLocal_Status_Report_SMR.java:738)
at java.base/jdk.internal.reflect.DirectMethodHandleAccessor.invoke(DirectMethodHandleAccessor.java:103)
at java.base/java.lang.reflect.Method.invoke(Method.java:580)
at org.testng.internal.MethodInvocationHelper.invokeMethod(MethodInvocationHelper.java:133)
at org.testng.internal.TestInvoker.invokeMethod(TestInvoker.java:598)
at org.testng.internal.TestInvoker.invokeTestMethod(TestInvoker.java:173)
at org.testng.internal.MethodRunner.runInSequence(MethodRunner.java:46)
at org.testng.internal.TestInvoker$MethodInvocationAgent.invoke(TestInvoker.java:824)
at org.testng.internal.TestInvoker.invokeTestMethods(TestInvoker.java:146)
at org.testng.internal.TestMethodWorker.invokeTestMethods(TestMethodWorker.java:146)
at org.testng.internal.TestMethodWorker.run(TestMethodWorker.java:128)
at java.base/java.util.ArrayList.forEach(ArrayList.java:1597)
at org.testng.TestRunner.privateRun(TestRunner.java:794)
at org.testng.TestRunner.run(TestRunner.java:596)
at org.testng.SuiteRunner.runTest(SuiteRunner.java:377)
at org.testng.SuiteRunner.runSequentially(SuiteRunner.java:371)
at org.testng.SuiteRunner.privateRun(SuiteRunner.java:332)
at org.testng.SuiteRunner.run(SuiteRunner.java:276)
at org.testng.SuiteRunnerWorker.runSuite(SuiteRunnerWorker.java:53)
at org.testng.SuiteRunnerWorker.run(SuiteRunnerWorker.java:96)
at org.testng.TestNG.runSuitesSequentially(TestNG.java:1212)
at org.testng.TestNG.runSuitesLocally(TestNG.java:1134)
at org.testng.TestNG.runSuites(TestNG.java:1063)
at org.testng.TestNG.run(TestNG.java:1031)
at org.testng.remote.AbstractRemoteTestNG.run(AbstractRemoteTestNG.java:115)
at org.testng.remote.RemoteTestNG.initAndRun(RemoteTestNG.java:293)
at org.testng.remote.RemoteTestNG.main(RemoteTestNG.java:91)
]]>
    </failure>
  </testcase> <!-- Compare_PercentReported_Column_ZoneRegionWise_With_WorkshopWise -->
  <system-out/>
  <testcase classname="merge_SMR_Central_Zone.HyperLocal_Status_Report_SMR" name="Compare_ReportedAtOwn_Column_ZoneRegionWise_With_WorkshopWise" time="0.001"/>
  <system-out/>
  <testcase classname="merge_SMR_Central_Zone.HyperLocal_Status_Report_SMR" name="Compare_ReportedAtOther_Column_ZoneRegionWise_With_WorkshopWise" time="0.001"/>
  <system-out/>
  <testcase classname="merge_SMR_Central_Zone.HyperLocal_Status_Report_SMR" name="Compare_NotConnected_Column_ZoneRegionWise_With_WorkshopWise" time="0.001"/>
  <system-out/>
  <testcase classname="merge_SMR_Central_Zone.HyperLocal_Status_Report_SMR" name="Compare_NotAttempted_Column_ZoneRegionWise_With_WorkshopWise" time="0.001"/>
  <system-out/>
  <testcase classname="merge_SMR_Central_Zone.HyperLocal_Status_Report_SMR" name="Compare_LeadGenerated_Column_ZoneRegionWise_With_DayWise" time="0.001"/>
  <system-out/>
  <testcase classname="merge_SMR_Central_Zone.HyperLocal_Status_Report_SMR" name="Compare_LeadAttempted_Column_ZoneRegionWise_With_DayWise" time="0.001"/>
  <system-out/>
  <testcase classname="merge_SMR_Central_Zone.HyperLocal_Status_Report_SMR" name="Compare_FollowUp_Column_ZoneRegionWise_With_DayWise" time="0.001"/>
  <system-out/>
  <testcase classname="merge_SMR_Central_Zone.HyperLocal_Status_Report_SMR" name="Compare_TotalConnected_Column_ZoneRegionWise_With_DayWise" time="0.001"/>
  <system-out/>
  <testcase classname="merge_SMR_Central_Zone.HyperLocal_Status_Report_SMR" name="Compare_RegNoConfirmed_Column_ZoneRegionWise_With_DayWise" time="0.001"/>
  <system-out/>
  <testcase classname="merge_SMR_Central_Zone.HyperLocal_Status_Report_SMR" name="Compare_RegNoNotConfirmed_Column_ZoneRegionWise_With_DayWise" time="0.001"/>
  <system-out/>
  <testcase classname="merge_SMR_Central_Zone.HyperLocal_Status_Report_SMR" name="Compare_AppointmentBooked_Column_ZoneRegionWise_With_DayWise" time="0.001"/>
  <system-out/>
  <testcase classname="merge_SMR_Central_Zone.HyperLocal_Status_Report_SMR" name="Compare_PercentAppointmentBooked_Column_ZoneRegionWise_With_DayWise" time="0.001"/>
  <system-out/>
  <testcase classname="merge_SMR_Central_Zone.HyperLocal_Status_Report_SMR" name="Compare_TotalReported_Column_ZoneRegionWise_With_DayWise" time="0.001"/>
  <system-out/>
  <testcase classname="merge_SMR_Central_Zone.HyperLocal_Status_Report_SMR" name="Compare_PercentReported_Column_ZoneRegionWise_With_DayWise" time="0.002">
    <failure message="expected [14.64%] but found [14.63587921847247%]" type="java.lang.AssertionError">
      <![CDATA[java.lang.AssertionError: expected [14.64%] but found [14.63587921847247%]
at org.testng.Assert.fail(Assert.java:99)
at org.testng.Assert.failNotEquals(Assert.java:1037)
at org.testng.Assert.assertEqualsImpl(Assert.java:140)
at org.testng.Assert.assertEquals(Assert.java:122)
at org.testng.Assert.assertEquals(Assert.java:629)
at org.testng.Assert.assertEquals(Assert.java:639)
at merge_SMR_Central_Zone.HyperLocal_Status_Report_SMR.Compare_PercentReported_Column_ZoneRegionWise_With_DayWise(HyperLocal_Status_Report_SMR.java:838)
at java.base/jdk.internal.reflect.DirectMethodHandleAccessor.invoke(DirectMethodHandleAccessor.java:103)
at java.base/java.lang.reflect.Method.invoke(Method.java:580)
at org.testng.internal.MethodInvocationHelper.invokeMethod(MethodInvocationHelper.java:133)
at org.testng.internal.TestInvoker.invokeMethod(TestInvoker.java:598)
at org.testng.internal.TestInvoker.invokeTestMethod(TestInvoker.java:173)
at org.testng.internal.MethodRunner.runInSequence(MethodRunner.java:46)
at org.testng.internal.TestInvoker$MethodInvocationAgent.invoke(TestInvoker.java:824)
at org.testng.internal.TestInvoker.invokeTestMethods(TestInvoker.java:146)
at org.testng.internal.TestMethodWorker.invokeTestMethods(TestMethodWorker.java:146)
at org.testng.internal.TestMethodWorker.run(TestMethodWorker.java:128)
at java.base/java.util.ArrayList.forEach(ArrayList.java:1597)
at org.testng.TestRunner.privateRun(TestRunner.java:794)
at org.testng.TestRunner.run(TestRunner.java:596)
at org.testng.SuiteRunner.runTest(SuiteRunner.java:377)
at org.testng.SuiteRunner.runSequentially(SuiteRunner.java:371)
at org.testng.SuiteRunner.privateRun(SuiteRunner.java:332)
at org.testng.SuiteRunner.run(SuiteRunner.java:276)
at org.testng.SuiteRunnerWorker.runSuite(SuiteRunnerWorker.java:53)
at org.testng.SuiteRunnerWorker.run(SuiteRunnerWorker.java:96)
at org.testng.TestNG.runSuitesSequentially(TestNG.java:1212)
at org.testng.TestNG.runSuitesLocally(TestNG.java:1134)
at org.testng.TestNG.runSuites(TestNG.java:1063)
at org.testng.TestNG.run(TestNG.java:1031)
at org.testng.remote.AbstractRemoteTestNG.run(AbstractRemoteTestNG.java:115)
at org.testng.remote.RemoteTestNG.initAndRun(RemoteTestNG.java:293)
at org.testng.remote.RemoteTestNG.main(RemoteTestNG.java:91)
]]>
    </failure>
  </testcase> <!-- Compare_PercentReported_Column_ZoneRegionWise_With_DayWise -->
  <system-out/>
  <testcase classname="merge_SMR_Central_Zone.HyperLocal_Status_Report_SMR" name="Compare_ReportedAtOwn_Column_ZoneRegionWise_With_DayWise" time="0.001"/>
  <system-out/>
  <testcase classname="merge_SMR_Central_Zone.HyperLocal_Status_Report_SMR" name="Compare_ReportedAtOthers_Column_ZoneRegionWise_With_DayWise" time="0.002"/>
  <system-out/>
  <testcase classname="merge_SMR_Central_Zone.HyperLocal_Status_Report_SMR" name="Compare_NotConnected_Column_ZoneRegionWise_With_DayWise" time="0.001"/>
  <system-out/>
  <testcase classname="merge_SMR_Central_Zone.HyperLocal_Status_Report_SMR" name="Compare_NotAttempted_Column_ZoneRegionWise_With_DayWise" time="0.001"/>
  <system-out/>
  <testcase classname="merge_SMR_Central_Zone.HyperLocal_Status_Report_SMR" name="Compare_LeadGenerated_Column_DealerParentWise_With_WorkshopWise" time="0.002"/>
  <system-out/>
  <testcase classname="merge_SMR_Central_Zone.HyperLocal_Status_Report_SMR" name="Compare_LeadAttempted_Column_DealerParentWise_With_WorkshopWise" time="0.001"/>
  <system-out/>
  <testcase classname="merge_SMR_Central_Zone.HyperLocal_Status_Report_SMR" name="Compare_FollowUp_Column_DealerParentWise_With_WorkshopWise" time="0.001"/>
  <system-out/>
  <testcase classname="merge_SMR_Central_Zone.HyperLocal_Status_Report_SMR" name="Compare_TotalConnected_Column_DealerParentWise_With_WorkshopWise" time="0.002"/>
  <system-out/>
  <testcase classname="merge_SMR_Central_Zone.HyperLocal_Status_Report_SMR" name="Compare_RegNoConfirmed_Column_DealerParentWise_With_WorkshopWise" time="0.002"/>
  <system-out/>
  <testcase classname="merge_SMR_Central_Zone.HyperLocal_Status_Report_SMR" name="Compare_RegNoNotConfirmed_Column_DealerParentWise_With_WorkshopWise" time="0.001"/>
  <system-out/>
  <testcase classname="merge_SMR_Central_Zone.HyperLocal_Status_Report_SMR" name="Compare_AppointmentBooked_Column_DealerParentWise_With_WorkshopWise" time="0.001"/>
  <system-out/>
  <testcase classname="merge_SMR_Central_Zone.HyperLocal_Status_Report_SMR" name="Compare_PercentAppointmentBooked_Column_DealerParentWise_With_WorkshopWise" time="0.001"/>
  <system-out/>
  <testcase classname="merge_SMR_Central_Zone.HyperLocal_Status_Report_SMR" name="Compare_TotalReported_Column_DealerParentWise_With_WorkshopWise" time="0.001"/>
  <system-out/>
  <testcase classname="merge_SMR_Central_Zone.HyperLocal_Status_Report_SMR" name="Compare_PercentReported_Column_DealerParentWise_With_WorkshopWise" time="0.001"/>
  <system-out/>
  <testcase classname="merge_SMR_Central_Zone.HyperLocal_Status_Report_SMR" name="Compare_ReportedAtOwn_Column_DealerParentWise_With_WorkshopWise" time="0.002"/>
  <system-out/>
  <testcase classname="merge_SMR_Central_Zone.HyperLocal_Status_Report_SMR" name="Compare_ReportedAtOthers_Column_DealerParentWise_With_WorkshopWise" time="0.001"/>
  <system-out/>
  <testcase classname="merge_SMR_Central_Zone.HyperLocal_Status_Report_SMR" name="Compare_NotConnected_Column_DealerParentWise_With_WorkshopWise" time="0.001"/>
  <system-out/>
  <testcase classname="merge_SMR_Central_Zone.HyperLocal_Status_Report_SMR" name="Compare_NotAttempted_Column_DealerParentWise_With_WorkshopWise" time="0.001"/>
  <system-out/>
  <testcase classname="merge_SMR_Central_Zone.HyperLocal_Status_Report_SMR" name="Compare_LeadGenerated_Column_DealerParentWise_With_DayWise" time="0.001"/>
  <system-out/>
  <testcase classname="merge_SMR_Central_Zone.HyperLocal_Status_Report_SMR" name="Compare_LeadAttempted_Column_DealerParentWise_With_DayWise" time="0.001"/>
  <system-out/>
  <testcase classname="merge_SMR_Central_Zone.HyperLocal_Status_Report_SMR" name="Compare_FollowUp_Column_DealerParentWise_With_DayWise" time="0.001"/>
  <system-out/>
  <testcase classname="merge_SMR_Central_Zone.HyperLocal_Status_Report_SMR" name="Compare_TotalConnected_Column_DealerParentWise_With_DayWise" time="0.001"/>
  <system-out/>
  <testcase classname="merge_SMR_Central_Zone.HyperLocal_Status_Report_SMR" name="Compare_RegNoConfirmed_Column_DealerParentWise_With_DayWise" time="0.001"/>
  <system-out/>
  <testcase classname="merge_SMR_Central_Zone.HyperLocal_Status_Report_SMR" name="Compare_RegNoNotConfirmed_Column_DealerParentWise_With_DayWise" time="0.001"/>
  <system-out/>
  <testcase classname="merge_SMR_Central_Zone.HyperLocal_Status_Report_SMR" name="Compare_AppointmentBooked_Column_DealerParentWise_With_DayWise" time="0.001"/>
  <system-out/>
  <testcase classname="merge_SMR_Central_Zone.HyperLocal_Status_Report_SMR" name="Compare_PercentAppointmentBooked_Column_DealerParentWise_With_DayWise" time="0.001"/>
  <system-out/>
  <testcase classname="merge_SMR_Central_Zone.HyperLocal_Status_Report_SMR" name="Compare_TotalReported_Column_DealerParentWise_With_DayWise" time="0.001"/>
  <system-out/>
  <testcase classname="merge_SMR_Central_Zone.HyperLocal_Status_Report_SMR" name="Compare_PercentReported_Column_DealerParentWise_With_DayWise" time="0.001"/>
  <system-out/>
  <testcase classname="merge_SMR_Central_Zone.HyperLocal_Status_Report_SMR" name="Compare_ReportedAtOwn_Column_DealerParentWise_With_DayWise" time="0.001"/>
  <system-out/>
  <testcase classname="merge_SMR_Central_Zone.HyperLocal_Status_Report_SMR" name="Compare_ReportedAtOther_Column_DealerParentWise_With_DayWise" time="0.001"/>
  <system-out/>
  <testcase classname="merge_SMR_Central_Zone.HyperLocal_Status_Report_SMR" name="Compare_NotConnected_Column_DealerParentWise_With_DayWise" time="0.001"/>
  <system-out/>
  <testcase classname="merge_SMR_Central_Zone.HyperLocal_Status_Report_SMR" name="Compare_NotAttempted_Column_DealerParentWise_With_DayWise" time="0.001"/>
  <system-out/>
  <testcase classname="merge_SMR_Central_Zone.HyperLocal_Status_Report_SMR" name="Compare_LeadGenerated_Column_WorkshopWise_With_DayWise" time="0.001"/>
  <system-out/>
  <testcase classname="merge_SMR_Central_Zone.HyperLocal_Status_Report_SMR" name="Compare_LeadAttempted_Column_WorkshopWise_With_DayWise" time="0.000"/>
  <system-out/>
  <testcase classname="merge_SMR_Central_Zone.HyperLocal_Status_Report_SMR" name="Compare_FollowUp_Column_WorkshopWise_With_DayWise" time="0.001"/>
  <system-out/>
  <testcase classname="merge_SMR_Central_Zone.HyperLocal_Status_Report_SMR" name="Compare_TotalConnected_Column_WorkshopWise_With_DayWise" time="0.000"/>
  <system-out/>
  <testcase classname="merge_SMR_Central_Zone.HyperLocal_Status_Report_SMR" name="Compare_RegNoConfirmed_Column_WorkshopWise_With_DayWise" time="0.001"/>
  <system-out/>
  <testcase classname="merge_SMR_Central_Zone.HyperLocal_Status_Report_SMR" name="Compare_RegNoNotConfirmed_Column_WorkshopWise_With_DayWise" time="0.001"/>
  <system-out/>
  <testcase classname="merge_SMR_Central_Zone.HyperLocal_Status_Report_SMR" name="Compare_AppointmentBooked_Column_WorkshopWise_With_DayWise" time="0.000"/>
  <system-out/>
  <testcase classname="merge_SMR_Central_Zone.HyperLocal_Status_Report_SMR" name="Compare_PercentAppointmentBooked_Column_WorkshopWise_With_DayWise" time="0.001"/>
  <system-out/>
  <testcase classname="merge_SMR_Central_Zone.HyperLocal_Status_Report_SMR" name="Compare_TotalReported_Column_WorkshopWise_With_DayWise" time="0.001"/>
  <system-out/>
  <testcase classname="merge_SMR_Central_Zone.HyperLocal_Status_Report_SMR" name="Compare_PercentReported_Column_WorkshopWise_With_DayWise" time="0.001"/>
  <system-out/>
  <testcase classname="merge_SMR_Central_Zone.HyperLocal_Status_Report_SMR" name="Compare_ReportedAtOwn_Column_WorkshopWise_With_DayWise" time="0.001"/>
  <system-out/>
  <testcase classname="merge_SMR_Central_Zone.HyperLocal_Status_Report_SMR" name="Compare_ReportedAtOther_Column_WorkshopWise_With_DayWise" time="0.001"/>
  <system-out/>
  <testcase classname="merge_SMR_Central_Zone.HyperLocal_Status_Report_SMR" name="Compare_NotConnected_Column_WorkshopWise_With_DayWise" time="0.001"/>
  <system-out/>
  <testcase classname="merge_SMR_Central_Zone.HyperLocal_Status_Report_SMR" name="Compare_NotAttempted_Column_WorkshopWise_With_DayWise" time="4.004"/>
  <system-out/>
</testsuite> <!-- merge_SMR_Central_Zone.HyperLocal_Status_Report_SMR -->
