<?xml version="1.0" encoding="UTF-8"?>
<!-- Generated by org.testng.reporters.JUnitReportReporter -->
<testsuite hostname="DESKTOP-7SBKKJ1" failures="0" tests="8" name="mergeSMR_North_Zone.DueVsDone_Report_SMR" time="72.285" errors="0" timestamp="2024-09-26T14:13:13 IST" skipped="0">
  <testcase classname="mergeSMR_North_Zone.DueVsDone_Report_SMR" name="Click_On_Report" time="8.227"/>
  <system-out/>
  <testcase classname="mergeSMR_North_Zone.DueVsDone_Report_SMR" name="Click_On_DUE_VS_DONE_REPORT" time="8.729"/>
  <system-out/>
  <testcase classname="mergeSMR_North_Zone.DueVsDone_Report_SMR" name="Select_REGION_Parameter" time="6.282"/>
  <system-out/>
  <testcase classname="mergeSMR_North_Zone.DueVsDone_Report_SMR" name="Select_WORKSHOP_Parameter" time="6.705"/>
  <system-out/>
  <testcase classname="mergeSMR_North_Zone.DueVsDone_Report_SMR" name="Select_SERVICE_TYPE_Parameter" time="9.780"/>
  <system-out/>
  <testcase classname="mergeSMR_North_Zone.DueVsDone_Report_SMR" name="Select_VEHICLE_CHANNEL_Parameter" time="6.291"/>
  <system-out/>
  <testcase classname="mergeSMR_North_Zone.DueVsDone_Report_SMR" name="Click_On_Generate_Button" time="20.228"/>
  <system-out/>
  <testcase classname="mergeSMR_North_Zone.DueVsDone_Report_SMR" name="Data_Verification_DueVsDone" time="6.043"/>
  <system-out/>
</testsuite> <!-- mergeSMR_North_Zone.DueVsDone_Report_SMR -->
