<?xml version="1.0" encoding="UTF-8"?>
<!-- Generated by org.testng.reporters.JUnitReportReporter -->
<testsuite hostname="DESKTOP-7SBKKJ1" failures="0" tests="6" name="My_Leads_Data.Data_Check_of_Pending_Booking" time="56.668" errors="0" timestamp="2024-09-30T15:08:19 IST" skipped="0">
  <testcase classname="My_Leads_Data.Data_Check_of_Pending_Booking" name="Username" time="2.157"/>
  <system-out/>
  <testcase classname="My_Leads_Data.Data_Check_of_Pending_Booking" name="Password" time="3.234"/>
  <system-out/>
  <testcase classname="My_Leads_Data.Data_Check_of_Pending_Booking" name="Captcha" time="3.141"/>
  <system-out/>
  <testcase classname="My_Leads_Data.Data_Check_of_Pending_Booking" name="SUBMIT_Button" time="15.069"/>
  <system-out/>
  <testcase classname="My_Leads_Data.Data_Check_of_Pending_Booking" name="Click_On_MY_Leads" time="18.787"/>
  <system-out/>
  <testcase classname="My_Leads_Data.Data_Check_of_Pending_Booking" name="click_Today_Booking" time="14.280"/>
  <system-out/>
</testsuite> <!-- My_Leads_Data.Data_Check_of_Pending_Booking -->
