<?xml version="1.0" encoding="UTF-8"?>
<!-- Generated by org.testng.reporters.JUnitReportReporter -->
<testsuite hostname="DESKTOP-7SBKKJ1" failures="0" tests="6" name="My_Leads_Data.REFUSE_FOR_SERVICE_Service_Already_Done" time="139.569" errors="0" timestamp="2024-09-23T17:16:12 IST" skipped="0">
  <testcase classname="My_Leads_Data.REFUSE_FOR_SERVICE_Service_Already_Done" name="Username" time="2.385"/>
  <system-out/>
  <testcase classname="My_Leads_Data.REFUSE_FOR_SERVICE_Service_Already_Done" name="Password" time="3.360"/>
  <system-out/>
  <testcase classname="My_Leads_Data.REFUSE_FOR_SERVICE_Service_Already_Done" name="Captcha" time="3.281"/>
  <system-out/>
  <testcase classname="My_Leads_Data.REFUSE_FOR_SERVICE_Service_Already_Done" name="SUBMIT_Button" time="20.150"/>
  <system-out/>
  <testcase classname="My_Leads_Data.REFUSE_FOR_SERVICE_Service_Already_Done" name="Click_On_MY_Leads" time="19.318"/>
  <system-out/>
  <testcase classname="My_Leads_Data.REFUSE_FOR_SERVICE_Service_Already_Done" name="click_On_first_Customer" time="91.075"/>
  <system-out/>
</testsuite> <!-- My_Leads_Data.REFUSE_FOR_SERVICE_Service_Already_Done -->
