<?xml version="1.0" encoding="UTF-8"?>
<!-- Generated by org.testng.reporters.JUnitReportReporter -->
<testsuite hostname="DESKTOP-7SBKKJ1" failures="0" tests="14" name="merge_SMR_Central_Zone.AutoDialer_SMR_Report" time="257.956" errors="0" timestamp="2024-09-13T10:59:01 IST" skipped="0">
  <testcase classname="merge_SMR_Central_Zone.AutoDialer_SMR_Report" name="Click_On_Report" time="7.328"/>
  <system-out/>
  <testcase classname="merge_SMR_Central_Zone.AutoDialer_SMR_Report" name="Click_On_AutoDialer_REPORT" time="7.272"/>
  <system-out/>
  <testcase classname="merge_SMR_Central_Zone.AutoDialer_SMR_Report" name="Zone_And_Region_Wise_Tab" time="29.255"/>
  <system-out/>
  <testcase classname="merge_SMR_Central_Zone.AutoDialer_SMR_Report" name="Data_Verification_Zone_And_Region_Wise" time="0.095"/>
  <system-out/>
  <testcase classname="merge_SMR_Central_Zone.AutoDialer_SMR_Report" name="Dealer_Parent_Group_Wise_Tab" time="40.424"/>
  <system-out/>
  <testcase classname="merge_SMR_Central_Zone.AutoDialer_SMR_Report" name="Data_Verification_Dealer_Parent_Group_Wise_Tab" time="0.037"/>
  <system-out/>
  <testcase classname="merge_SMR_Central_Zone.AutoDialer_SMR_Report" name="Workshop_Wise_Tab" time="40.389"/>
  <system-out/>
  <testcase classname="merge_SMR_Central_Zone.AutoDialer_SMR_Report" name="Data_Verification_Workshop_Wise_Tab" time="0.035"/>
  <system-out/>
  <testcase classname="merge_SMR_Central_Zone.AutoDialer_SMR_Report" name="Day_Wise_Tab" time="40.304"/>
  <system-out/>
  <testcase classname="merge_SMR_Central_Zone.AutoDialer_SMR_Report" name="Data_Verification_Day_Wise_Tab" time="0.031"/>
  <system-out/>
  <testcase classname="merge_SMR_Central_Zone.AutoDialer_SMR_Report" name="SMRE_Wise_Tab" time="40.395"/>
  <system-out/>
  <testcase classname="merge_SMR_Central_Zone.AutoDialer_SMR_Report" name="Data_Verification_SMRE_Wise_Tab" time="0.035"/>
  <system-out/>
  <testcase classname="merge_SMR_Central_Zone.AutoDialer_SMR_Report" name="Dump_Wise_Tab" time="52.340"/>
  <system-out/>
  <testcase classname="merge_SMR_Central_Zone.AutoDialer_SMR_Report" name="Data_Verification_Dump_Wise_Tab" time="0.016"/>
  <system-out/>
</testsuite> <!-- merge_SMR_Central_Zone.AutoDialer_SMR_Report -->
