<?xml version="1.0" encoding="UTF-8"?>
<!-- Generated by org.testng.reporters.JUnitReportReporter -->
<testsuite hostname="DESKTOP-7SBKKJ1" failures="0" tests="4" name="mergeSMR_North_Zone.Dealer_subscription" time="19.953" errors="0" timestamp="2024-09-26T14:13:13 IST" skipped="0">
  <testcase classname="mergeSMR_North_Zone.Dealer_subscription" name="Click_On_Report" time="8.298"/>
  <system-out/>
  <testcase classname="mergeSMR_North_Zone.Dealer_subscription" name="Click_On_The_Dealer_Subscription" time="3.323"/>
  <system-out/>
  <testcase classname="mergeSMR_North_Zone.Dealer_subscription" name="Workshop_Wise" time="0.098"/>
  <system-out/>
  <testcase classname="mergeSMR_North_Zone.Dealer_subscription" name="Dealer_Parent_group_Wise" time="8.234"/>
  <system-out/>
</testsuite> <!-- mergeSMR_North_Zone.Dealer_subscription -->
