<?xml version="1.0" encoding="UTF-8"?>
<!-- Generated by org.testng.reporters.JUnitReportReporter -->
<testsuite hostname="DESKTOP-7SBKKJ1" failures="0" tests="6" name="My_Leads_Data.REFUSE_FOR_SERVICE_Dissatisfied_with_Service" time="138.639" errors="0" timestamp="2024-09-23T17:34:58 IST" skipped="0">
  <testcase classname="My_Leads_Data.REFUSE_FOR_SERVICE_Dissatisfied_with_Service" name="Username" time="2.172"/>
  <system-out/>
  <testcase classname="My_Leads_Data.REFUSE_FOR_SERVICE_Dissatisfied_with_Service" name="Password" time="3.244"/>
  <system-out/>
  <testcase classname="My_Leads_Data.REFUSE_FOR_SERVICE_Dissatisfied_with_Service" name="Captcha" time="3.125"/>
  <system-out/>
  <testcase classname="My_Leads_Data.REFUSE_FOR_SERVICE_Dissatisfied_with_Service" name="SUBMIT_Button" time="20.090"/>
  <system-out/>
  <testcase classname="My_Leads_Data.REFUSE_FOR_SERVICE_Dissatisfied_with_Service" name="Click_On_MY_Leads" time="15.079"/>
  <system-out/>
  <testcase classname="My_Leads_Data.REFUSE_FOR_SERVICE_Dissatisfied_with_Service" name="click_On_first_Customer" time="94.929"/>
  <system-out/>
</testsuite> <!-- My_Leads_Data.REFUSE_FOR_SERVICE_Dissatisfied_with_Service -->
