<?xml version="1.0" encoding="UTF-8"?>
<!-- Generated by org.testng.reporters.JUnitReportReporter -->
<testsuite hostname="DESKTOP-7SBKKJ1" failures="0" tests="2" name="My_Leads_Data.Facebook" time="5.824" errors="0" timestamp="2024-09-16T11:56:53 IST" skipped="0">
  <testcase classname="My_Leads_Data.Facebook" name="Username" time="2.397"/>
  <system-out/>
  <testcase classname="My_Leads_Data.Facebook" name="Password" time="3.427"/>
  <system-out/>
</testsuite> <!-- My_Leads_Data.Facebook -->
