<?xml version="1.0" encoding="UTF-8"?>
<!-- Generated by org.testng.reporters.JUnitReportReporter -->
<testsuite hostname="DESKTOP-7SBKKJ1" failures="0" tests="1" name="merge_SMR_Central_Zone.Redifmail" time="2.057" errors="0" timestamp="2024-09-05T16:57:59 IST" skipped="0">
  <testcase classname="merge_SMR_Central_Zone.Redifmail" name="Username" time="2.057"/>
  <system-out/>
</testsuite> <!-- merge_SMR_Central_Zone.Redifmail -->
