<?xml version="1.0" encoding="UTF-8"?>
<!-- Generated by org.testng.reporters.JUnitReportReporter -->
<testsuite hostname="DESKTOP-7SBKKJ1" failures="0" tests="6" name="My_Leads_Data.Call_Me_Later" time="102.031" errors="0" timestamp="2024-09-18T11:17:03 IST" skipped="0">
  <testcase classname="My_Leads_Data.Call_Me_Later" name="Username" time="2.279"/>
  <system-out/>
  <testcase classname="My_Leads_Data.Call_Me_Later" name="Password" time="3.351"/>
  <system-out/>
  <testcase classname="My_Leads_Data.Call_Me_Later" name="Captcha" time="3.237"/>
  <system-out/>
  <testcase classname="My_Leads_Data.Call_Me_Later" name="SUBMIT_Button" time="15.149"/>
  <system-out/>
  <testcase classname="My_Leads_Data.Call_Me_Later" name="Click_On_MY_Leads" time="15.146"/>
  <system-out/>
  <testcase classname="My_Leads_Data.Call_Me_Later" name="click_On_first_Customer" time="62.869"/>
  <system-out/>
</testsuite> <!-- My_Leads_Data.Call_Me_Later -->
