<?xml version="1.0" encoding="UTF-8"?>
<!-- Generated by org.testng.reporters.JUnitReportReporter -->
<testsuite hostname="DESKTOP-7SBKKJ1" failures="0" tests="6" name="My_Leads_Data.Low_Mileage" time="111.340" errors="0" timestamp="2024-09-19T09:56:26 IST" skipped="0">
  <testcase classname="My_Leads_Data.Low_Mileage" name="Username" time="2.245"/>
  <system-out/>
  <testcase classname="My_Leads_Data.Low_Mileage" name="Password" time="3.440"/>
  <system-out/>
  <testcase classname="My_Leads_Data.Low_Mileage" name="Captcha" time="3.185"/>
  <system-out/>
  <testcase classname="My_Leads_Data.Low_Mileage" name="SUBMIT_Button" time="20.148"/>
  <system-out/>
  <testcase classname="My_Leads_Data.Low_Mileage" name="Click_On_MY_Leads" time="15.172"/>
  <system-out/>
  <testcase classname="My_Leads_Data.Low_Mileage" name="click_On_first_Customer" time="67.150"/>
  <system-out/>
</testsuite> <!-- My_Leads_Data.Low_Mileage -->
