<?xml version="1.0" encoding="UTF-8"?>
<!-- Generated by org.testng.reporters.JUnitReportReporter -->
<testsuite hostname="DESKTOP-7SBKKJ1" failures="0" tests="4" name="merge_SMR_Central_Zone.LOGIN" time="19.454" errors="0" timestamp="2024-09-04T16:49:26 IST" skipped="0">
  <testcase classname="merge_SMR_Central_Zone.LOGIN" name="Username" time="2.528"/>
  <system-out/>
  <testcase classname="merge_SMR_Central_Zone.LOGIN" name="Password" time="3.456"/>
  <system-out/>
  <testcase classname="merge_SMR_Central_Zone.LOGIN" name="Captcha" time="3.246"/>
  <system-out/>
  <testcase classname="merge_SMR_Central_Zone.LOGIN" name="SUBMIT_Button" time="10.224"/>
  <system-out/>
</testsuite> <!-- merge_SMR_Central_Zone.LOGIN -->
