<?xml version="1.0" encoding="UTF-8"?>
<!-- Generated by org.testng.reporters.JUnitReportReporter -->
<testsuite hostname="DESKTOP-7SBKKJ1" failures="0" tests="18" name="mergeSMR.Service_Due_Analysis_Report" time="163.727" errors="0" timestamp="2024-09-04T16:58:26 IST" skipped="0">
  <testcase classname="mergeSMR.Service_Due_Analysis_Report" name="Click_On_Report" time="3.157"/>
  <system-out/>
  <testcase classname="mergeSMR.Service_Due_Analysis_Report" name="Click_On_Service_Due_Analysis_REPORT" time="7.238"/>
  <system-out/>
  <testcase classname="mergeSMR.Service_Due_Analysis_Report" name="Select_Parameter_VehicleChannel_SMRE_PERFORMANCE_REPORT" time="6.393"/>
  <system-out/>
  <testcase classname="mergeSMR.Service_Due_Analysis_Report" name="Select_Parameter_DelaerChannel_SMRE_PERFORMANCE_REPORT" time="6.265"/>
  <system-out/>
  <testcase classname="mergeSMR.Service_Due_Analysis_Report" name="Select_Parameter_ZONE_SMRE_PERFORMANCE_REPORT" time="6.283"/>
  <system-out/>
  <testcase classname="mergeSMR.Service_Due_Analysis_Report" name="Select_Parameter_REGION_SMRE_PERFORMANCE_REPORT" time="6.368"/>
  <system-out/>
  <testcase classname="mergeSMR.Service_Due_Analysis_Report" name="Select_Parameter_DEALER_NAME_SMRE_PERFORMANCE_REPORT" time="6.604"/>
  <system-out/>
  <testcase classname="mergeSMR.Service_Due_Analysis_Report" name="Select_Parameter_WORKSHOP_NAME_SMRE_PERFORMANCE_REPORT" time="6.542"/>
  <system-out/>
  <testcase classname="mergeSMR.Service_Due_Analysis_Report" name="Select_Parameter_REPORT_TYPE_SMRE_PERFORMANCE_REPORT" time="6.378"/>
  <system-out/>
  <testcase classname="mergeSMR.Service_Due_Analysis_Report" name="Select_Parameter_SERVICE_TYPE_SMRE_PERFORMANCE_REPORT" time="6.358"/>
  <system-out/>
  <testcase classname="mergeSMR.Service_Due_Analysis_Report" name="Select_Date_Range_ServiceDueAnalysis_REPORT" time="28.607"/>
  <system-out/>
  <testcase classname="mergeSMR.Service_Due_Analysis_Report" name="Data_Verification_ZoneAndRegionWise" time="0.023"/>
  <system-out/>
  <testcase classname="mergeSMR.Service_Due_Analysis_Report" name="ClickOn_Edit_And_Select_ReportType_WorkshopWise" time="8.942"/>
  <system-out/>
  <testcase classname="mergeSMR.Service_Due_Analysis_Report" name="Generate_WorkshopWise_Report" time="25.189"/>
  <system-out/>
  <testcase classname="mergeSMR.Service_Due_Analysis_Report" name="Data_Verification_WorkshopWise" time="0.033"/>
  <system-out/>
  <testcase classname="mergeSMR.Service_Due_Analysis_Report" name="ClickOn_Edit_And_Select_ReportType_SMREWise" time="9.062"/>
  <system-out/>
  <testcase classname="mergeSMR.Service_Due_Analysis_Report" name="Generate_SMREWise_Report" time="25.236"/>
  <system-out/>
  <testcase classname="mergeSMR.Service_Due_Analysis_Report" name="Data_Verification_SMREWise" time="5.049"/>
  <system-out/>
</testsuite> <!-- mergeSMR.Service_Due_Analysis_Report -->
