<?xml version="1.0" encoding="UTF-8"?>
<!-- Generated by org.testng.reporters.JUnitReportReporter -->
<testsuite hostname="DESKTOP-7SBKKJ1" failures="0" tests="157" name="mergeSMR.Last_Attempt_Report_SMR" time="263.875" errors="0" timestamp="2024-09-04T16:58:26 IST" skipped="0">
  <testcase classname="mergeSMR.Last_Attempt_Report_SMR" name="Click_On_Report" time="3.140"/>
  <system-out/>
  <testcase classname="mergeSMR.Last_Attempt_Report_SMR" name="Click_On_The_LAST_ATTEMPT_REPORT" time="3.175"/>
  <system-out/>
  <testcase classname="mergeSMR.Last_Attempt_Report_SMR" name="Zone_And_Region_Wise_Tab" time="39.540"/>
  <system-out/>
  <testcase classname="mergeSMR.Last_Attempt_Report_SMR" name="Dealer_Parent_Group_Wise_Tab" time="53.809"/>
  <system-out/>
  <testcase classname="mergeSMR.Last_Attempt_Report_SMR" name="WorkShop_Wise_Tab" time="55.374"/>
  <system-out/>
  <testcase classname="mergeSMR.Last_Attempt_Report_SMR" name="Day_Wise_Tab" time="48.786"/>
  <system-out/>
  <testcase classname="mergeSMR.Last_Attempt_Report_SMR" name="Service_Type_Wise_Tab" time="48.830"/>
  <system-out/>
  <testcase classname="mergeSMR.Last_Attempt_Report_SMR" name="Compare_TotalDispositions_Column_ZoneRegionWise_With_DealerParentWise" time="0.000"/>
  <system-out/>
  <testcase classname="mergeSMR.Last_Attempt_Report_SMR" name="Compare_AppointmentScheduled_Column_ZoneRegionWise_With_DealerParentWise" time="0.000"/>
  <system-out/>
  <testcase classname="mergeSMR.Last_Attempt_Report_SMR" name="Compare_Appointment_ReScheduled_Column_ZoneRegionWise_With_DealerParentWise" time="0.000"/>
  <system-out/>
  <testcase classname="mergeSMR.Last_Attempt_Report_SMR" name="Compare_AppointmentConfirmed_Column_ZoneRegionWise_With_DealerParentWise" time="0.000"/>
  <system-out/>
  <testcase classname="mergeSMR.Last_Attempt_Report_SMR" name="Compare_AppointmentCancelled_Column_ZoneRegionWise_With_DealerParentWise" time="0.000"/>
  <system-out/>
  <testcase classname="mergeSMR.Last_Attempt_Report_SMR" name="Compare_CallMeLater_Column_ZoneRegionWise_With_DealerParentWise" time="1.020"/>
  <system-out/>
  <testcase classname="mergeSMR.Last_Attempt_Report_SMR" name="Compare_VehicleSoldToNew_Column_ZoneRegionWise_With_DealerParentWise" time="0.000"/>
  <system-out/>
  <testcase classname="mergeSMR.Last_Attempt_Report_SMR" name="Compare_RefuseForService_Column_ZoneRegionWise_With_DealerParentWise" time="0.000"/>
  <system-out/>
  <testcase classname="mergeSMR.Last_Attempt_Report_SMR" name="Compare_LowMileage_Column_ZoneRegionWise_With_DealerParentWise" time="0.000"/>
  <system-out/>
  <testcase classname="mergeSMR.Last_Attempt_Report_SMR" name="Compare_WrongNumber_Column_ZoneRegionWise_With_DealerParentWise" time="0.000"/>
  <system-out/>
  <testcase classname="mergeSMR.Last_Attempt_Report_SMR" name="Compare_CallNotConnected_Column_ZoneRegionWise_With_DealerParentWise" time="0.000"/>
  <system-out/>
  <testcase classname="mergeSMR.Last_Attempt_Report_SMR" name="Compare_Appointment_Column_ZoneRegionWise_With_DealerParentWise" time="0.001"/>
  <system-out/>
  <testcase classname="mergeSMR.Last_Attempt_Report_SMR" name="Compare_InterestedViaOffers_Column_ZoneRegionWise_With_DealerParentWise" time="0.000"/>
  <system-out/>
  <testcase classname="mergeSMR.Last_Attempt_Report_SMR" name="Compare_InterestedWorkshopToCheck_Column_ZoneRegionWise_With_DealerParentWise" time="0.000"/>
  <system-out/>
  <testcase classname="mergeSMR.Last_Attempt_Report_SMR" name="Compare_AdhocAppointment_Column_ZoneRegionWise_With_DealerParentWise" time="0.000"/>
  <system-out/>
  <testcase classname="mergeSMR.Last_Attempt_Report_SMR" name="Compare_TotalDispositions_Column_ZoneRegionWise_With_WorkshopWise" time="0.000"/>
  <system-out/>
  <testcase classname="mergeSMR.Last_Attempt_Report_SMR" name="Compare_AppointmentScheduled_Column_ZoneRegionWise_With_WorkshopWise" time="0.000"/>
  <system-out/>
  <testcase classname="mergeSMR.Last_Attempt_Report_SMR" name="Compare_Appointment_ReScheduled_Column_ZoneRegionWise_With_WorkshopWise" time="0.010"/>
  <system-out/>
  <testcase classname="mergeSMR.Last_Attempt_Report_SMR" name="Compare_AppointmentConfirmed_Column_ZoneRegionWise_With_WorkshopWise" time="1.002"/>
  <system-out/>
  <testcase classname="mergeSMR.Last_Attempt_Report_SMR" name="Compare_AppointmentCancelled_Column_ZoneRegionWise_With_WorkshopWise" time="0.000"/>
  <system-out/>
  <testcase classname="mergeSMR.Last_Attempt_Report_SMR" name="Compare_CallMeLater_Column_ZoneRegionWise_With_WorkshopWise" time="0.000"/>
  <system-out/>
  <testcase classname="mergeSMR.Last_Attempt_Report_SMR" name="Compare_VehicleSOLDToNew_Column_ZoneRegionWise_With_WorkshopWise" time="0.000"/>
  <system-out/>
  <testcase classname="mergeSMR.Last_Attempt_Report_SMR" name="Compare_RefuseForService_Column_ZoneRegionWise_With_WorkshopWise" time="0.000"/>
  <system-out/>
  <testcase classname="mergeSMR.Last_Attempt_Report_SMR" name="Compare_LowMileage_Column_ZoneRegionWise_With_WorkshopWise" time="0.013"/>
  <system-out/>
  <testcase classname="mergeSMR.Last_Attempt_Report_SMR" name="Compare_WrongNumber_Column_ZoneRegionWise_With_WorkshopWise" time="0.000"/>
  <system-out/>
  <testcase classname="mergeSMR.Last_Attempt_Report_SMR" name="Compare_CallNotConnected_Column_ZoneRegionWise_With_WorkshopWise" time="0.000"/>
  <system-out/>
  <testcase classname="mergeSMR.Last_Attempt_Report_SMR" name="Compare_Appointment_Column_ZoneRegionWise_With_WorkshopWise" time="0.000"/>
  <system-out/>
  <testcase classname="mergeSMR.Last_Attempt_Report_SMR" name="Compare_InterestedViaOffers_Column_ZoneRegionWise_With_WorkshopWise" time="0.000"/>
  <system-out/>
  <testcase classname="mergeSMR.Last_Attempt_Report_SMR" name="Compare_InterestedWorkshopToCheck_Column_ZoneRegionWise_With_WorkshopWise" time="0.011"/>
  <system-out/>
  <testcase classname="mergeSMR.Last_Attempt_Report_SMR" name="Compare_AdhocAppointment_Column_ZoneRegionWise_With_WorkshopWise" time="0.000"/>
  <system-out/>
  <testcase classname="mergeSMR.Last_Attempt_Report_SMR" name="Compare_TotalDispositions_Column_ZoneRegionWise_With_DayWise" time="0.000"/>
  <system-out/>
  <testcase classname="mergeSMR.Last_Attempt_Report_SMR" name="Compare_AppointmentScheduled_Column_ZoneRegionWise_With_DayWise" time="0.000"/>
  <system-out/>
  <testcase classname="mergeSMR.Last_Attempt_Report_SMR" name="Compare_Appointment_ReScheduled_Column_ZoneRegionWise_With_DayWise" time="0.000"/>
  <system-out/>
  <testcase classname="mergeSMR.Last_Attempt_Report_SMR" name="Compare_AppointmentConfirmed_Column_ZoneRegionWise_With_DayWise" time="0.000"/>
  <system-out/>
  <testcase classname="mergeSMR.Last_Attempt_Report_SMR" name="Compare_AppointmentCancelled_Column_ZoneRegionWise_With_DayWise" time="0.002"/>
  <system-out/>
  <testcase classname="mergeSMR.Last_Attempt_Report_SMR" name="Compare_CallMeLater_Column_ZoneRegionWise_With_DayWise" time="0.000"/>
  <system-out/>
  <testcase classname="mergeSMR.Last_Attempt_Report_SMR" name="Compare_VehicleSOLDToNew_Column_ZoneRegionWise_With_DayWise" time="0.000"/>
  <system-out/>
  <testcase classname="mergeSMR.Last_Attempt_Report_SMR" name="Compare_RefuseForService_Column_ZoneRegionWise_With_DayWise" time="0.000"/>
  <system-out/>
  <testcase classname="mergeSMR.Last_Attempt_Report_SMR" name="Compare_LowMileage_Column_ZoneRegionWise_With_DayWise" time="0.000"/>
  <system-out/>
  <testcase classname="mergeSMR.Last_Attempt_Report_SMR" name="Compare_WrongNumber_Column_ZoneRegionWise_With_DayWise" time="0.000"/>
  <system-out/>
  <testcase classname="mergeSMR.Last_Attempt_Report_SMR" name="Compare_CallNotConnected_Column_ZoneRegionWise_With_DayWise" time="0.000"/>
  <system-out/>
  <testcase classname="mergeSMR.Last_Attempt_Report_SMR" name="Compare_Appointment_Column_ZoneRegionWise_With_DayWise" time="0.001"/>
  <system-out/>
  <testcase classname="mergeSMR.Last_Attempt_Report_SMR" name="Compare_InterestedViaOffers_Column_ZoneRegionWise_With_DayWise" time="0.003"/>
  <system-out/>
  <testcase classname="mergeSMR.Last_Attempt_Report_SMR" name="Compare_InterestedWorkshopToCheck_Column_ZoneRegionWise_With_DayWise" time="0.000"/>
  <system-out/>
  <testcase classname="mergeSMR.Last_Attempt_Report_SMR" name="Compare_AdhocAppointment_Column_ZoneRegionWise_With_DayWise" time="0.000"/>
  <system-out/>
  <testcase classname="mergeSMR.Last_Attempt_Report_SMR" name="Compare_TotalDispositions_Column_ZoneRegionWise_With_ServiceTypeWise" time="0.000"/>
  <system-out/>
  <testcase classname="mergeSMR.Last_Attempt_Report_SMR" name="Compare_AppointmentScheduled_Column_ZoneRegionWise_With_ServiceTypeWise" time="0.000"/>
  <system-out/>
  <testcase classname="mergeSMR.Last_Attempt_Report_SMR" name="Compare_Appointment_ReScheduled_Column_ZoneRegionWise_With_ServiceTypeWise" time="0.001"/>
  <system-out/>
  <testcase classname="mergeSMR.Last_Attempt_Report_SMR" name="Compare_AppointmentConfirmed_Column_ZoneRegionWise_With_ServiceTypeWise" time="0.000"/>
  <system-out/>
  <testcase classname="mergeSMR.Last_Attempt_Report_SMR" name="Compare_AppointmentCancelled_Column_ZoneRegionWise_With_ServiceTypeWise" time="0.004"/>
  <system-out/>
  <testcase classname="mergeSMR.Last_Attempt_Report_SMR" name="Compare_CallMeLater_Column_ZoneRegionWise_With_ServiceTypeWise" time="0.000"/>
  <system-out/>
  <testcase classname="mergeSMR.Last_Attempt_Report_SMR" name="Compare_VehicleSOLDToNew_Column_ZoneRegionWise_With_ServiceTypeWise" time="1.009"/>
  <system-out/>
  <testcase classname="mergeSMR.Last_Attempt_Report_SMR" name="Compare_RefuseForService_Column_ZoneRegionWise_With_ServiceTypeWise" time="0.000"/>
  <system-out/>
  <testcase classname="mergeSMR.Last_Attempt_Report_SMR" name="Compare_LowMileage_Column_ZoneRegionWise_With_ServiceTypeWise" time="0.000"/>
  <system-out/>
  <testcase classname="mergeSMR.Last_Attempt_Report_SMR" name="Compare_WrongNumber_Column_ZoneRegionWise_With_ServiceTypeWise" time="0.000"/>
  <system-out/>
  <testcase classname="mergeSMR.Last_Attempt_Report_SMR" name="Compare_CallNotConnected_Column_ZoneRegionWise_With_ServiceTypeWise" time="0.000"/>
  <system-out/>
  <testcase classname="mergeSMR.Last_Attempt_Report_SMR" name="Compare_Appointment_Column_ZoneRegionWise_With_ServiceTypeWise" time="0.016"/>
  <system-out/>
  <testcase classname="mergeSMR.Last_Attempt_Report_SMR" name="Compare_InterestedViaOffers_Column_ZoneRegionWise_With_ServiceTypeWise" time="0.000"/>
  <system-out/>
  <testcase classname="mergeSMR.Last_Attempt_Report_SMR" name="Compare_InterestedWorkshopToCheck_Column_ZoneRegionWise_With_ServiceTypeWise" time="0.000"/>
  <system-out/>
  <testcase classname="mergeSMR.Last_Attempt_Report_SMR" name="Compare_AdhocAppointment_Column_ZoneRegionWise_With_ServiceTypeWise" time="0.000"/>
  <system-out/>
  <testcase classname="mergeSMR.Last_Attempt_Report_SMR" name="Compare_TotalDispositions_Column_DealerParentWise_With_WorkshopWise" time="0.000"/>
  <system-out/>
  <testcase classname="mergeSMR.Last_Attempt_Report_SMR" name="Compare_AppointmentScheduled_Column_DealerParentWise_With_WorkshopWise" time="0.000"/>
  <system-out/>
  <testcase classname="mergeSMR.Last_Attempt_Report_SMR" name="Compare_Appointment_ReScheduled_Column_DealerParentWise_With_WorkshopWise" time="0.000"/>
  <system-out/>
  <testcase classname="mergeSMR.Last_Attempt_Report_SMR" name="Compare_AppointmentConfirmed_Column_DealerParentWise_With_WorkshopWise" time="0.000"/>
  <system-out/>
  <testcase classname="mergeSMR.Last_Attempt_Report_SMR" name="Compare_AppointmentCancelled_Column_DealerParentWise_With_WorkshopWise" time="0.000"/>
  <system-out/>
  <testcase classname="mergeSMR.Last_Attempt_Report_SMR" name="Compare_CallMelater_Column_DealerParentWise_With_WorkshopWise" time="0.000"/>
  <system-out/>
  <testcase classname="mergeSMR.Last_Attempt_Report_SMR" name="Compare_VehicleSOLDToNew_Column_DealerParentWise_With_WorkshopWise" time="0.000"/>
  <system-out/>
  <testcase classname="mergeSMR.Last_Attempt_Report_SMR" name="Compare_RefuseForService_Column_DealerParentWise_With_WorkshopWise" time="0.000"/>
  <system-out/>
  <testcase classname="mergeSMR.Last_Attempt_Report_SMR" name="Compare_LowMileage_Column_DealerParentWise_With_WorkshopWise" time="0.000"/>
  <system-out/>
  <testcase classname="mergeSMR.Last_Attempt_Report_SMR" name="Compare_WrongNumber_Column_DealerParentWise_With_WorkshopWise" time="0.000"/>
  <system-out/>
  <testcase classname="mergeSMR.Last_Attempt_Report_SMR" name="Compare_CallNotConnected_Column_DealerParentWise_With_WorkshopWise" time="0.000"/>
  <system-out/>
  <testcase classname="mergeSMR.Last_Attempt_Report_SMR" name="Compare_Appointment_Column_DealerParentWise_With_WorkshopWise" time="0.000"/>
  <system-out/>
  <testcase classname="mergeSMR.Last_Attempt_Report_SMR" name="Compare_InterestedViaOffers_Column_DealerParentWise_With_WorkshopWise" time="0.000"/>
  <system-out/>
  <testcase classname="mergeSMR.Last_Attempt_Report_SMR" name="Compare_InterestedWorkshopToCheck_Column_DealerParentWise_With_WorkshopWise" time="0.000"/>
  <system-out/>
  <testcase classname="mergeSMR.Last_Attempt_Report_SMR" name="Compare_AdhocAppointment_Column_DealerParentWise_With_WorkshopWise" time="0.016"/>
  <system-out/>
  <testcase classname="mergeSMR.Last_Attempt_Report_SMR" name="Compare_TotalDispositions_Column_DealerParentWise_With_DayWise" time="0.000"/>
  <system-out/>
  <testcase classname="mergeSMR.Last_Attempt_Report_SMR" name="Compare_AppointmentScheduled_Column_DealerParentWise_With_DayWise" time="0.000"/>
  <system-out/>
  <testcase classname="mergeSMR.Last_Attempt_Report_SMR" name="Compare_AppointmentReScheduled_Column_DealerParentWise_With_DayWise" time="0.011"/>
  <system-out/>
  <testcase classname="mergeSMR.Last_Attempt_Report_SMR" name="Compare_AppointmentConfirmed_Column_DealerParentWise_With_DayWise" time="1.020"/>
  <system-out/>
  <testcase classname="mergeSMR.Last_Attempt_Report_SMR" name="Compare_AppointmentCancelled_Column_DealerParentWise_With_DayWise" time="0.000"/>
  <system-out/>
  <testcase classname="mergeSMR.Last_Attempt_Report_SMR" name="Compare_CallMeLater_Column_DealerParentWise_With_DayWise" time="0.000"/>
  <system-out/>
  <testcase classname="mergeSMR.Last_Attempt_Report_SMR" name="Compare_VehicleSOLDToNew_Column_DealerParentWise_With_DayWise" time="0.000"/>
  <system-out/>
  <testcase classname="mergeSMR.Last_Attempt_Report_SMR" name="Compare_RefuseForService_Column_DealerParentWise_With_DayWise" time="0.000"/>
  <system-out/>
  <testcase classname="mergeSMR.Last_Attempt_Report_SMR" name="Compare_LowMileage_Column_DealerParentWise_With_DayWise" time="0.000"/>
  <system-out/>
  <testcase classname="mergeSMR.Last_Attempt_Report_SMR" name="Compare_WrongNumber_Column_DealerParentWise_With_DayWise" time="0.000"/>
  <system-out/>
  <testcase classname="mergeSMR.Last_Attempt_Report_SMR" name="Compare_CallNotConnected_Column_DealerParentWise_With_DayWise" time="0.000"/>
  <system-out/>
  <testcase classname="mergeSMR.Last_Attempt_Report_SMR" name="Compare_Appointment_Column_DealerParentWise_With_DayWise" time="0.000"/>
  <system-out/>
  <testcase classname="mergeSMR.Last_Attempt_Report_SMR" name="Compare_InterestedViaOffers_Column_DealerParentWise_With_DayWise" time="0.000"/>
  <system-out/>
  <testcase classname="mergeSMR.Last_Attempt_Report_SMR" name="Compare_InterestedWorkshopToCheck_Column_DealerParentWise_With_DayWise" time="0.000"/>
  <system-out/>
  <testcase classname="mergeSMR.Last_Attempt_Report_SMR" name="Compare_AdhocAppointment_Column_DealerParentWise_With_DayWise" time="0.000"/>
  <system-out/>
  <testcase classname="mergeSMR.Last_Attempt_Report_SMR" name="Compare_TotalDispositions_Column_DealerParentWise_With_ServiceTypeWise" time="0.000"/>
  <system-out/>
  <testcase classname="mergeSMR.Last_Attempt_Report_SMR" name="Compare_AppointmentScheduled_Column_DealerParentWise_With_ServiceTypeWise" time="0.000"/>
  <system-out/>
  <testcase classname="mergeSMR.Last_Attempt_Report_SMR" name="Compare_Appointment_ReScheduled_Column_DealerParentWise_With_ServiceTypeWise" time="0.000"/>
  <system-out/>
  <testcase classname="mergeSMR.Last_Attempt_Report_SMR" name="Compare_AppointmentConfirmed_Column_DealerParentWise_With_ServiceTypeWise" time="0.000"/>
  <system-out/>
  <testcase classname="mergeSMR.Last_Attempt_Report_SMR" name="Compare_AppointmentCancelled_Column_DealerParentWise_With_ServiceTypeWise" time="0.000"/>
  <system-out/>
  <testcase classname="mergeSMR.Last_Attempt_Report_SMR" name="Compare_CallMeLater_Column_DealerParentWise_With_ServiceTypeWise" time="0.000"/>
  <system-out/>
  <testcase classname="mergeSMR.Last_Attempt_Report_SMR" name="Compare_VehicleSOLDToNew_Column_DealerParentWise_With_ServiceTypeWise" time="0.000"/>
  <system-out/>
  <testcase classname="mergeSMR.Last_Attempt_Report_SMR" name="Compare_RefuseForService_Column_DealerParentWise_With_ServiceTypeWise" time="0.000"/>
  <system-out/>
  <testcase classname="mergeSMR.Last_Attempt_Report_SMR" name="Compare_LowMileage_Column_DealerParentWise_With_ServiceTypeWise" time="0.000"/>
  <system-out/>
  <testcase classname="mergeSMR.Last_Attempt_Report_SMR" name="Compare_WrongNumber_Column_DealerParentWise_With_ServiceTypeWise" time="0.000"/>
  <system-out/>
  <testcase classname="mergeSMR.Last_Attempt_Report_SMR" name="Compare_CallNotConnected_Column_DealerParentWise_With_ServiceTypeWise" time="0.000"/>
  <system-out/>
  <testcase classname="mergeSMR.Last_Attempt_Report_SMR" name="Compare_Appointment_Column_DealerParentWise_With_ServiceTypeWise" time="1.020"/>
  <system-out/>
  <testcase classname="mergeSMR.Last_Attempt_Report_SMR" name="Compare_InterestedViaOffers_Column_DealerParentWise_With_ServiceTypeWise" time="0.000"/>
  <system-out/>
  <testcase classname="mergeSMR.Last_Attempt_Report_SMR" name="Compare_InterestedWorkshopToCheck_Column_DealerParentWise_With_ServiceTypeWise" time="0.000"/>
  <system-out/>
  <testcase classname="mergeSMR.Last_Attempt_Report_SMR" name="Compare_AdhocAppointment_Column_DealerParentWise_With_ServiceTypeWise" time="0.000"/>
  <system-out/>
  <testcase classname="mergeSMR.Last_Attempt_Report_SMR" name="Compare_TotalDispositions_Column_WorkshopWise_With_DayWise" time="0.000"/>
  <system-out/>
  <testcase classname="mergeSMR.Last_Attempt_Report_SMR" name="Compare_AppointmentScheduled_Column_WorkshopWise_With_DayWise" time="0.000"/>
  <system-out/>
  <testcase classname="mergeSMR.Last_Attempt_Report_SMR" name="Compare_Appointment_ReScheduled_Column_WorkshopWise_With_DayWise" time="0.000"/>
  <system-out/>
  <testcase classname="mergeSMR.Last_Attempt_Report_SMR" name="Compare_AppointmentConfirmed_Column_WorkshopWise_With_DayWise" time="0.000"/>
  <system-out/>
  <testcase classname="mergeSMR.Last_Attempt_Report_SMR" name="Compare_AppointmentCancelled_Column_WorkshopWise_With_DayWise" time="0.000"/>
  <system-out/>
  <testcase classname="mergeSMR.Last_Attempt_Report_SMR" name="Compare_CallMeLater_Column_WorkshopWise_With_DayWise" time="0.000"/>
  <system-out/>
  <testcase classname="mergeSMR.Last_Attempt_Report_SMR" name="Compare_VehicleSOLDToNew_Column_WorkshopWise_With_DayWise" time="0.000"/>
  <system-out/>
  <testcase classname="mergeSMR.Last_Attempt_Report_SMR" name="Compare_RefuseForService_Column_WorkshopWise_With_DayWise" time="0.000"/>
  <system-out/>
  <testcase classname="mergeSMR.Last_Attempt_Report_SMR" name="Compare_LowMileage_Column_WorkshopWise_With_DayWise" time="0.000"/>
  <system-out/>
  <testcase classname="mergeSMR.Last_Attempt_Report_SMR" name="Compare_WrongNumber_Column_WorkshopWise_With_DayWise" time="0.000"/>
  <system-out/>
  <testcase classname="mergeSMR.Last_Attempt_Report_SMR" name="Compare_CallNotConnected_Column_WorkshopWise_With_DayWise" time="0.000"/>
  <system-out/>
  <testcase classname="mergeSMR.Last_Attempt_Report_SMR" name="Compare_Appointment_Column_WorkshopWise_With_DayWise" time="0.000"/>
  <system-out/>
  <testcase classname="mergeSMR.Last_Attempt_Report_SMR" name="Compare_InterestedViaOffers_Column_WorkshopWise_With_DayWise" time="0.000"/>
  <system-out/>
  <testcase classname="mergeSMR.Last_Attempt_Report_SMR" name="Compare_InterestedWorkshopToCheck_Column_WorkshopWise_With_DayWise" time="0.000"/>
  <system-out/>
  <testcase classname="mergeSMR.Last_Attempt_Report_SMR" name="Compare_AdhocAppointment_Column_WorkshopWise_With_DayWise" time="0.000"/>
  <system-out/>
  <testcase classname="mergeSMR.Last_Attempt_Report_SMR" name="Compare_TotalDispositions_Column_WorkshopWise_With_ServiceTypeWise" time="0.000"/>
  <system-out/>
  <testcase classname="mergeSMR.Last_Attempt_Report_SMR" name="Compare_AppointmentScheduled_Column_WorkshopWise_With_ServiceTypeWise" time="0.000"/>
  <system-out/>
  <testcase classname="mergeSMR.Last_Attempt_Report_SMR" name="Compare_Appointment_ReScheduled_Column_WorkshopWise_With_ServiceTypeWise" time="0.000"/>
  <system-out/>
  <testcase classname="mergeSMR.Last_Attempt_Report_SMR" name="Compare_AppointmentConfirmed_Column_WorkshopWise_With_ServiceTypeWise" time="0.000"/>
  <system-out/>
  <testcase classname="mergeSMR.Last_Attempt_Report_SMR" name="Compare_AppointmentCancelled_Column_WorkshopWise_With_ServiceTypeWise" time="0.000"/>
  <system-out/>
  <testcase classname="mergeSMR.Last_Attempt_Report_SMR" name="Compare_CallMeLater_Column_WorkshopWise_With_ServiceTypeWise" time="0.006"/>
  <system-out/>
  <testcase classname="mergeSMR.Last_Attempt_Report_SMR" name="Compare_VehicleSOLDToNew_Column_WorkshopWise_With_ServiceTypeWise" time="0.000"/>
  <system-out/>
  <testcase classname="mergeSMR.Last_Attempt_Report_SMR" name="Compare_RefuseForService_Column_WorkshopWise_With_ServiceTypeWise" time="0.000"/>
  <system-out/>
  <testcase classname="mergeSMR.Last_Attempt_Report_SMR" name="Compare_LowMileage_Column_WorkshopWise_With_ServiceTypeWise" time="0.000"/>
  <system-out/>
  <testcase classname="mergeSMR.Last_Attempt_Report_SMR" name="Compare_WrongNumber_Column_WorkshopWise_With_ServiceTypeWise" time="0.000"/>
  <system-out/>
  <testcase classname="mergeSMR.Last_Attempt_Report_SMR" name="Compare_CallNotConnected_Column_WorkshopWise_With_ServiceTypeWise" time="0.000"/>
  <system-out/>
  <testcase classname="mergeSMR.Last_Attempt_Report_SMR" name="Compare_Appointment_Column_WorkshopWise_With_ServiceTypeWise" time="0.010"/>
  <system-out/>
  <testcase classname="mergeSMR.Last_Attempt_Report_SMR" name="Compare_InterestedViaOffers_Column_WorkshopWise_With_ServiceTypeWise" time="0.000"/>
  <system-out/>
  <testcase classname="mergeSMR.Last_Attempt_Report_SMR" name="Compare_InterestedWorkshopToCheck_Column_WorkshopWise_With_ServiceTypeWise" time="0.000"/>
  <system-out/>
  <testcase classname="mergeSMR.Last_Attempt_Report_SMR" name="Compare_AdhocAppointment_Column_WorkshopWise_With_ServiceTypeWise" time="0.000"/>
  <system-out/>
  <testcase classname="mergeSMR.Last_Attempt_Report_SMR" name="Compare_TotalDispositions_Column_DayWise_With_ServiceTypeWise" time="0.000"/>
  <system-out/>
  <testcase classname="mergeSMR.Last_Attempt_Report_SMR" name="Compare_AppointmentScheduled_Column_DayWise_With_ServiceTypeWise" time="0.000"/>
  <system-out/>
  <testcase classname="mergeSMR.Last_Attempt_Report_SMR" name="Compare_Appointment_ReScheduled_Column_DayWise_With_ServiceTypeWise" time="0.000"/>
  <system-out/>
  <testcase classname="mergeSMR.Last_Attempt_Report_SMR" name="Compare_AppointmentConfirmed_Column_DayWise_With_ServiceTypeWise" time="0.000"/>
  <system-out/>
  <testcase classname="mergeSMR.Last_Attempt_Report_SMR" name="Compare_AppointmentCancelled_Column_DayWise_With_ServiceTypeWise" time="1.026"/>
  <system-out/>
  <testcase classname="mergeSMR.Last_Attempt_Report_SMR" name="Compare_CallMeLater_Column_DayWise_With_ServiceTypeWise" time="0.000"/>
  <system-out/>
  <testcase classname="mergeSMR.Last_Attempt_Report_SMR" name="Compare_VehicleSOLDToNew_Column_DayWise_With_ServiceTypeWise" time="0.000"/>
  <system-out/>
  <testcase classname="mergeSMR.Last_Attempt_Report_SMR" name="Compare_RefuseForService_Column_DayWise_With_ServiceTypeWise" time="0.000"/>
  <system-out/>
  <testcase classname="mergeSMR.Last_Attempt_Report_SMR" name="Compare_LowMileage_Column_DayWise_With_ServiceTypeWise" time="0.000"/>
  <system-out/>
  <testcase classname="mergeSMR.Last_Attempt_Report_SMR" name="Compare_WrongNumber_Column_DayWise_With_ServiceTypeWise" time="0.000"/>
  <system-out/>
  <testcase classname="mergeSMR.Last_Attempt_Report_SMR" name="Compare_CallNotConnected_Column_DayWise_With_ServiceTypeWise" time="0.000"/>
  <system-out/>
  <testcase classname="mergeSMR.Last_Attempt_Report_SMR" name="Compare_Appointment_Column_DayWise_With_ServiceTypeWise" time="0.000"/>
  <system-out/>
  <testcase classname="mergeSMR.Last_Attempt_Report_SMR" name="Compare_InterestedViaOffers_Column_DayWise_With_ServiceTypeWise" time="0.000"/>
  <system-out/>
  <testcase classname="mergeSMR.Last_Attempt_Report_SMR" name="Compare_InterestedWorkshopToCheck_Column_DayWise_With_ServiceTypeWise" time="0.000"/>
  <system-out/>
  <testcase classname="mergeSMR.Last_Attempt_Report_SMR" name="Compare_AdhocAppointment_Column_DayWise_With_ServiceTypeWise" time="5.019"/>
  <system-out/>
</testsuite> <!-- mergeSMR.Last_Attempt_Report_SMR -->
