<?xml version="1.0" encoding="UTF-8"?>
<!-- Generated by org.testng.reporters.JUnitReportReporter -->
<testsuite hostname="DESKTOP-7SBKKJ1" failures="4" tests="120" name="mergeSMR.MarketingCampaign_Report_SMR" time="230.408" errors="0" timestamp="2024-09-04T16:58:26 IST" skipped="0">
  <testcase classname="mergeSMR.MarketingCampaign_Report_SMR" name="Click_On_Report" time="3.172"/>
  <system-out/>
  <testcase classname="mergeSMR.MarketingCampaign_Report_SMR" name="Click_On_MARKETING_CAMPAIGN_REPORT" time="4.099"/>
  <system-out/>
  <testcase classname="mergeSMR.MarketingCampaign_Report_SMR" name="Zone_And_Region_Wise_Tab" time="54.167"/>
  <system-out/>
  <testcase classname="mergeSMR.MarketingCampaign_Report_SMR" name="Dealer_Parent_Group_Wise_Tab" time="53.130"/>
  <system-out/>
  <testcase classname="mergeSMR.MarketingCampaign_Report_SMR" name="WorkShop_Wise_Tab" time="56.781"/>
  <system-out/>
  <testcase classname="mergeSMR.MarketingCampaign_Report_SMR" name="Day_Wise_Tab" time="55.013"/>
  <system-out/>
  <testcase classname="mergeSMR.MarketingCampaign_Report_SMR" name="Compare_TotalCampaignLeads_Column_ZoneRegionWise_With_DealerParentWise" time="0.000"/>
  <system-out/>
  <testcase classname="mergeSMR.MarketingCampaign_Report_SMR" name="Compare_LeadsAttempted_Column_ZoneRegionWise_With_DealerParentWise" time="0.000"/>
  <system-out/>
  <testcase classname="mergeSMR.MarketingCampaign_Report_SMR" name="Compare_FollowUp_Column_ZoneRegionWise_With_DealerParentWise" time="0.000"/>
  <system-out/>
  <testcase classname="mergeSMR.MarketingCampaign_Report_SMR" name="Compare_Connected_Column_ZoneRegionWise_With_DealerParentWise" time="0.002"/>
  <system-out/>
  <testcase classname="mergeSMR.MarketingCampaign_Report_SMR" name="Compare_AppointmentBooked_Column_ZoneRegionWise_With_DealerParentWise" time="0.001"/>
  <system-out/>
  <testcase classname="mergeSMR.MarketingCampaign_Report_SMR" name="Compare_PercentAppointmentBooked_Column_ZoneRegionWise_With_DealerParentWise" time="0.000"/>
  <system-out/>
  <testcase classname="mergeSMR.MarketingCampaign_Report_SMR" name="Compare_Reported_Column_ZoneRegionWise_With_DealerParentWise" time="0.001"/>
  <system-out/>
  <testcase classname="mergeSMR.MarketingCampaign_Report_SMR" name="Compare_PercentReported_Column_ZoneRegionWise_With_DealerParentWise" time="0.000">
    <failure message="expected [0.00%] but found [0%]" type="java.lang.AssertionError">
      <![CDATA[java.lang.AssertionError: expected [0.00%] but found [0%]
at org.testng.Assert.fail(Assert.java:99)
at org.testng.Assert.failNotEquals(Assert.java:1037)
at org.testng.Assert.assertEqualsImpl(Assert.java:140)
at org.testng.Assert.assertEquals(Assert.java:122)
at org.testng.Assert.assertEquals(Assert.java:629)
at org.testng.Assert.assertEquals(Assert.java:639)
at mergeSMR.MarketingCampaign_Report_SMR.Compare_PercentReported_Column_ZoneRegionWise_With_DealerParentWise(MarketingCampaign_Report_SMR.java:711)
at java.base/jdk.internal.reflect.DirectMethodHandleAccessor.invoke(DirectMethodHandleAccessor.java:103)
at java.base/java.lang.reflect.Method.invoke(Method.java:580)
at org.testng.internal.MethodInvocationHelper.invokeMethod(MethodInvocationHelper.java:133)
at org.testng.internal.TestInvoker.invokeMethod(TestInvoker.java:598)
at org.testng.internal.TestInvoker.invokeTestMethod(TestInvoker.java:173)
at org.testng.internal.MethodRunner.runInSequence(MethodRunner.java:46)
at org.testng.internal.TestInvoker$MethodInvocationAgent.invoke(TestInvoker.java:824)
at org.testng.internal.TestInvoker.invokeTestMethods(TestInvoker.java:146)
at org.testng.internal.TestMethodWorker.invokeTestMethods(TestMethodWorker.java:146)
at org.testng.internal.TestMethodWorker.run(TestMethodWorker.java:128)
at java.base/java.util.ArrayList.forEach(ArrayList.java:1597)
at org.testng.TestRunner.privateRun(TestRunner.java:794)
at org.testng.TestRunner.run(TestRunner.java:596)
at org.testng.SuiteRunner.runTest(SuiteRunner.java:377)
at org.testng.SuiteRunner.runSequentially(SuiteRunner.java:371)
at org.testng.SuiteRunner.privateRun(SuiteRunner.java:332)
at org.testng.SuiteRunner.run(SuiteRunner.java:276)
at org.testng.SuiteRunnerWorker.runSuite(SuiteRunnerWorker.java:53)
at org.testng.SuiteRunnerWorker.run(SuiteRunnerWorker.java:96)
at org.testng.TestNG.runSuitesSequentially(TestNG.java:1212)
at org.testng.TestNG.runSuitesLocally(TestNG.java:1134)
at org.testng.TestNG.runSuites(TestNG.java:1063)
at org.testng.TestNG.run(TestNG.java:1031)
at org.testng.remote.AbstractRemoteTestNG.run(AbstractRemoteTestNG.java:115)
at org.testng.remote.RemoteTestNG.initAndRun(RemoteTestNG.java:293)
at org.testng.remote.RemoteTestNG.main(RemoteTestNG.java:91)
]]>
    </failure>
  </testcase> <!-- Compare_PercentReported_Column_ZoneRegionWise_With_DealerParentWise -->
  <system-out/>
  <testcase classname="mergeSMR.MarketingCampaign_Report_SMR" name="Compare_ReportedForFreeService_Column_ZoneRegionWise_With_DealerParentWise" time="0.001"/>
  <system-out/>
  <testcase classname="mergeSMR.MarketingCampaign_Report_SMR" name="Compare_PercentReportedForFreeService_Column_ZoneRegionWise_With_DealerParentWise" time="0.000"/>
  <system-out/>
  <testcase classname="mergeSMR.MarketingCampaign_Report_SMR" name="Compare_NotAttempted_Column_ZoneRegionWise_With_DealerParentWise" time="0.002"/>
  <system-out/>
  <testcase classname="mergeSMR.MarketingCampaign_Report_SMR" name="Compare_NotConnected_Column_ZoneRegionWise_With_DealerParentWise" time="0.000"/>
  <system-out/>
  <testcase classname="mergeSMR.MarketingCampaign_Report_SMR" name="Compare_ReportedForPaidService_Column_ZoneRegionWise_With_DealerParentWise" time="0.002"/>
  <system-out/>
  <testcase classname="mergeSMR.MarketingCampaign_Report_SMR" name="Compare_LabourRevenue_Column_ZoneRegionWise_With_DealerParentWise" time="0.000"/>
  <system-out/>
  <testcase classname="mergeSMR.MarketingCampaign_Report_SMR" name="Compare_PercentReportedForPaidService_Column_ZoneRegionWise_With_DealerParentWise" time="0.000"/>
  <system-out/>
  <testcase classname="mergeSMR.MarketingCampaign_Report_SMR" name="Compare_PartsRevenue_Column_ZoneRegionWise_With_DealerParentWise" time="0.002"/>
  <system-out/>
  <testcase classname="mergeSMR.MarketingCampaign_Report_SMR" name="Compare_FreeServicePaidServiceReported_Column_ZoneRegionWise_With_DealerParentWise" time="0.000"/>
  <system-out/>
  <testcase classname="mergeSMR.MarketingCampaign_Report_SMR" name="Compare_PercentFreeServicePaidServiceReported_Column_ZoneRegionWise_With_DealerParentWise" time="0.000"/>
  <system-out/>
  <testcase classname="mergeSMR.MarketingCampaign_Report_SMR" name="Compare_LabourPartsRevenue_Column_ZoneRegionWise_With_DealerParentWise" time="0.000"/>
  <system-out/>
  <testcase classname="mergeSMR.MarketingCampaign_Report_SMR" name="Compare_TotalCampaignLeads_Column_ZoneRegionWise_With_WorkshopWise" time="0.001"/>
  <system-out/>
  <testcase classname="mergeSMR.MarketingCampaign_Report_SMR" name="Compare_LeadsAttempted_Column_ZoneRegionWise_With_WorkshopWise" time="0.001"/>
  <system-out/>
  <testcase classname="mergeSMR.MarketingCampaign_Report_SMR" name="Compare_FollowUp_Column_ZoneRegionWise_With_WorkshopWise" time="0.001"/>
  <system-out/>
  <testcase classname="mergeSMR.MarketingCampaign_Report_SMR" name="Compare_Connected_Column_ZoneRegionWise_With_WorkshopWise" time="0.000"/>
  <system-out/>
  <testcase classname="mergeSMR.MarketingCampaign_Report_SMR" name="Compare_AppointmentBooked_Column_ZoneRegionWise_With_WorkshopWise" time="0.000"/>
  <system-out/>
  <testcase classname="mergeSMR.MarketingCampaign_Report_SMR" name="Compare_PercentAppointmentBooked_Column_ZoneRegionWise_With_WorkshopWise" time="0.000"/>
  <system-out/>
  <testcase classname="mergeSMR.MarketingCampaign_Report_SMR" name="Compare_Reported_Column_ZoneRegionWise_With_WorkshopWise" time="0.000"/>
  <system-out/>
  <testcase classname="mergeSMR.MarketingCampaign_Report_SMR" name="Compare_PercentReported_Column_ZoneRegionWise_With_WorkshopWise" time="0.000">
    <failure message="expected [0%] but found [0.00%]" type="java.lang.AssertionError">
      <![CDATA[java.lang.AssertionError: expected [0%] but found [0.00%]
at org.testng.Assert.fail(Assert.java:99)
at org.testng.Assert.failNotEquals(Assert.java:1037)
at org.testng.Assert.assertEqualsImpl(Assert.java:140)
at org.testng.Assert.assertEquals(Assert.java:122)
at org.testng.Assert.assertEquals(Assert.java:629)
at org.testng.Assert.assertEquals(Assert.java:639)
at mergeSMR.MarketingCampaign_Report_SMR.Compare_PercentReported_Column_ZoneRegionWise_With_WorkshopWise(MarketingCampaign_Report_SMR.java:869)
at java.base/jdk.internal.reflect.DirectMethodHandleAccessor.invoke(DirectMethodHandleAccessor.java:103)
at java.base/java.lang.reflect.Method.invoke(Method.java:580)
at org.testng.internal.MethodInvocationHelper.invokeMethod(MethodInvocationHelper.java:133)
at org.testng.internal.TestInvoker.invokeMethod(TestInvoker.java:598)
at org.testng.internal.TestInvoker.invokeTestMethod(TestInvoker.java:173)
at org.testng.internal.MethodRunner.runInSequence(MethodRunner.java:46)
at org.testng.internal.TestInvoker$MethodInvocationAgent.invoke(TestInvoker.java:824)
at org.testng.internal.TestInvoker.invokeTestMethods(TestInvoker.java:146)
at org.testng.internal.TestMethodWorker.invokeTestMethods(TestMethodWorker.java:146)
at org.testng.internal.TestMethodWorker.run(TestMethodWorker.java:128)
at java.base/java.util.ArrayList.forEach(ArrayList.java:1597)
at org.testng.TestRunner.privateRun(TestRunner.java:794)
at org.testng.TestRunner.run(TestRunner.java:596)
at org.testng.SuiteRunner.runTest(SuiteRunner.java:377)
at org.testng.SuiteRunner.runSequentially(SuiteRunner.java:371)
at org.testng.SuiteRunner.privateRun(SuiteRunner.java:332)
at org.testng.SuiteRunner.run(SuiteRunner.java:276)
at org.testng.SuiteRunnerWorker.runSuite(SuiteRunnerWorker.java:53)
at org.testng.SuiteRunnerWorker.run(SuiteRunnerWorker.java:96)
at org.testng.TestNG.runSuitesSequentially(TestNG.java:1212)
at org.testng.TestNG.runSuitesLocally(TestNG.java:1134)
at org.testng.TestNG.runSuites(TestNG.java:1063)
at org.testng.TestNG.run(TestNG.java:1031)
at org.testng.remote.AbstractRemoteTestNG.run(AbstractRemoteTestNG.java:115)
at org.testng.remote.RemoteTestNG.initAndRun(RemoteTestNG.java:293)
at org.testng.remote.RemoteTestNG.main(RemoteTestNG.java:91)
]]>
    </failure>
  </testcase> <!-- Compare_PercentReported_Column_ZoneRegionWise_With_WorkshopWise -->
  <system-out/>
  <testcase classname="mergeSMR.MarketingCampaign_Report_SMR" name="Compare_ReportedForFreeService_Column_ZoneRegionWise_With_WorkshopWise" time="0.000"/>
  <system-out/>
  <testcase classname="mergeSMR.MarketingCampaign_Report_SMR" name="Compare_PercentReportedForFreeService_Column_ZoneRegionWise_With_WorkshopWise" time="0.000"/>
  <system-out/>
  <testcase classname="mergeSMR.MarketingCampaign_Report_SMR" name="Compare_NotAttempted_Column_ZoneRegionWise_With_WorkshopWise" time="0.000"/>
  <system-out/>
  <testcase classname="mergeSMR.MarketingCampaign_Report_SMR" name="Compare_NotConnected_Column_ZoneRegionWise_With_WorkshopWise" time="0.001"/>
  <system-out/>
  <testcase classname="mergeSMR.MarketingCampaign_Report_SMR" name="Compare_ReportedForPaidService_Column_ZoneRegionWise_With_WorkshopWise" time="0.000"/>
  <system-out/>
  <testcase classname="mergeSMR.MarketingCampaign_Report_SMR" name="Compare_PercentReportedForPaidService_Column_ZoneRegionWise_With_WorkshopWise" time="0.000"/>
  <system-out/>
  <testcase classname="mergeSMR.MarketingCampaign_Report_SMR" name="Compare_LabourRevenue_Column_ZoneRegionWise_With_WorkshopWise" time="0.001"/>
  <system-out/>
  <testcase classname="mergeSMR.MarketingCampaign_Report_SMR" name="Compare_FreeServicePaidServiceReported_Column_ZoneRegionWise_With_WorkshopWise" time="0.001"/>
  <system-out/>
  <testcase classname="mergeSMR.MarketingCampaign_Report_SMR" name="Compare_PartsRevenue_Column_ZoneRegionWise_With_WorkshopWise" time="0.001"/>
  <system-out/>
  <testcase classname="mergeSMR.MarketingCampaign_Report_SMR" name="Compare_LabourPartsRevenue_Column_ZoneRegionWise_With_WorkshopWise" time="0.000"/>
  <system-out/>
  <testcase classname="mergeSMR.MarketingCampaign_Report_SMR" name="Compare_PercentFreeServicePaidServiceReported_Column_ZoneRegionWise_With_WorkshopWise" time="0.000"/>
  <system-out/>
  <testcase classname="mergeSMR.MarketingCampaign_Report_SMR" name="Compare_TotalCampaignLeads_Column_ZoneRegionWise_With_DayWise" time="0.000"/>
  <system-out/>
  <testcase classname="mergeSMR.MarketingCampaign_Report_SMR" name="Compare_LeadsAttempted_Column_ZoneRegionWise_With_DayWise" time="0.000"/>
  <system-out/>
  <testcase classname="mergeSMR.MarketingCampaign_Report_SMR" name="Compare_FollowUp_Column_ZoneRegionWise_With_DayWise" time="0.001"/>
  <system-out/>
  <testcase classname="mergeSMR.MarketingCampaign_Report_SMR" name="Compare_Connected_Column_ZoneRegionWise_With_DayWise" time="0.000"/>
  <system-out/>
  <testcase classname="mergeSMR.MarketingCampaign_Report_SMR" name="Compare_AppointmentBooked_Column_ZoneRegionWise_With_DayWise" time="0.000"/>
  <system-out/>
  <testcase classname="mergeSMR.MarketingCampaign_Report_SMR" name="Compare_PercentAppointmentBooked_Column_ZoneRegionWise_With_DayWise" time="0.000"/>
  <system-out/>
  <testcase classname="mergeSMR.MarketingCampaign_Report_SMR" name="Compare_Reported_Column_ZoneRegionWise_With_DayWise" time="0.002"/>
  <system-out/>
  <testcase classname="mergeSMR.MarketingCampaign_Report_SMR" name="Compare_PercentReported_Column_ZoneRegionWise_With_DayWise" time="0.000">
    <failure message="expected [0%] but found [0.00%]" type="java.lang.AssertionError">
      <![CDATA[java.lang.AssertionError: expected [0%] but found [0.00%]
at org.testng.Assert.fail(Assert.java:99)
at org.testng.Assert.failNotEquals(Assert.java:1037)
at org.testng.Assert.assertEqualsImpl(Assert.java:140)
at org.testng.Assert.assertEquals(Assert.java:122)
at org.testng.Assert.assertEquals(Assert.java:629)
at org.testng.Assert.assertEquals(Assert.java:639)
at mergeSMR.MarketingCampaign_Report_SMR.Compare_PercentReported_Column_ZoneRegionWise_With_DayWise(MarketingCampaign_Report_SMR.java:1026)
at java.base/jdk.internal.reflect.DirectMethodHandleAccessor.invoke(DirectMethodHandleAccessor.java:103)
at java.base/java.lang.reflect.Method.invoke(Method.java:580)
at org.testng.internal.MethodInvocationHelper.invokeMethod(MethodInvocationHelper.java:133)
at org.testng.internal.TestInvoker.invokeMethod(TestInvoker.java:598)
at org.testng.internal.TestInvoker.invokeTestMethod(TestInvoker.java:173)
at org.testng.internal.MethodRunner.runInSequence(MethodRunner.java:46)
at org.testng.internal.TestInvoker$MethodInvocationAgent.invoke(TestInvoker.java:824)
at org.testng.internal.TestInvoker.invokeTestMethods(TestInvoker.java:146)
at org.testng.internal.TestMethodWorker.invokeTestMethods(TestMethodWorker.java:146)
at org.testng.internal.TestMethodWorker.run(TestMethodWorker.java:128)
at java.base/java.util.ArrayList.forEach(ArrayList.java:1597)
at org.testng.TestRunner.privateRun(TestRunner.java:794)
at org.testng.TestRunner.run(TestRunner.java:596)
at org.testng.SuiteRunner.runTest(SuiteRunner.java:377)
at org.testng.SuiteRunner.runSequentially(SuiteRunner.java:371)
at org.testng.SuiteRunner.privateRun(SuiteRunner.java:332)
at org.testng.SuiteRunner.run(SuiteRunner.java:276)
at org.testng.SuiteRunnerWorker.runSuite(SuiteRunnerWorker.java:53)
at org.testng.SuiteRunnerWorker.run(SuiteRunnerWorker.java:96)
at org.testng.TestNG.runSuitesSequentially(TestNG.java:1212)
at org.testng.TestNG.runSuitesLocally(TestNG.java:1134)
at org.testng.TestNG.runSuites(TestNG.java:1063)
at org.testng.TestNG.run(TestNG.java:1031)
at org.testng.remote.AbstractRemoteTestNG.run(AbstractRemoteTestNG.java:115)
at org.testng.remote.RemoteTestNG.initAndRun(RemoteTestNG.java:293)
at org.testng.remote.RemoteTestNG.main(RemoteTestNG.java:91)
]]>
    </failure>
  </testcase> <!-- Compare_PercentReported_Column_ZoneRegionWise_With_DayWise -->
  <system-out/>
  <testcase classname="mergeSMR.MarketingCampaign_Report_SMR" name="Compare_ReportedForFreeService_Column_ZoneRegionWise_With_DayWise" time="0.000"/>
  <system-out/>
  <testcase classname="mergeSMR.MarketingCampaign_Report_SMR" name="Compare_NotAttempted_Column_ZoneRegionWise_With_DayWise" time="0.001"/>
  <system-out/>
  <testcase classname="mergeSMR.MarketingCampaign_Report_SMR" name="Compare_PercentReportedForFreeService_Column_ZoneRegionWise_With_DayWise" time="0.000"/>
  <system-out/>
  <testcase classname="mergeSMR.MarketingCampaign_Report_SMR" name="Compare_NotConnected_Column_ZoneRegionWise_With_DayWise" time="0.000"/>
  <system-out/>
  <testcase classname="mergeSMR.MarketingCampaign_Report_SMR" name="Compare_ReportedForPaidService_Column_ZoneRegionWise_With_DayWise" time="0.001"/>
  <system-out/>
  <testcase classname="mergeSMR.MarketingCampaign_Report_SMR" name="Compare_PercentReportedForPaidService_Column_ZoneRegionWise_With_DayWise" time="0.001"/>
  <system-out/>
  <testcase classname="mergeSMR.MarketingCampaign_Report_SMR" name="Compare_LabourRevenue_Column_ZoneRegionWise_With_DayWise" time="0.000"/>
  <system-out/>
  <testcase classname="mergeSMR.MarketingCampaign_Report_SMR" name="Compare_PartsRevenue_Column_ZoneRegionWise_With_DayWise" time="0.001"/>
  <system-out/>
  <testcase classname="mergeSMR.MarketingCampaign_Report_SMR" name="Compare_FreeServicePaidServiceReported_Column_ZoneRegionWise_With_DayWise" time="0.000"/>
  <system-out/>
  <testcase classname="mergeSMR.MarketingCampaign_Report_SMR" name="Compare_PercentFreeServicePaidServiceReported_Column_ZoneRegionWise_With_DayWise" time="0.000"/>
  <system-out/>
  <testcase classname="mergeSMR.MarketingCampaign_Report_SMR" name="Compare_LabourPartsRevenue_Column_ZoneRegionWise_With_DayWise" time="0.000"/>
  <system-out/>
  <testcase classname="mergeSMR.MarketingCampaign_Report_SMR" name="Compare_TotalCampaignLeads_Column_DealerParentWise_With_WorkshopWise" time="0.000"/>
  <system-out/>
  <testcase classname="mergeSMR.MarketingCampaign_Report_SMR" name="Compare_LeadsAttempted_Column_DealerParentWise_With_WorkshopWise" time="0.000"/>
  <system-out/>
  <testcase classname="mergeSMR.MarketingCampaign_Report_SMR" name="Compare_FollowUp_Column_DealerParentWise_With_WorkshopWise" time="0.000"/>
  <system-out/>
  <testcase classname="mergeSMR.MarketingCampaign_Report_SMR" name="Compare_Connected_Column_DealerParentWise_With_WorkshopWise" time="0.001"/>
  <system-out/>
  <testcase classname="mergeSMR.MarketingCampaign_Report_SMR" name="Compare_AppointmentBooked_Column_DealerParentWise_With_WorkshopWise" time="0.000"/>
  <system-out/>
  <testcase classname="mergeSMR.MarketingCampaign_Report_SMR" name="Compare_PercentAppointmentBooked_Column_DealerParentWise_With_WorkshopWise" time="0.000"/>
  <system-out/>
  <testcase classname="mergeSMR.MarketingCampaign_Report_SMR" name="Compare_Reported_Column_DealerParentWise_With_WorkshopWise" time="0.002"/>
  <system-out/>
  <testcase classname="mergeSMR.MarketingCampaign_Report_SMR" name="Compare_PercentReported_Column_DealerParentWise_With_WorkshopWise" time="0.000"/>
  <system-out/>
  <testcase classname="mergeSMR.MarketingCampaign_Report_SMR" name="Compare_ReportedForFreeService_Column_DealerParentWise_With_WorkshopWise" time="0.000"/>
  <system-out/>
  <testcase classname="mergeSMR.MarketingCampaign_Report_SMR" name="Compare_NotAttempted_Column_DealerParentWise_With_WorkshopWise" time="0.000"/>
  <system-out/>
  <testcase classname="mergeSMR.MarketingCampaign_Report_SMR" name="Compare_PercentReportedForFreeService_Column_DealerParentWise_With_WorkshopWise" time="0.000"/>
  <system-out/>
  <testcase classname="mergeSMR.MarketingCampaign_Report_SMR" name="Compare_ReportedForPaidService_Column_DealerParentWise_With_WorkshopWise" time="0.001"/>
  <system-out/>
  <testcase classname="mergeSMR.MarketingCampaign_Report_SMR" name="Compare_NotConnected_Column_DealerParentWise_With_WorkshopWise" time="0.000"/>
  <system-out/>
  <testcase classname="mergeSMR.MarketingCampaign_Report_SMR" name="Compare_PercentReportedForPaidService_Column_DealerParentWise_With_WorkshopWise" time="0.000"/>
  <system-out/>
  <testcase classname="mergeSMR.MarketingCampaign_Report_SMR" name="Compare_LabourRevenue_Column_DealerParentWise_With_WorkshopWise" time="0.000"/>
  <system-out/>
  <testcase classname="mergeSMR.MarketingCampaign_Report_SMR" name="Compare_PartsRevenue_Column_DealerParentWise_With_WorkshopWise" time="0.001"/>
  <system-out/>
  <testcase classname="mergeSMR.MarketingCampaign_Report_SMR" name="Compare_FreeServicePaidServiceReported_Column_DealerParentWise_With_WorkshopWise" time="0.000"/>
  <system-out/>
  <testcase classname="mergeSMR.MarketingCampaign_Report_SMR" name="Compare_LabourPartsRevenue_Column_DealerParentWise_With_WorkshopWise" time="0.000"/>
  <system-out/>
  <testcase classname="mergeSMR.MarketingCampaign_Report_SMR" name="Compare_PercentFreeServicePaidServiceReported_Column_DealerParentWise_With_WorkshopWise" time="0.000"/>
  <system-out/>
  <testcase classname="mergeSMR.MarketingCampaign_Report_SMR" name="Compare_TotalCampaignLeads_Column_DealerParentWise_With_DayWise" time="0.000"/>
  <system-out/>
  <testcase classname="mergeSMR.MarketingCampaign_Report_SMR" name="Compare_LeadsAttempted_Column_DealerParentWise_With_DayWise" time="0.000"/>
  <system-out/>
  <testcase classname="mergeSMR.MarketingCampaign_Report_SMR" name="Compare_FollowUp_Column_DealerParentWise_With_DayWise" time="0.000"/>
  <system-out/>
  <testcase classname="mergeSMR.MarketingCampaign_Report_SMR" name="Compare_Connected_Column_DealerParentWise_With_DayWise" time="0.001"/>
  <system-out/>
  <testcase classname="mergeSMR.MarketingCampaign_Report_SMR" name="Compare_AppointmentBooked_Column_DealerParentWise_With_DayWise" time="0.000"/>
  <system-out/>
  <testcase classname="mergeSMR.MarketingCampaign_Report_SMR" name="Compare_PercentAppointmentBooked_Column_DealerParentWise_With_DayWise" time="0.001"/>
  <system-out/>
  <testcase classname="mergeSMR.MarketingCampaign_Report_SMR" name="Compare_Reported_Column_DealerParentWise_With_DayWise" time="0.000"/>
  <system-out/>
  <testcase classname="mergeSMR.MarketingCampaign_Report_SMR" name="Compare_PercentReported_Column_DealerParentWise_With_DayWise" time="0.000">
    <failure message="expected [0.00%] but found [0.21%]" type="java.lang.AssertionError">
      <![CDATA[java.lang.AssertionError: expected [0.00%] but found [0.21%]
at org.testng.Assert.fail(Assert.java:99)
at org.testng.Assert.failNotEquals(Assert.java:1037)
at org.testng.Assert.assertEqualsImpl(Assert.java:140)
at org.testng.Assert.assertEquals(Assert.java:122)
at org.testng.Assert.assertEquals(Assert.java:629)
at org.testng.Assert.assertEquals(Assert.java:639)
at mergeSMR.MarketingCampaign_Report_SMR.Compare_PercentReported_Column_DealerParentWise_With_DayWise(MarketingCampaign_Report_SMR.java:1337)
at java.base/jdk.internal.reflect.DirectMethodHandleAccessor.invoke(DirectMethodHandleAccessor.java:103)
at java.base/java.lang.reflect.Method.invoke(Method.java:580)
at org.testng.internal.MethodInvocationHelper.invokeMethod(MethodInvocationHelper.java:133)
at org.testng.internal.TestInvoker.invokeMethod(TestInvoker.java:598)
at org.testng.internal.TestInvoker.invokeTestMethod(TestInvoker.java:173)
at org.testng.internal.MethodRunner.runInSequence(MethodRunner.java:46)
at org.testng.internal.TestInvoker$MethodInvocationAgent.invoke(TestInvoker.java:824)
at org.testng.internal.TestInvoker.invokeTestMethods(TestInvoker.java:146)
at org.testng.internal.TestMethodWorker.invokeTestMethods(TestMethodWorker.java:146)
at org.testng.internal.TestMethodWorker.run(TestMethodWorker.java:128)
at java.base/java.util.ArrayList.forEach(ArrayList.java:1597)
at org.testng.TestRunner.privateRun(TestRunner.java:794)
at org.testng.TestRunner.run(TestRunner.java:596)
at org.testng.SuiteRunner.runTest(SuiteRunner.java:377)
at org.testng.SuiteRunner.runSequentially(SuiteRunner.java:371)
at org.testng.SuiteRunner.privateRun(SuiteRunner.java:332)
at org.testng.SuiteRunner.run(SuiteRunner.java:276)
at org.testng.SuiteRunnerWorker.runSuite(SuiteRunnerWorker.java:53)
at org.testng.SuiteRunnerWorker.run(SuiteRunnerWorker.java:96)
at org.testng.TestNG.runSuitesSequentially(TestNG.java:1212)
at org.testng.TestNG.runSuitesLocally(TestNG.java:1134)
at org.testng.TestNG.runSuites(TestNG.java:1063)
at org.testng.TestNG.run(TestNG.java:1031)
at org.testng.remote.AbstractRemoteTestNG.run(AbstractRemoteTestNG.java:115)
at org.testng.remote.RemoteTestNG.initAndRun(RemoteTestNG.java:293)
at org.testng.remote.RemoteTestNG.main(RemoteTestNG.java:91)
]]>
    </failure>
  </testcase> <!-- Compare_PercentReported_Column_DealerParentWise_With_DayWise -->
  <system-out/>
  <testcase classname="mergeSMR.MarketingCampaign_Report_SMR" name="Compare_ReportedForFreeService_Column_DealerParentWise_With_DayWise" time="0.000"/>
  <system-out/>
  <testcase classname="mergeSMR.MarketingCampaign_Report_SMR" name="Compare_NotAttempted_Column_DealerParentWise_With_DayWise" time="0.000"/>
  <system-out/>
  <testcase classname="mergeSMR.MarketingCampaign_Report_SMR" name="Compare_PercentReportedForFreeService_Column_DealerParentWise_With_DayWise" time="0.000"/>
  <system-out/>
  <testcase classname="mergeSMR.MarketingCampaign_Report_SMR" name="Compare_NotConnected_Column_DealerParentWise_With_DayWise" time="0.000"/>
  <system-out/>
  <testcase classname="mergeSMR.MarketingCampaign_Report_SMR" name="Compare_ReportedForPaidService_Column_DealerParentWise_With_DayWise" time="0.000"/>
  <system-out/>
  <testcase classname="mergeSMR.MarketingCampaign_Report_SMR" name="Compare_LabourRevenue_Column_DealerParentWise_With_DayWise" time="0.001"/>
  <system-out/>
  <testcase classname="mergeSMR.MarketingCampaign_Report_SMR" name="Compare_PercentReportedForPaidService_Column_DealerParentWise_With_DayWise" time="0.000"/>
  <system-out/>
  <testcase classname="mergeSMR.MarketingCampaign_Report_SMR" name="Compare_PartsRevenue_Column_DealerParentWise_With_DayWise" time="0.001"/>
  <system-out/>
  <testcase classname="mergeSMR.MarketingCampaign_Report_SMR" name="Compare_FreeServicePaidServiceReported_Column_DealerParentWise_With_DayWise" time="0.000"/>
  <system-out/>
  <testcase classname="mergeSMR.MarketingCampaign_Report_SMR" name="Compare_PercentFreeServicePaidServiceReported_Column_DealerParentWise_With_DayWise" time="0.000"/>
  <system-out/>
  <testcase classname="mergeSMR.MarketingCampaign_Report_SMR" name="Compare_LabourPartsRevenue_Column_DealerParentWise_With_DayWise" time="0.000"/>
  <system-out/>
  <testcase classname="mergeSMR.MarketingCampaign_Report_SMR" name="Compare_TotalCampaignLeads_Column_WorkshopWise_With_DayWise" time="0.000"/>
  <system-out/>
  <testcase classname="mergeSMR.MarketingCampaign_Report_SMR" name="Compare_LeadsAttempted_Column_WorkshopWise_With_DayWise" time="0.001"/>
  <system-out/>
  <testcase classname="mergeSMR.MarketingCampaign_Report_SMR" name="Compare_FollowUp_Column_WorkshopWise_With_DayWise" time="0.000"/>
  <system-out/>
  <testcase classname="mergeSMR.MarketingCampaign_Report_SMR" name="Compare_Connected_Column_WorkshopWise_With_DayWise" time="0.000"/>
  <system-out/>
  <testcase classname="mergeSMR.MarketingCampaign_Report_SMR" name="Compare_AppointmentBooked_Column_WorkshopWise_With_DayWise" time="0.001"/>
  <system-out/>
  <testcase classname="mergeSMR.MarketingCampaign_Report_SMR" name="Compare_PercentAppointmentBooked_Column_WorkshopWise_With_DayWise" time="0.000"/>
  <system-out/>
  <testcase classname="mergeSMR.MarketingCampaign_Report_SMR" name="Compare_Reported_Column_WorkshopWise_With_DayWise" time="0.000"/>
  <system-out/>
  <testcase classname="mergeSMR.MarketingCampaign_Report_SMR" name="Compare_PercentReported_Column_WorkshopWise_With_DayWise" time="0.000"/>
  <system-out/>
  <testcase classname="mergeSMR.MarketingCampaign_Report_SMR" name="Compare_ReportedForFreeService_Column_WorkshopWise_With_DayWise" time="0.000"/>
  <system-out/>
  <testcase classname="mergeSMR.MarketingCampaign_Report_SMR" name="Compare_NotAttempted_Column_WorkshopWise_With_DayWise" time="0.000"/>
  <system-out/>
  <testcase classname="mergeSMR.MarketingCampaign_Report_SMR" name="Compare_PercentReportedForFreeService_Column_WorkshopWise_With_DayWise" time="0.000"/>
  <system-out/>
  <testcase classname="mergeSMR.MarketingCampaign_Report_SMR" name="Compare_ReportedForPaidService_Column_WorkshopWise_With_DayWise" time="0.000"/>
  <system-out/>
  <testcase classname="mergeSMR.MarketingCampaign_Report_SMR" name="Compare_NotConnected_Column_WorkshopWise_With_DayWise" time="0.000"/>
  <system-out/>
  <testcase classname="mergeSMR.MarketingCampaign_Report_SMR" name="Compare_LabourRevenue_Column_WorkshopWise_With_DayWise" time="0.000"/>
  <system-out/>
  <testcase classname="mergeSMR.MarketingCampaign_Report_SMR" name="Compare_PercentReportedForPaidService_Column_WorkshopWise_With_DayWise" time="0.000"/>
  <system-out/>
  <testcase classname="mergeSMR.MarketingCampaign_Report_SMR" name="Compare_FreeServicePaidServiceReported_Column_WorkshopWise_With_DayWise" time="0.000"/>
  <system-out/>
  <testcase classname="mergeSMR.MarketingCampaign_Report_SMR" name="Compare_PartsRevenue_Column_WorkshopWise_With_DayWise" time="0.000"/>
  <system-out/>
  <testcase classname="mergeSMR.MarketingCampaign_Report_SMR" name="Compare_PercentFreeServicePaidServiceReported_Column_WorkshopWise_With_DayWise" time="0.001"/>
  <system-out/>
  <testcase classname="mergeSMR.MarketingCampaign_Report_SMR" name="Compare_LabourPartsRevenue_Column_WorkshopWise_With_DayWise" time="4.009"/>
  <system-out/>
</testsuite> <!-- mergeSMR.MarketingCampaign_Report_SMR -->
