<?xml version="1.0" encoding="UTF-8"?>
<!-- Generated by org.testng.reporters.JUnitReportReporter -->
<testsuite hostname="DESKTOP-7SBKKJ1" failures="0" tests="18" name="merge_SMR_Central_Zone.Service_Due_Analysis_Report" time="172.813" errors="0" timestamp="2024-09-13T10:59:01 IST" skipped="0">
  <testcase classname="merge_SMR_Central_Zone.Service_Due_Analysis_Report" name="Click_On_Report" time="7.313"/>
  <system-out/>
  <testcase classname="merge_SMR_Central_Zone.Service_Due_Analysis_Report" name="Click_On_Service_Due_Analysis_REPORT" time="7.414"/>
  <system-out/>
  <testcase classname="merge_SMR_Central_Zone.Service_Due_Analysis_Report" name="Select_Parameter_VehicleChannel_SMRE_PERFORMANCE_REPORT" time="6.496"/>
  <system-out/>
  <testcase classname="merge_SMR_Central_Zone.Service_Due_Analysis_Report" name="Select_Parameter_DelaerChannel_SMRE_PERFORMANCE_REPORT" time="6.455"/>
  <system-out/>
  <testcase classname="merge_SMR_Central_Zone.Service_Due_Analysis_Report" name="Select_Parameter_ZONE_SMRE_PERFORMANCE_REPORT" time="6.451"/>
  <system-out/>
  <testcase classname="merge_SMR_Central_Zone.Service_Due_Analysis_Report" name="Select_Parameter_REGION_SMRE_PERFORMANCE_REPORT" time="6.567"/>
  <system-out/>
  <testcase classname="merge_SMR_Central_Zone.Service_Due_Analysis_Report" name="Select_Parameter_DEALER_NAME_SMRE_PERFORMANCE_REPORT" time="7.456"/>
  <system-out/>
  <testcase classname="merge_SMR_Central_Zone.Service_Due_Analysis_Report" name="Select_Parameter_WORKSHOP_NAME_SMRE_PERFORMANCE_REPORT" time="7.081"/>
  <system-out/>
  <testcase classname="merge_SMR_Central_Zone.Service_Due_Analysis_Report" name="Select_Parameter_REPORT_TYPE_SMRE_PERFORMANCE_REPORT" time="6.628"/>
  <system-out/>
  <testcase classname="merge_SMR_Central_Zone.Service_Due_Analysis_Report" name="Select_Parameter_SERVICE_TYPE_SMRE_PERFORMANCE_REPORT" time="6.535"/>
  <system-out/>
  <testcase classname="merge_SMR_Central_Zone.Service_Due_Analysis_Report" name="Select_Date_Range_ServiceDueAnalysis_REPORT" time="28.882"/>
  <system-out/>
  <testcase classname="merge_SMR_Central_Zone.Service_Due_Analysis_Report" name="Data_Verification_ZoneAndRegionWise" time="0.015"/>
  <system-out/>
  <testcase classname="merge_SMR_Central_Zone.Service_Due_Analysis_Report" name="ClickOn_Edit_And_Select_ReportType_WorkshopWise" time="9.921"/>
  <system-out/>
  <testcase classname="merge_SMR_Central_Zone.Service_Due_Analysis_Report" name="Generate_WorkshopWise_Report" time="25.262"/>
  <system-out/>
  <testcase classname="merge_SMR_Central_Zone.Service_Due_Analysis_Report" name="Data_Verification_WorkshopWise" time="0.026"/>
  <system-out/>
  <testcase classname="merge_SMR_Central_Zone.Service_Due_Analysis_Report" name="ClickOn_Edit_And_Select_ReportType_SMREWise" time="10.082"/>
  <system-out/>
  <testcase classname="merge_SMR_Central_Zone.Service_Due_Analysis_Report" name="Generate_SMREWise_Report" time="25.205"/>
  <system-out/>
  <testcase classname="merge_SMR_Central_Zone.Service_Due_Analysis_Report" name="Data_Verification_SMREWise" time="5.024"/>
  <system-out/>
</testsuite> <!-- merge_SMR_Central_Zone.Service_Due_Analysis_Report -->
