<?xml version="1.0" encoding="UTF-8"?>
<!-- Generated by org.testng.reporters.JUnitReportReporter -->
<testsuite hostname="DESKTOP-7SBKKJ1" failures="0" tests="7" name="SMR_Central_Zone.UserList_SMR_Report" time="79.311" errors="0" timestamp="2024-09-11T15:55:08 IST" skipped="0">
  <testcase classname="SMR_Central_Zone.UserList_SMR_Report" name="Username" time="2.412"/>
  <system-out/>
  <testcase classname="SMR_Central_Zone.UserList_SMR_Report" name="Password" time="3.495"/>
  <system-out/>
  <testcase classname="SMR_Central_Zone.UserList_SMR_Report" name="Captcha" time="3.215"/>
  <system-out/>
  <testcase classname="SMR_Central_Zone.UserList_SMR_Report" name="SUBMIT_Button" time="20.141"/>
  <system-out/>
  <testcase classname="SMR_Central_Zone.UserList_SMR_Report" name="Click_On_Report" time="10.462"/>
  <system-out/>
  <testcase classname="SMR_Central_Zone.UserList_SMR_Report" name="Click_On_USER_LIST_REPORT" time="30.183"/>
  <system-out/>
  <testcase classname="SMR_Central_Zone.UserList_SMR_Report" name="Data_Verification_User_List" time="9.403"/>
  <system-out/>
</testsuite> <!-- SMR_Central_Zone.UserList_SMR_Report -->
