<?xml version="1.0" encoding="UTF-8"?>
<!-- Generated by org.testng.reporters.JUnitReportReporter -->
<testsuite hostname="DESKTOP-7SBKKJ1" failures="0" tests="1" name="vahan_Portal.Vahan2" time="94.080" errors="0" timestamp="2024-07-13T21:20:56 IST" skipped="0">
  <testcase classname="vahan_Portal.Vahan2" name="VAHAN" time="94.080"/>
  <system-out/>
</testsuite> <!-- vahan_Portal.Vahan2 -->
