<?xml version="1.0" encoding="UTF-8"?>
<!-- Generated by org.testng.reporters.JUnitReportReporter -->
<testsuite hostname="DESKTOP-7SBKKJ1" failures="0" tests="107" name="dbp_Login_Extends.Intrest_Cost" time="41.946" errors="1" timestamp="2024-06-25T15:08:01 IST" skipped="106">
  <testcase classname="dbp_Login_Extends.Intrest_Cost" name="Total_Interest_Paid_on_ST_LOANS" time="0.000">
    <skipped/>
  </testcase> <!-- Total_Interest_Paid_on_ST_LOANS -->
  <system-out/>
  <testcase classname="dbp_Login_Extends.Intrest_Cost" name="Setup" time="41.946">
    <error message="no such element: Unable to locate element: {&quot;method&quot;:&quot;css selector&quot;,&quot;selector&quot;:&quot;[class=&quot;bnt ok-btn&quot;]&quot;}
  (Session info: chrome=126.0.6478.114)
For documentation on this error, please visit: https://www.selenium.dev/documentation/webdriver/troubleshooting/errors#no-such-element-exception
Build info: version: &#039;4.21.0&#039;, revision: &#039;79ed462ef4&#039;
System info: os.name: &#039;Windows 11&#039;, os.arch: &#039;amd64&#039;, os.version: &#039;10.0&#039;, java.version: &#039;22.0.1&#039;
Driver info: org.openqa.selenium.chrome.ChromeDriver
Command: [b8fbae8652300a2ff4ee5b061062fd32, findElement {using=css selector, value=[class=&quot;bnt ok-btn&quot;]}]
Capabilities {acceptInsecureCerts: false, browserName: chrome, browserVersion: 126.0.6478.114, chrome: {chromedriverVersion: 126.0.6478.126 (d36ace6122e..., userDataDir: C:\Users\AA\AppData\Local\T...}, fedcm:accounts: true, goog:chromeOptions: {debuggerAddress: localhost:50758}, networkConnectionEnabled: false, pageLoadStrategy: normal, platformName: windows, proxy: Proxy(), se:cdp: ws://localhost:50758/devtoo..., se:cdpVersion: 126.0.6478.114, setWindowRect: true, strictFileInteractability: false, timeouts: {implicit: 0, pageLoad: 300000, script: 30000}, unhandledPromptBehavior: dismiss and notify, webauthn:extension:credBlob: true, webauthn:extension:largeBlob: true, webauthn:extension:minPinLength: true, webauthn:extension:prf: true, webauthn:virtualAuthenticators: true}
Session ID: b8fbae8652300a2ff4ee5b061062fd32" type="org.openqa.selenium.NoSuchElementException">
      <![CDATA[org.openqa.selenium.NoSuchElementException: no such element: Unable to locate element: {"method":"css selector","selector":"[class="bnt ok-btn"]"}
  (Session info: chrome=126.0.6478.114)
For documentation on this error, please visit: https://www.selenium.dev/documentation/webdriver/troubleshooting/errors#no-such-element-exception
Build info: version: '4.21.0', revision: '79ed462ef4'
System info: os.name: 'Windows 11', os.arch: 'amd64', os.version: '10.0', java.version: '22.0.1'
Driver info: org.openqa.selenium.chrome.ChromeDriver
Command: [b8fbae8652300a2ff4ee5b061062fd32, findElement {using=css selector, value=[class="bnt ok-btn"]}]
Capabilities {acceptInsecureCerts: false, browserName: chrome, browserVersion: 126.0.6478.114, chrome: {chromedriverVersion: 126.0.6478.126 (d36ace6122e..., userDataDir: C:\Users\AA\AppData\Local\T...}, fedcm:accounts: true, goog:chromeOptions: {debuggerAddress: localhost:50758}, networkConnectionEnabled: false, pageLoadStrategy: normal, platformName: windows, proxy: Proxy(), se:cdp: ws://localhost:50758/devtoo..., se:cdpVersion: 126.0.6478.114, setWindowRect: true, strictFileInteractability: false, timeouts: {implicit: 0, pageLoad: 300000, script: 30000}, unhandledPromptBehavior: dismiss and notify, webauthn:extension:credBlob: true, webauthn:extension:largeBlob: true, webauthn:extension:minPinLength: true, webauthn:extension:prf: true, webauthn:virtualAuthenticators: true}
Session ID: b8fbae8652300a2ff4ee5b061062fd32
at java.base/jdk.internal.reflect.DirectConstructorHandleAccessor.newInstance(DirectConstructorHandleAccessor.java:62)
at java.base/java.lang.reflect.Constructor.newInstanceWithCaller(Constructor.java:502)
at java.base/java.lang.reflect.Constructor.newInstance(Constructor.java:486)
at org.openqa.selenium.remote.ErrorCodec.decode(ErrorCodec.java:167)
at org.openqa.selenium.remote.codec.w3c.W3CHttpResponseCodec.decode(W3CHttpResponseCodec.java:138)
at org.openqa.selenium.remote.codec.w3c.W3CHttpResponseCodec.decode(W3CHttpResponseCodec.java:50)
at org.openqa.selenium.remote.HttpCommandExecutor.execute(HttpCommandExecutor.java:190)
at org.openqa.selenium.remote.service.DriverCommandExecutor.invokeExecute(DriverCommandExecutor.java:216)
at org.openqa.selenium.remote.service.DriverCommandExecutor.execute(DriverCommandExecutor.java:174)
at org.openqa.selenium.remote.RemoteWebDriver.execute(RemoteWebDriver.java:518)
at org.openqa.selenium.remote.ElementLocation$ElementFinder$2.findElement(ElementLocation.java:165)
at org.openqa.selenium.remote.ElementLocation.findElement(ElementLocation.java:59)
at org.openqa.selenium.remote.RemoteWebDriver.findElement(RemoteWebDriver.java:355)
at org.openqa.selenium.remote.RemoteWebDriver.findElement(RemoteWebDriver.java:349)
at dbp_Login_Extends.Login_Page.Setup(Login_Page.java:90)
at java.base/jdk.internal.reflect.DirectMethodHandleAccessor.invoke(DirectMethodHandleAccessor.java:103)
at java.base/java.lang.reflect.Method.invoke(Method.java:580)
at org.testng.internal.MethodInvocationHelper.invokeMethod(MethodInvocationHelper.java:133)
at org.testng.internal.MethodInvocationHelper.invokeMethodConsideringTimeout(MethodInvocationHelper.java:62)
at org.testng.internal.ConfigInvoker.invokeConfigurationMethod(ConfigInvoker.java:385)
at org.testng.internal.ConfigInvoker.invokeConfigurations(ConfigInvoker.java:321)
at org.testng.internal.TestMethodWorker.invokeBeforeClassMethods(TestMethodWorker.java:176)
at org.testng.internal.TestMethodWorker.run(TestMethodWorker.java:122)
at java.base/java.util.ArrayList.forEach(ArrayList.java:1597)
at org.testng.TestRunner.privateRun(TestRunner.java:794)
at org.testng.TestRunner.run(TestRunner.java:596)
at org.testng.SuiteRunner.runTest(SuiteRunner.java:377)
at org.testng.SuiteRunner.runSequentially(SuiteRunner.java:371)
at org.testng.SuiteRunner.privateRun(SuiteRunner.java:332)
at org.testng.SuiteRunner.run(SuiteRunner.java:276)
at org.testng.SuiteRunnerWorker.runSuite(SuiteRunnerWorker.java:53)
at org.testng.SuiteRunnerWorker.run(SuiteRunnerWorker.java:96)
at org.testng.TestNG.runSuitesSequentially(TestNG.java:1212)
at org.testng.TestNG.runSuitesLocally(TestNG.java:1134)
at org.testng.TestNG.runSuites(TestNG.java:1063)
at org.testng.TestNG.run(TestNG.java:1031)
at org.testng.remote.AbstractRemoteTestNG.run(AbstractRemoteTestNG.java:115)
at org.testng.remote.RemoteTestNG.initAndRun(RemoteTestNG.java:293)
at org.testng.remote.RemoteTestNG.main(RemoteTestNG.java:91)
]]>
    </error>
  </testcase> <!-- Setup -->
  <system-out/>
  <testcase classname="dbp_Login_Extends.Intrest_Cost" name="clearData" time="0.000">
    <skipped/>
  </testcase> <!-- clearData -->
  <system-out/>
  <testcase classname="dbp_Login_Extends.Intrest_Cost" name="Save_the_Data" time="0.000">
    <skipped/>
  </testcase> <!-- Save_the_Data -->
  <system-out/>
  <testcase classname="dbp_Login_Extends.Intrest_Cost" name="Short_Term_Loan_From_Banks_Financial_Institutions_In_NEW_Cars" time="0.000">
    <skipped/>
  </testcase> <!-- Short_Term_Loan_From_Banks_Financial_Institutions_In_NEW_Cars -->
  <system-out/>
  <testcase classname="dbp_Login_Extends.Intrest_Cost" name="Short_Term_Loan_From_Banks_Financial_Institutions_in_MSGA" time="0.000">
    <skipped/>
  </testcase> <!-- Short_Term_Loan_From_Banks_Financial_Institutions_in_MSGA -->
  <system-out/>
  <testcase classname="dbp_Login_Extends.Intrest_Cost" name="Short_Term_Loan_From_Banks_Financial_Institutions_in_Service" time="0.000">
    <skipped/>
  </testcase> <!-- Short_Term_Loan_From_Banks_Financial_Institutions_in_Service -->
  <system-out/>
  <testcase classname="dbp_Login_Extends.Intrest_Cost" name="Short_Term_Loan_From_Banks_Financial_Institutions_in_Spares" time="0.000">
    <skipped/>
  </testcase> <!-- Short_Term_Loan_From_Banks_Financial_Institutions_in_Spares -->
  <system-out/>
  <testcase classname="dbp_Login_Extends.Intrest_Cost" name="Short_Term_Loan_From_Banks_Financial_Institutions_in_POC" time="0.000">
    <skipped/>
  </testcase> <!-- Short_Term_Loan_From_Banks_Financial_Institutions_in_POC -->
  <system-out/>
  <testcase classname="dbp_Login_Extends.Intrest_Cost" name="Short_Term_Loan_From_Banks_Financial_Institutions_in_MI" time="0.000">
    <skipped/>
  </testcase> <!-- Short_Term_Loan_From_Banks_Financial_Institutions_in_MI -->
  <system-out/>
  <testcase classname="dbp_Login_Extends.Intrest_Cost" name="Short_Term_Loan_From_Banks_Financial_Institutions_in_MDS" time="0.000">
    <skipped/>
  </testcase> <!-- Short_Term_Loan_From_Banks_Financial_Institutions_in_MDS -->
  <system-out/>
  <testcase classname="dbp_Login_Extends.Intrest_Cost" name="Short_Term_Loan_From_Banks_Financial_Institutions_in_Totals" time="0.000">
    <skipped/>
  </testcase> <!-- Short_Term_Loan_From_Banks_Financial_Institutions_in_Totals -->
  <system-out/>
  <testcase classname="dbp_Login_Extends.Intrest_Cost" name="Short_Term_Loan_From_Directors_Related_Parties_In_NEW_Cars" time="0.000">
    <skipped/>
  </testcase> <!-- Short_Term_Loan_From_Directors_Related_Parties_In_NEW_Cars -->
  <system-out/>
  <testcase classname="dbp_Login_Extends.Intrest_Cost" name="Short_Term_Loan_From_Directors_Related_Parties_in_MSGA" time="0.000">
    <skipped/>
  </testcase> <!-- Short_Term_Loan_From_Directors_Related_Parties_in_MSGA -->
  <system-out/>
  <testcase classname="dbp_Login_Extends.Intrest_Cost" name="Short_Term_Loan_From_Directors_Related_Parties_in_Service" time="0.000">
    <skipped/>
  </testcase> <!-- Short_Term_Loan_From_Directors_Related_Parties_in_Service -->
  <system-out/>
  <testcase classname="dbp_Login_Extends.Intrest_Cost" name="Short_Term_Loan_From_Directors_Related_Parties_in_Spares" time="0.000">
    <skipped/>
  </testcase> <!-- Short_Term_Loan_From_Directors_Related_Parties_in_Spares -->
  <system-out/>
  <testcase classname="dbp_Login_Extends.Intrest_Cost" name="Short_Term_Loan_From_Directors_Related_Parties_in_POC" time="0.000">
    <skipped/>
  </testcase> <!-- Short_Term_Loan_From_Directors_Related_Parties_in_POC -->
  <system-out/>
  <testcase classname="dbp_Login_Extends.Intrest_Cost" name="Short_Term_Loan_From_Directors_Related_Parties_in_MI" time="0.000">
    <skipped/>
  </testcase> <!-- Short_Term_Loan_From_Directors_Related_Parties_in_MI -->
  <system-out/>
  <testcase classname="dbp_Login_Extends.Intrest_Cost" name="Short_Term_Loan_From_Directors_Related_Parties_in_MDS" time="0.000">
    <skipped/>
  </testcase> <!-- Short_Term_Loan_From_Directors_Related_Parties_in_MDS -->
  <system-out/>
  <testcase classname="dbp_Login_Extends.Intrest_Cost" name="Short_Term_Loan_From_Directors_Related_Parties_in_Totals" time="0.000">
    <skipped/>
  </testcase> <!-- Short_Term_Loan_From_Directors_Related_Parties_in_Totals -->
  <system-out/>
  <testcase classname="dbp_Login_Extends.Intrest_Cost" name="Total_Short_Term_Loans_In_New_Cars" time="0.000">
    <skipped/>
  </testcase> <!-- Total_Short_Term_Loans_In_New_Cars -->
  <system-out/>
  <testcase classname="dbp_Login_Extends.Intrest_Cost" name="Total_Short_Term_Loans_In_MSGA" time="0.000">
    <skipped/>
  </testcase> <!-- Total_Short_Term_Loans_In_MSGA -->
  <system-out/>
  <testcase classname="dbp_Login_Extends.Intrest_Cost" name="Total_Short_Term_Loans_In_Service" time="0.000">
    <skipped/>
  </testcase> <!-- Total_Short_Term_Loans_In_Service -->
  <system-out/>
  <testcase classname="dbp_Login_Extends.Intrest_Cost" name="Total_Short_Term_Loans_In_Spares" time="0.000">
    <skipped/>
  </testcase> <!-- Total_Short_Term_Loans_In_Spares -->
  <system-out/>
  <testcase classname="dbp_Login_Extends.Intrest_Cost" name="Total_Short_Term_Loans_In_POC" time="0.000">
    <skipped/>
  </testcase> <!-- Total_Short_Term_Loans_In_POC -->
  <system-out/>
  <testcase classname="dbp_Login_Extends.Intrest_Cost" name="Total_Short_Term_Loans_In_MI" time="0.000">
    <skipped/>
  </testcase> <!-- Total_Short_Term_Loans_In_MI -->
  <system-out/>
  <testcase classname="dbp_Login_Extends.Intrest_Cost" name="Total_Short_Term_Loans_In_MDS" time="0.000">
    <skipped/>
  </testcase> <!-- Total_Short_Term_Loans_In_MDS -->
  <system-out/>
  <testcase classname="dbp_Login_Extends.Intrest_Cost" name="Total_Short_Term_Loans_In_Totals" time="0.000">
    <skipped/>
  </testcase> <!-- Total_Short_Term_Loans_In_Totals -->
  <system-out/>
  <testcase classname="dbp_Login_Extends.Intrest_Cost" name="Total_Short_Term_Loans" time="0.000">
    <skipped/>
  </testcase> <!-- Total_Short_Term_Loans -->
  <system-out/>
  <testcase classname="dbp_Login_Extends.Intrest_Cost" name="Short_Term_Loan_Interest_Cost_Banks_And_Financial_In_NEW_Cars" time="0.000">
    <skipped/>
  </testcase> <!-- Short_Term_Loan_Interest_Cost_Banks_And_Financial_In_NEW_Cars -->
  <system-out/>
  <testcase classname="dbp_Login_Extends.Intrest_Cost" name="Short_Term_Loan_Interest_Cost_Banks_And_Financial_In_MSGA" time="0.000">
    <skipped/>
  </testcase> <!-- Short_Term_Loan_Interest_Cost_Banks_And_Financial_In_MSGA -->
  <system-out/>
  <testcase classname="dbp_Login_Extends.Intrest_Cost" name="Short_Term_Loan_Interest_Cost_Banks_And_Financial_In_Service" time="0.000">
    <skipped/>
  </testcase> <!-- Short_Term_Loan_Interest_Cost_Banks_And_Financial_In_Service -->
  <system-out/>
  <testcase classname="dbp_Login_Extends.Intrest_Cost" name="Short_Term_Loan_Interest_Cost_Banks_And_Financial_In_Spares" time="0.000">
    <skipped/>
  </testcase> <!-- Short_Term_Loan_Interest_Cost_Banks_And_Financial_In_Spares -->
  <system-out/>
  <testcase classname="dbp_Login_Extends.Intrest_Cost" name="Short_Term_Loan_Interest_Cost_Banks_And_Financial_In_POC" time="0.000">
    <skipped/>
  </testcase> <!-- Short_Term_Loan_Interest_Cost_Banks_And_Financial_In_POC -->
  <system-out/>
  <testcase classname="dbp_Login_Extends.Intrest_Cost" name="Short_Term_Loan_Interest_Cost_Banks_And_Financial_In_MI" time="0.000">
    <skipped/>
  </testcase> <!-- Short_Term_Loan_Interest_Cost_Banks_And_Financial_In_MI -->
  <system-out/>
  <testcase classname="dbp_Login_Extends.Intrest_Cost" name="Short_Term_Loan_____Interest_Cost_Banks_And_Financial_In_MDS" time="0.000">
    <skipped/>
  </testcase> <!-- Short_Term_Loan_____Interest_Cost_Banks_And_Financial_In_MDS -->
  <system-out/>
  <testcase classname="dbp_Login_Extends.Intrest_Cost" name="Short_Term_Loan____Interest_Cost_Banks_And_Financial_In_Totals" time="0.000">
    <skipped/>
  </testcase> <!-- Short_Term_Loan____Interest_Cost_Banks_And_Financial_In_Totals -->
  <system-out/>
  <testcase classname="dbp_Login_Extends.Intrest_Cost" name="Short_Term_Loan____Interest_Cost_Directors_Related_Parties____In_NEW_Cars" time="0.000">
    <skipped/>
  </testcase> <!-- Short_Term_Loan____Interest_Cost_Directors_Related_Parties____In_NEW_Cars -->
  <system-out/>
  <testcase classname="dbp_Login_Extends.Intrest_Cost" name="Short_Term_Loan_____Interest_Cost_Directors_Related_Parties_____In_MSGA" time="0.000">
    <skipped/>
  </testcase> <!-- Short_Term_Loan_____Interest_Cost_Directors_Related_Parties_____In_MSGA -->
  <system-out/>
  <testcase classname="dbp_Login_Extends.Intrest_Cost" name="Short_Term_Loan______Interest_Cost_Directors_Related_Parties______In_Service" time="0.000">
    <skipped/>
  </testcase> <!-- Short_Term_Loan______Interest_Cost_Directors_Related_Parties______In_Service -->
  <system-out/>
  <testcase classname="dbp_Login_Extends.Intrest_Cost" name="Short_Term_Loan______Interest_Cost_Directors_Related_Parties______In_Spares" time="0.000">
    <skipped/>
  </testcase> <!-- Short_Term_Loan______Interest_Cost_Directors_Related_Parties______In_Spares -->
  <system-out/>
  <testcase classname="dbp_Login_Extends.Intrest_Cost" name="Short_Term_Loan______Interest_Cost_Directors_Related_Parties______In_POC" time="0.000">
    <skipped/>
  </testcase> <!-- Short_Term_Loan______Interest_Cost_Directors_Related_Parties______In_POC -->
  <system-out/>
  <testcase classname="dbp_Login_Extends.Intrest_Cost" name="Short_Term_Loan______Interest_Cost_Directors_Related_Parties______In_MI" time="0.000">
    <skipped/>
  </testcase> <!-- Short_Term_Loan______Interest_Cost_Directors_Related_Parties______In_MI -->
  <system-out/>
  <testcase classname="dbp_Login_Extends.Intrest_Cost" name="Short_Term_Loan______Interest_Cost_Directors_Related_Parties______In_MDS" time="0.000">
    <skipped/>
  </testcase> <!-- Short_Term_Loan______Interest_Cost_Directors_Related_Parties______In_MDS -->
  <system-out/>
  <testcase classname="dbp_Login_Extends.Intrest_Cost" name="Short_Term_Loan__Interest_Cost_Directors_Related_Parties_In_Totals" time="0.000">
    <skipped/>
  </testcase> <!-- Short_Term_Loan__Interest_Cost_Directors_Related_Parties_In_Totals -->
  <system-out/>
  <testcase classname="dbp_Login_Extends.Intrest_Cost" name="Total_Interest_Paid_on_ST_Loans___OF_New_cars" time="0.000">
    <skipped/>
  </testcase> <!-- Total_Interest_Paid_on_ST_Loans___OF_New_cars -->
  <system-out/>
  <testcase classname="dbp_Login_Extends.Intrest_Cost" name="Total_Interest_Paid_on_ST_Loans_OF_MSGA" time="0.000">
    <skipped/>
  </testcase> <!-- Total_Interest_Paid_on_ST_Loans_OF_MSGA -->
  <system-out/>
  <testcase classname="dbp_Login_Extends.Intrest_Cost" name="Total_Interest_Paid_on_ST_Loans_OF_SERVICES" time="0.000">
    <skipped/>
  </testcase> <!-- Total_Interest_Paid_on_ST_Loans_OF_SERVICES -->
  <system-out/>
  <testcase classname="dbp_Login_Extends.Intrest_Cost" name="Total_Interest_Paid_on_ST_Loans_OF_SPARES" time="0.000">
    <skipped/>
  </testcase> <!-- Total_Interest_Paid_on_ST_Loans_OF_SPARES -->
  <system-out/>
  <testcase classname="dbp_Login_Extends.Intrest_Cost" name="Total_Interest_Paid_on_ST_Loans_OF_POc" time="0.000">
    <skipped/>
  </testcase> <!-- Total_Interest_Paid_on_ST_Loans_OF_POc -->
  <system-out/>
  <testcase classname="dbp_Login_Extends.Intrest_Cost" name="Total_Interest_Paid_on_ST_Loans_OF_MI" time="0.000">
    <skipped/>
  </testcase> <!-- Total_Interest_Paid_on_ST_Loans_OF_MI -->
  <system-out/>
  <testcase classname="dbp_Login_Extends.Intrest_Cost" name="Total_Interest_Paid_on_ST_Loans_OF_MDS" time="0.000">
    <skipped/>
  </testcase> <!-- Total_Interest_Paid_on_ST_Loans_OF_MDS -->
  <system-out/>
  <testcase classname="dbp_Login_Extends.Intrest_Cost" name="Total_Interest_Paid_on_ST_Loans_OF_Totals" time="0.000">
    <skipped/>
  </testcase> <!-- Total_Interest_Paid_on_ST_Loans_OF_Totals -->
  <system-out/>
  <testcase classname="dbp_Login_Extends.Intrest_Cost" name="Long_Term_Loan_From_Banks_Financial_Institutions_In_NEW_Cars" time="0.000">
    <skipped/>
  </testcase> <!-- Long_Term_Loan_From_Banks_Financial_Institutions_In_NEW_Cars -->
  <system-out/>
  <testcase classname="dbp_Login_Extends.Intrest_Cost" name="Long_Term_Loan_From_Banks_Financial_Institutions_In_M_S_G_A" time="0.000">
    <skipped/>
  </testcase> <!-- Long_Term_Loan_From_Banks_Financial_Institutions_In_M_S_G_A -->
  <system-out/>
  <testcase classname="dbp_Login_Extends.Intrest_Cost" name="Long_Term_Loan_From_Banks_Financial_Institutions_In_SERVICESS" time="0.000">
    <skipped/>
  </testcase> <!-- Long_Term_Loan_From_Banks_Financial_Institutions_In_SERVICESS -->
  <system-out/>
  <testcase classname="dbp_Login_Extends.Intrest_Cost" name="Long_Term_Loan_From_Banks_Financial_Institutions_In_SPARES" time="0.000">
    <skipped/>
  </testcase> <!-- Long_Term_Loan_From_Banks_Financial_Institutions_In_SPARES -->
  <system-out/>
  <testcase classname="dbp_Login_Extends.Intrest_Cost" name="Long_Term_Loan_From_Banks_Financial_Institutions_In_POC" time="0.000">
    <skipped/>
  </testcase> <!-- Long_Term_Loan_From_Banks_Financial_Institutions_In_POC -->
  <system-out/>
  <testcase classname="dbp_Login_Extends.Intrest_Cost" name="Long_Term_Loan_From_Banks_Financial_Institutions_In_M_I" time="0.000">
    <skipped/>
  </testcase> <!-- Long_Term_Loan_From_Banks_Financial_Institutions_In_M_I -->
  <system-out/>
  <testcase classname="dbp_Login_Extends.Intrest_Cost" name="Long_Term_Loan_From_Banks_Financial_Institutions_In_MDS" time="0.000">
    <skipped/>
  </testcase> <!-- Long_Term_Loan_From_Banks_Financial_Institutions_In_MDS -->
  <system-out/>
  <testcase classname="dbp_Login_Extends.Intrest_Cost" name="Long_Term_Loan_From_Banks_Financial_Institutions_of_Totals" time="0.000">
    <skipped/>
  </testcase> <!-- Long_Term_Loan_From_Banks_Financial_Institutions_of_Totals -->
  <system-out/>
  <testcase classname="dbp_Login_Extends.Intrest_Cost" name="Long_Term_Loan_From_Directors_Related_Parties_In_NEW_Cars" time="0.000">
    <skipped/>
  </testcase> <!-- Long_Term_Loan_From_Directors_Related_Parties_In_NEW_Cars -->
  <system-out/>
  <testcase classname="dbp_Login_Extends.Intrest_Cost" name="Long_Term_Loan_From_Directors_Related_Parties_In_M_S_G_A" time="0.000">
    <skipped/>
  </testcase> <!-- Long_Term_Loan_From_Directors_Related_Parties_In_M_S_G_A -->
  <system-out/>
  <testcase classname="dbp_Login_Extends.Intrest_Cost" name="Long_Term_Loan_From_Directors_Related_Parties_In_SERVICESS" time="0.000">
    <skipped/>
  </testcase> <!-- Long_Term_Loan_From_Directors_Related_Parties_In_SERVICESS -->
  <system-out/>
  <testcase classname="dbp_Login_Extends.Intrest_Cost" name="Long_Term_Loan_From_Directors_Related_Parties_In_SPARES" time="0.000">
    <skipped/>
  </testcase> <!-- Long_Term_Loan_From_Directors_Related_Parties_In_SPARES -->
  <system-out/>
  <testcase classname="dbp_Login_Extends.Intrest_Cost" name="Long_Term_Loan_From_Directors_Related_Parties_In_POC" time="0.000">
    <skipped/>
  </testcase> <!-- Long_Term_Loan_From_Directors_Related_Parties_In_POC -->
  <system-out/>
  <testcase classname="dbp_Login_Extends.Intrest_Cost" name="Long_Term_Loan_From_Directors_Related_Parties_In_M_I" time="0.000">
    <skipped/>
  </testcase> <!-- Long_Term_Loan_From_Directors_Related_Parties_In_M_I -->
  <system-out/>
  <testcase classname="dbp_Login_Extends.Intrest_Cost" name="Long_Term_Loan_From_Directors_Related_Parties_In_MDS" time="0.000">
    <skipped/>
  </testcase> <!-- Long_Term_Loan_From_Directors_Related_Parties_In_MDS -->
  <system-out/>
  <testcase classname="dbp_Login_Extends.Intrest_Cost" name="Long_Term_Loan_From_Directors_Related_Parties_of_Totals" time="0.000">
    <skipped/>
  </testcase> <!-- Long_Term_Loan_From_Directors_Related_Parties_of_Totals -->
  <system-out/>
  <testcase classname="dbp_Login_Extends.Intrest_Cost" name="Total_Long_Term_Loans_of_NEw_Cars" time="0.000">
    <skipped/>
  </testcase> <!-- Total_Long_Term_Loans_of_NEw_Cars -->
  <system-out/>
  <testcase classname="dbp_Login_Extends.Intrest_Cost" name="Total_Long_Term_Loans_of_MSGA" time="0.000">
    <skipped/>
  </testcase> <!-- Total_Long_Term_Loans_of_MSGA -->
  <system-out/>
  <testcase classname="dbp_Login_Extends.Intrest_Cost" name="Total_Long_Term_Loans_of_Servicee" time="0.000">
    <skipped/>
  </testcase> <!-- Total_Long_Term_Loans_of_Servicee -->
  <system-out/>
  <testcase classname="dbp_Login_Extends.Intrest_Cost" name="Total_Long_Term_Loans_of_Spares" time="0.000">
    <skipped/>
  </testcase> <!-- Total_Long_Term_Loans_of_Spares -->
  <system-out/>
  <testcase classname="dbp_Login_Extends.Intrest_Cost" name="Total_Long_Term_Loans_of_POC" time="0.000">
    <skipped/>
  </testcase> <!-- Total_Long_Term_Loans_of_POC -->
  <system-out/>
  <testcase classname="dbp_Login_Extends.Intrest_Cost" name="Total_Long_Term_Loans_of_MI" time="0.000">
    <skipped/>
  </testcase> <!-- Total_Long_Term_Loans_of_MI -->
  <system-out/>
  <testcase classname="dbp_Login_Extends.Intrest_Cost" name="Total_Long_Term_Loans_of_MDS" time="0.000">
    <skipped/>
  </testcase> <!-- Total_Long_Term_Loans_of_MDS -->
  <system-out/>
  <testcase classname="dbp_Login_Extends.Intrest_Cost" name="Total_Long_Term_Loans_of_TOTALS_Rs" time="0.000">
    <skipped/>
  </testcase> <!-- Total_Long_Term_Loans_of_TOTALS_Rs -->
  <system-out/>
  <testcase classname="dbp_Login_Extends.Intrest_Cost" name="Total_Long_Term_Loans" time="0.000">
    <skipped/>
  </testcase> <!-- Total_Long_Term_Loans -->
  <system-out/>
  <testcase classname="dbp_Login_Extends.Intrest_Cost" name="Long_Term_Loan_Interest_Cost_Bank_and_Financial_In_NEW_Cars" time="0.000">
    <skipped/>
  </testcase> <!-- Long_Term_Loan_Interest_Cost_Bank_and_Financial_In_NEW_Cars -->
  <system-out/>
  <testcase classname="dbp_Login_Extends.Intrest_Cost" name="Long_Term_Loan_Interest_Cost_Bank_and_Financial_In_MSGA" time="0.000">
    <skipped/>
  </testcase> <!-- Long_Term_Loan_Interest_Cost_Bank_and_Financial_In_MSGA -->
  <system-out/>
  <testcase classname="dbp_Login_Extends.Intrest_Cost" name="Long_Term_Loan_Interest_Cost_Bank_and_Financial_In_SERVICE" time="0.000">
    <skipped/>
  </testcase> <!-- Long_Term_Loan_Interest_Cost_Bank_and_Financial_In_SERVICE -->
  <system-out/>
  <testcase classname="dbp_Login_Extends.Intrest_Cost" name="Long_Term_Loan_Interest_Cost_Bank_and_Financial_In_Spares" time="0.000">
    <skipped/>
  </testcase> <!-- Long_Term_Loan_Interest_Cost_Bank_and_Financial_In_Spares -->
  <system-out/>
  <testcase classname="dbp_Login_Extends.Intrest_Cost" name="Long_Term_Loan_Interest_Cost_Bank_and_Financial_In_Poc" time="0.000">
    <skipped/>
  </testcase> <!-- Long_Term_Loan_Interest_Cost_Bank_and_Financial_In_Poc -->
  <system-out/>
  <testcase classname="dbp_Login_Extends.Intrest_Cost" name="Long_Term_Loan_Interest_Cost_Bank_and_Financial_In_MI" time="0.000">
    <skipped/>
  </testcase> <!-- Long_Term_Loan_Interest_Cost_Bank_and_Financial_In_MI -->
  <system-out/>
  <testcase classname="dbp_Login_Extends.Intrest_Cost" name="Long_Term_Loan_Interest_Cost_Bank_and_Financial_In_MDS" time="0.000">
    <skipped/>
  </testcase> <!-- Long_Term_Loan_Interest_Cost_Bank_and_Financial_In_MDS -->
  <system-out/>
  <testcase classname="dbp_Login_Extends.Intrest_Cost" name="Long_Term_Loan_Interest_Cost_Bank_and_Financial_In_TOtals" time="0.000">
    <skipped/>
  </testcase> <!-- Long_Term_Loan_Interest_Cost_Bank_and_Financial_In_TOtals -->
  <system-out/>
  <testcase classname="dbp_Login_Extends.Intrest_Cost" name="Long_Term_Loan_Interest_Cost_Directors_Related_Parties_In_NEW_Cars" time="0.000">
    <skipped/>
  </testcase> <!-- Long_Term_Loan_Interest_Cost_Directors_Related_Parties_In_NEW_Cars -->
  <system-out/>
  <testcase classname="dbp_Login_Extends.Intrest_Cost" name="Long_Term_Interest_Cost_Directors_Related_Parties_In_MSGA" time="0.000">
    <skipped/>
  </testcase> <!-- Long_Term_Interest_Cost_Directors_Related_Parties_In_MSGA -->
  <system-out/>
  <testcase classname="dbp_Login_Extends.Intrest_Cost" name="Long_Term_Loan_Interest_Cost_Directors_Related_Parties_In_SERVICE" time="0.000">
    <skipped/>
  </testcase> <!-- Long_Term_Loan_Interest_Cost_Directors_Related_Parties_In_SERVICE -->
  <system-out/>
  <testcase classname="dbp_Login_Extends.Intrest_Cost" name="Long_Term_Loan_Interest_Cost_Directors_Related_Parties_In_Spares" time="0.000">
    <skipped/>
  </testcase> <!-- Long_Term_Loan_Interest_Cost_Directors_Related_Parties_In_Spares -->
  <system-out/>
  <testcase classname="dbp_Login_Extends.Intrest_Cost" name="Long_Term_Loan_Interest_Cost_Directors_Related_Parties_In_Poc" time="0.000">
    <skipped/>
  </testcase> <!-- Long_Term_Loan_Interest_Cost_Directors_Related_Parties_In_Poc -->
  <system-out/>
  <testcase classname="dbp_Login_Extends.Intrest_Cost" name="Long_Term_Loan_Interest_Cost_Directors_Related_Parties_In_MI" time="0.000">
    <skipped/>
  </testcase> <!-- Long_Term_Loan_Interest_Cost_Directors_Related_Parties_In_MI -->
  <system-out/>
  <testcase classname="dbp_Login_Extends.Intrest_Cost" name="Long_Term_Loan_Interest_Cost_Directors_Related_Parties_In_MDS" time="0.000">
    <skipped/>
  </testcase> <!-- Long_Term_Loan_Interest_Cost_Directors_Related_Parties_In_MDS -->
  <system-out/>
  <testcase classname="dbp_Login_Extends.Intrest_Cost" name="Long_Term_Loan_Interest_Cost_Directors_Related_Parties_Of_TOtals" time="0.000">
    <skipped/>
  </testcase> <!-- Long_Term_Loan_Interest_Cost_Directors_Related_Parties_Of_TOtals -->
  <system-out/>
  <testcase classname="dbp_Login_Extends.Intrest_Cost" name="Total_Interest_Cost_on_LT_Loans_Of_NEW_Cars" time="0.000">
    <skipped/>
  </testcase> <!-- Total_Interest_Cost_on_LT_Loans_Of_NEW_Cars -->
  <system-out/>
  <testcase classname="dbp_Login_Extends.Intrest_Cost" name="Total_Interest_Cost_on_LT_Loans_Of_MSGA" time="0.000">
    <skipped/>
  </testcase> <!-- Total_Interest_Cost_on_LT_Loans_Of_MSGA -->
  <system-out/>
  <testcase classname="dbp_Login_Extends.Intrest_Cost" name="Total_Interest_Cost_on_LT_Loans_Of_service" time="0.000">
    <skipped/>
  </testcase> <!-- Total_Interest_Cost_on_LT_Loans_Of_service -->
  <system-out/>
  <testcase classname="dbp_Login_Extends.Intrest_Cost" name="Total_Interest_Cost_on_LT_Loans_Of_Spares" time="0.000">
    <skipped/>
  </testcase> <!-- Total_Interest_Cost_on_LT_Loans_Of_Spares -->
  <system-out/>
  <testcase classname="dbp_Login_Extends.Intrest_Cost" name="Total_Interest_Cost_on_LT_Loans_Of_PoC" time="0.000">
    <skipped/>
  </testcase> <!-- Total_Interest_Cost_on_LT_Loans_Of_PoC -->
  <system-out/>
  <testcase classname="dbp_Login_Extends.Intrest_Cost" name="Total_Interest_Cost_on_LT_Loans_Of_MI" time="0.000">
    <skipped/>
  </testcase> <!-- Total_Interest_Cost_on_LT_Loans_Of_MI -->
  <system-out/>
  <testcase classname="dbp_Login_Extends.Intrest_Cost" name="Total_Interest_Cost_on_LT_Loans_Of_MDS" time="0.000">
    <skipped/>
  </testcase> <!-- Total_Interest_Cost_on_LT_Loans_Of_MDS -->
  <system-out/>
  <testcase classname="dbp_Login_Extends.Intrest_Cost" name="Total_Interest_Cost_on_LT_Loans_Of_Totals" time="0.000">
    <skipped/>
  </testcase> <!-- Total_Interest_Cost_on_LT_Loans_Of_Totals -->
  <system-out/>
  <testcase classname="dbp_Login_Extends.Intrest_Cost" name="Total_Interest_Cost_on_LT_Loans" time="0.000">
    <skipped/>
  </testcase> <!-- Total_Interest_Cost_on_LT_Loans -->
  <system-out/>
  <testcase classname="dbp_Login_Extends.Intrest_Cost" name="Click_on_New_Cars" time="0.000">
    <skipped/>
  </testcase> <!-- Click_on_New_Cars -->
  <system-out/>
  <testcase classname="dbp_Login_Extends.Intrest_Cost" name="ST_Interest_Cost_Per_Car" time="0.000">
    <skipped/>
  </testcase> <!-- ST_Interest_Cost_Per_Car -->
  <system-out/>
  <testcase classname="dbp_Login_Extends.Intrest_Cost" name="LT_Interest_Cost_Per_Car" time="0.000">
    <skipped/>
  </testcase> <!-- LT_Interest_Cost_Per_Car -->
  <system-out/>
  <testcase classname="dbp_Login_Extends.Intrest_Cost" name="Total_Interest_Cost_Per_Car" time="0.000">
    <skipped/>
  </testcase> <!-- Total_Interest_Cost_Per_Car -->
  <system-out/>
</testsuite> <!-- dbp_Login_Extends.Intrest_Cost -->
