<?xml version="1.0" encoding="UTF-8"?>
<!-- Generated by org.testng.reporters.JUnitReportReporter -->
<testsuite hostname="DESKTOP-7SBKKJ1" failures="0" tests="66" name="psf_Complaint_Management.ComplaintManagementPage_Filters_And_Tabs" time="1442.448" errors="0" timestamp="2024-08-01T10:26:25 IST" skipped="0">
  <testcase classname="psf_Complaint_Management.ComplaintManagementPage_Filters_And_Tabs" name="Username" time="2.167"/>
  <system-out/>
  <testcase classname="psf_Complaint_Management.ComplaintManagementPage_Filters_And_Tabs" name="Password" time="3.108"/>
  <system-out/>
  <testcase classname="psf_Complaint_Management.ComplaintManagementPage_Filters_And_Tabs" name="Login_Button" time="4.089"/>
  <system-out/>
  <testcase classname="psf_Complaint_Management.ComplaintManagementPage_Filters_And_Tabs" name="Click_On_Service_PSF" time="11.624"/>
  <system-out/>
  <testcase classname="psf_Complaint_Management.ComplaintManagementPage_Filters_And_Tabs" name="Click_On_Complaint_Management_option" time="4.168"/>
  <system-out/>
  <testcase classname="psf_Complaint_Management.ComplaintManagementPage_Filters_And_Tabs" name="HeaderPresence" time="0.074"/>
  <system-out/>
  <testcase classname="psf_Complaint_Management.ComplaintManagementPage_Filters_And_Tabs" name="HeaderContent" time="6.031"/>
  <system-out/>
  <testcase classname="psf_Complaint_Management.ComplaintManagementPage_Filters_And_Tabs" name="Service_Type" time="289.338"/>
  <system-out/>
  <testcase classname="psf_Complaint_Management.ComplaintManagementPage_Filters_And_Tabs" name="ClickOn_InProgressComplaintsTab" time="5.347"/>
  <system-out/>
  <testcase classname="psf_Complaint_Management.ComplaintManagementPage_Filters_And_Tabs" name="Verify_AppointmentDate_AdditionalFilter" time="73.252"/>
  <system-out/>
  <testcase classname="psf_Complaint_Management.ComplaintManagementPage_Filters_And_Tabs" name="ClickOn_TotalComplaintsTab" time="5.201"/>
  <system-out/>
  <testcase classname="psf_Complaint_Management.ComplaintManagementPage_Filters_And_Tabs" name="Service_Advisor_Name_AdditionalFilter" time="42.225"/>
  <system-out/>
  <testcase classname="psf_Complaint_Management.ComplaintManagementPage_Filters_And_Tabs" name="JCBillDateFilter" time="86.895"/>
  <system-out/>
  <testcase classname="psf_Complaint_Management.ComplaintManagementPage_Filters_And_Tabs" name="LastCallDateFilter" time="70.069"/>
  <system-out/>
  <testcase classname="psf_Complaint_Management.ComplaintManagementPage_Filters_And_Tabs" name="ResolutionDateFilter" time="68.334"/>
  <system-out/>
  <testcase classname="psf_Complaint_Management.ComplaintManagementPage_Filters_And_Tabs" name="ComplaintRegDateFilter" time="72.297"/>
  <system-out/>
  <testcase classname="psf_Complaint_Management.ComplaintManagementPage_Filters_And_Tabs" name="Resolution_Mechanism_Filter_For_Explanation" time="37.737"/>
  <system-out/>
  <testcase classname="psf_Complaint_Management.ComplaintManagementPage_Filters_And_Tabs" name="Resolution_Mechanism_Filter_For_WorkshopVisit" time="37.496"/>
  <system-out/>
  <testcase classname="psf_Complaint_Management.ComplaintManagementPage_Filters_And_Tabs" name="Resolution_Mechanism_Filter_For_HomeVisit" time="36.736"/>
  <system-out/>
  <testcase classname="psf_Complaint_Management.ComplaintManagementPage_Filters_And_Tabs" name="TestFilterComplaintAge" time="37.278"/>
  <system-out/>
  <testcase classname="psf_Complaint_Management.ComplaintManagementPage_Filters_And_Tabs" name="TestFilterResolutionTime" time="34.385"/>
  <system-out/>
  <testcase classname="psf_Complaint_Management.ComplaintManagementPage_Filters_And_Tabs" name="PSF_Rating_Index_FilterOption_AVERAGE" time="40.833"/>
  <system-out/>
  <testcase classname="psf_Complaint_Management.ComplaintManagementPage_Filters_And_Tabs" name="PSF_Rating_Index_FilterOption_POOR" time="36.627"/>
  <system-out/>
  <testcase classname="psf_Complaint_Management.ComplaintManagementPage_Filters_And_Tabs" name="PSF_Rating_Index_FilterOption_GOOD" time="33.751"/>
  <system-out/>
  <testcase classname="psf_Complaint_Management.ComplaintManagementPage_Filters_And_Tabs" name="PSF_Rating_Index_FilterOption_EXCELLENT" time="33.459"/>
  <system-out/>
  <testcase classname="psf_Complaint_Management.ComplaintManagementPage_Filters_And_Tabs" name="PSF_Rating_Index_FilterOption_VERYGOOD" time="33.470"/>
  <system-out/>
  <testcase classname="psf_Complaint_Management.ComplaintManagementPage_Filters_And_Tabs" name="TestVehicleTypeFilter_Private" time="37.646"/>
  <system-out/>
  <testcase classname="psf_Complaint_Management.ComplaintManagementPage_Filters_And_Tabs" name="TestVehicleTypeFilter_Comm" time="33.328"/>
  <system-out/>
  <testcase classname="psf_Complaint_Management.ComplaintManagementPage_Filters_And_Tabs" name="ModelNameFilter" time="39.811"/>
  <system-out/>
  <testcase classname="psf_Complaint_Management.ComplaintManagementPage_Filters_And_Tabs" name="TotalComplaintTab_Number_MatchWith_Pagination" time="5.074"/>
  <system-out/>
  <testcase classname="psf_Complaint_Management.ComplaintManagementPage_Filters_And_Tabs" name="Verify_TotalComplaintsTab_Left_Buttons_Sum_Match" time="3.101"/>
  <system-out/>
  <testcase classname="psf_Complaint_Management.ComplaintManagementPage_Filters_And_Tabs" name="Verify_TotalComplaintsTab_Right_Buttons_Sum_Match" time="3.102"/>
  <system-out/>
  <testcase classname="psf_Complaint_Management.ComplaintManagementPage_Filters_And_Tabs" name="Verify_TotalComplaintsTab_BOTWebLinkbutton_Pagination" time="5.198"/>
  <system-out/>
  <testcase classname="psf_Complaint_Management.ComplaintManagementPage_Filters_And_Tabs" name="Verify_TotalComplaintsTab_CCEIdentifiedbutton_Pagination" time="5.296"/>
  <system-out/>
  <testcase classname="psf_Complaint_Management.ComplaintManagementPage_Filters_And_Tabs" name="Verify_TotalComplaintsTab_TodayRegisteredbutton_Pagination" time="5.415"/>
  <system-out/>
  <testcase classname="psf_Complaint_Management.ComplaintManagementPage_Filters_And_Tabs" name="Verify_TotalComplaintsTab_TodayAppointmentbutton_Pagination" time="5.107"/>
  <system-out/>
  <testcase classname="psf_Complaint_Management.ComplaintManagementPage_Filters_And_Tabs" name="Verify_TotalComplaintsTab_TomorrowAppointmentbutton_Pagination" time="5.106"/>
  <system-out/>
  <testcase classname="psf_Complaint_Management.ComplaintManagementPage_Filters_And_Tabs" name="Verify_TotalComplaintsTab_OpenComplaintbutton_Pagination" time="8.797"/>
  <system-out/>
  <testcase classname="psf_Complaint_Management.ComplaintManagementPage_Filters_And_Tabs" name="Verify_TotalComplaintsTab_InprogressComplaintbutton_Pagination" time="3.491"/>
  <system-out/>
  <testcase classname="psf_Complaint_Management.ComplaintManagementPage_Filters_And_Tabs" name="OpenComplaintsTab_Number_MatchWith_Pagination" time="8.514"/>
  <system-out/>
  <testcase classname="psf_Complaint_Management.ComplaintManagementPage_Filters_And_Tabs" name="Verify_OpenComplaintsTab_Left_Buttons_Sum_Match" time="3.098"/>
  <system-out/>
  <testcase classname="psf_Complaint_Management.ComplaintManagementPage_Filters_And_Tabs" name="Verify_OpenComplaintsTab_BOTWebLinkbutton_Pagination" time="5.143"/>
  <system-out/>
  <testcase classname="psf_Complaint_Management.ComplaintManagementPage_Filters_And_Tabs" name="Verify_OpenComplaintsTab_CCEIdentifiedbutton_Pagination" time="5.132"/>
  <system-out/>
  <testcase classname="psf_Complaint_Management.ComplaintManagementPage_Filters_And_Tabs" name="Verify_OpenComplaintsTab_TodayRegisteredbutton_Pagination" time="5.108"/>
  <system-out/>
  <testcase classname="psf_Complaint_Management.ComplaintManagementPage_Filters_And_Tabs" name="Verify_OpenComplaintsTab_TodayFollowUpbutton_Pagination" time="5.114"/>
  <system-out/>
  <testcase classname="psf_Complaint_Management.ComplaintManagementPage_Filters_And_Tabs" name="Verify_OpenComplaintsTab_TodayReopenedbutton_Pagination" time="5.121"/>
  <system-out/>
  <testcase classname="psf_Complaint_Management.ComplaintManagementPage_Filters_And_Tabs" name="InProgressComplaintsTab_Number_MatchWith_Pagination" time="8.319"/>
  <system-out/>
  <testcase classname="psf_Complaint_Management.ComplaintManagementPage_Filters_And_Tabs" name="Verify_InProgressComplaintsTab_Left_Buttons_Sum_Match" time="3.113"/>
  <system-out/>
  <testcase classname="psf_Complaint_Management.ComplaintManagementPage_Filters_And_Tabs" name="Verify_InprogresComplaintTab_BOTWebLinkbutton_Pagination" time="5.163"/>
  <system-out/>
  <testcase classname="psf_Complaint_Management.ComplaintManagementPage_Filters_And_Tabs" name="Verify_InprogresComplaintTab_CCEIdentifiedbutton_Pagination" time="5.136"/>
  <system-out/>
  <testcase classname="psf_Complaint_Management.ComplaintManagementPage_Filters_And_Tabs" name="Verify_InprogresComplaintTab_TomorrowAppointmentbutton_Pagination" time="12.254"/>
  <system-out/>
  <testcase classname="psf_Complaint_Management.ComplaintManagementPage_Filters_And_Tabs" name="Verify_InprogresComplaintTab_TodayAppointmentbutton_Pagination" time="12.341"/>
  <system-out/>
  <testcase classname="psf_Complaint_Management.ComplaintManagementPage_Filters_And_Tabs" name="Verify_InprogresComplaintTab_TodayFollowUpbutton_Pagination" time="5.143"/>
  <system-out/>
  <testcase classname="psf_Complaint_Management.ComplaintManagementPage_Filters_And_Tabs" name="Verify_InprogresComplaintTab_TodayReopenedbutton_Pagination" time="5.172"/>
  <system-out/>
  <testcase classname="psf_Complaint_Management.ComplaintManagementPage_Filters_And_Tabs" name="Verify_InprogresComplaintTab_TodayRegisteredbutton_Pagination" time="5.153"/>
  <system-out/>
  <testcase classname="psf_Complaint_Management.ComplaintManagementPage_Filters_And_Tabs" name="ResolvedComplaintsTab_Number_MatchWith_Pagination" time="8.367"/>
  <system-out/>
  <testcase classname="psf_Complaint_Management.ComplaintManagementPage_Filters_And_Tabs" name="Verify_ResolvedComplaintsTab_Left_Buttons_Sum_Match" time="5.157"/>
  <system-out/>
  <testcase classname="psf_Complaint_Management.ComplaintManagementPage_Filters_And_Tabs" name="Verify_ResolvedComplaintTab_BOTWebLinkbutton_Pagination" time="5.190"/>
  <system-out/>
  <testcase classname="psf_Complaint_Management.ComplaintManagementPage_Filters_And_Tabs" name="Verify_ResolvedComplaintTab_CCEIdentifiedbutton_Pagination" time="5.196"/>
  <system-out/>
  <testcase classname="psf_Complaint_Management.ComplaintManagementPage_Filters_And_Tabs" name="Verify_ResolvedComplaintTab_TodayResolvedbutton_Pagination" time="11.431"/>
  <system-out/>
  <testcase classname="psf_Complaint_Management.ComplaintManagementPage_Filters_And_Tabs" name="Verify_ResolvedComplaintTab_TodayPRF_Pagination" time="5.149"/>
  <system-out/>
  <testcase classname="psf_Complaint_Management.ComplaintManagementPage_Filters_And_Tabs" name="ClosedComplaintsTab_Number_MatchWith_Pagination" time="8.364"/>
  <system-out/>
  <testcase classname="psf_Complaint_Management.ComplaintManagementPage_Filters_And_Tabs" name="Verify_ClosedComplaintsTab_Left_Buttons_Sum_Match" time="5.175"/>
  <system-out/>
  <testcase classname="psf_Complaint_Management.ComplaintManagementPage_Filters_And_Tabs" name="Verify_ClosedComplaintTab_BOTWebLinkbutton_Pagination" time="5.260"/>
  <system-out/>
  <testcase classname="psf_Complaint_Management.ComplaintManagementPage_Filters_And_Tabs" name="Verify_ClosedComplaintTab_CCEIdentifiedbutton_Pagination" time="5.223"/>
  <system-out/>
  <testcase classname="psf_Complaint_Management.ComplaintManagementPage_Filters_And_Tabs" name="Verify_ClosedComplaintTab_TodayClosed_Pagination" time="12.449"/>
  <system-out/>
</testsuite> <!-- psf_Complaint_Management.ComplaintManagementPage_Filters_And_Tabs -->
