<?xml version="1.0" encoding="UTF-8"?>
<!-- Generated by org.testng.reporters.JUnitReportReporter -->
<testsuite hostname="DESKTOP-7SBKKJ1" failures="0" tests="7" name="rsm.HyperLocal_status" time="90.389" errors="0" timestamp="2024-08-08T11:12:14 IST" skipped="0">
  <testcase classname="rsm.HyperLocal_status" name="Username" time="2.298"/>
  <system-out/>
  <testcase classname="rsm.HyperLocal_status" name="Password" time="2.430"/>
  <system-out/>
  <testcase classname="rsm.HyperLocal_status" name="Login_Button" time="20.180"/>
  <system-out/>
  <testcase classname="rsm.HyperLocal_status" name="SUBMIT_Button" time="3.149"/>
  <system-out/>
  <testcase classname="rsm.HyperLocal_status" name="Click_On_Report" time="5.527"/>
  <system-out/>
  <testcase classname="rsm.HyperLocal_status" name="Click_On_The_Hyperlocal_status" time="3.173"/>
  <system-out/>
  <testcase classname="rsm.HyperLocal_status" name="Zone_Region_Wise" time="53.632"/>
  <system-out/>
</testsuite> <!-- rsm.HyperLocal_status -->
