<?xml version="1.0" encoding="UTF-8"?>
<!-- Generated by org.testng.reporters.JUnitReportReporter -->
<testsuite hostname="DESKTOP-7SBKKJ1" failures="0" tests="10" name="pSF_DEMO.ALL_P_S_F" time="701.704" errors="0" timestamp="2024-06-26T12:10:05 IST" skipped="0">
  <testcase classname="pSF_DEMO.ALL_P_S_F" name="Username" time="1.231"/>
  <system-out/>
  <testcase classname="pSF_DEMO.ALL_P_S_F" name="Password" time="1.273"/>
  <system-out/>
  <testcase classname="pSF_DEMO.ALL_P_S_F" name="Login_Button" time="3.169"/>
  <system-out/>
  <testcase classname="pSF_DEMO.ALL_P_S_F" name="Click_On_PSF" time="6.533"/>
  <system-out/>
  <testcase classname="pSF_DEMO.ALL_P_S_F" name="Click_On_the_PSF_Follow_List" time="6.291"/>
  <system-out/>
  <testcase classname="pSF_DEMO.ALL_P_S_F" name="Total_PSF_Due_Numbers_Match" time="2.118"/>
  <system-out/>
  <testcase classname="pSF_DEMO.ALL_P_S_F" name="Click_On_Service_Type_Fillter_Select_BODY_REPAIR" time="20.461"/>
  <system-out/>
  <testcase classname="pSF_DEMO.ALL_P_S_F" name="Service_Type_FILLTER" time="574.575"/>
  <system-out/>
  <testcase classname="pSF_DEMO.ALL_P_S_F" name="Workshop_FILLTER" time="77.105"/>
  <system-out/>
  <testcase classname="pSF_DEMO.ALL_P_S_F" name="CCE_Name_FILTER" time="8.948"/>
  <system-out/>
</testsuite> <!-- pSF_DEMO.ALL_P_S_F -->
