<?xml version="1.0" encoding="UTF-8"?>
<!-- Generated by org.testng.reporters.JUnitReportReporter -->
<testsuite hostname="DESKTOP-7SBKKJ1" failures="0" tests="8" name="SMR.DataAvailability_Report_SMR" time="58.849" errors="0" timestamp="2024-09-04T10:36:41 IST" skipped="0">
  <testcase classname="SMR.DataAvailability_Report_SMR" name="Username" time="2.217"/>
  <system-out/>
  <testcase classname="SMR.DataAvailability_Report_SMR" name="Password" time="2.107"/>
  <system-out/>
  <testcase classname="SMR.DataAvailability_Report_SMR" name="Login_Button" time="20.079"/>
  <system-out/>
  <testcase classname="SMR.DataAvailability_Report_SMR" name="SUBMIT_Button" time="5.076"/>
  <system-out/>
  <testcase classname="SMR.DataAvailability_Report_SMR" name="Click_On_Report" time="6.927"/>
  <system-out/>
  <testcase classname="SMR.DataAvailability_Report_SMR" name="Click_On_Data_Availability_REPORT" time="7.176"/>
  <system-out/>
  <testcase classname="SMR.DataAvailability_Report_SMR" name="Data_Verification_For_Data_Availability_Report" time="5.048"/>
  <system-out/>
  <testcase classname="SMR.DataAvailability_Report_SMR" name="Download_DATA_AVAILABILITY_Report" time="10.219"/>
  <system-out/>
</testsuite> <!-- SMR.DataAvailability_Report_SMR -->
