<?xml version="1.0" encoding="UTF-8"?>
<!-- Generated by org.testng.reporters.JUnitReportReporter -->
<testsuite hostname="DESKTOP-7SBKKJ1" failures="0" tests="7" name="pSF_DEMO.DemoALL_prod_P_S_F" time="52.588" errors="0" timestamp="2024-07-01T10:29:45 IST" skipped="0">
  <testcase classname="pSF_DEMO.DemoALL_prod_P_S_F" name="Username" time="1.176"/>
  <system-out/>
  <testcase classname="pSF_DEMO.DemoALL_prod_P_S_F" name="Password" time="1.113"/>
  <system-out/>
  <testcase classname="pSF_DEMO.DemoALL_prod_P_S_F" name="Login_Button" time="3.073"/>
  <system-out/>
  <testcase classname="pSF_DEMO.DemoALL_prod_P_S_F" name="Click_On_PSF" time="10.052"/>
  <system-out/>
  <testcase classname="pSF_DEMO.DemoALL_prod_P_S_F" name="Click_On_the_PSF_Follow_List" time="6.200"/>
  <system-out/>
  <testcase classname="pSF_DEMO.DemoALL_prod_P_S_F" name="Total_PSF_Due_Numbers_Match" time="2.095"/>
  <system-out/>
  <testcase classname="pSF_DEMO.DemoALL_prod_P_S_F" name="CCE_Name_FILTER" time="28.879"/>
  <system-out/>
</testsuite> <!-- pSF_DEMO.DemoALL_prod_P_S_F -->
