<?xml version="1.0" encoding="UTF-8"?>
<!-- Generated by org.testng.reporters.JUnitReportReporter -->
<testsuite hostname="DESKTOP-7SBKKJ1" failures="0" tests="47" name="SMR.Website_Lead_Report" time="2.358" errors="1" timestamp="2024-08-30T17:30:12 IST" skipped="46">
  <testcase classname="SMR.Website_Lead_Report" name="setup" time="2.358">
    <error message="no such window: target window already closed
from unknown error: web view not found
  (Session info: chrome=128.0.6613.113)
Build info: version: &#039;4.21.0&#039;, revision: &#039;79ed462ef4&#039;
System info: os.name: &#039;Windows 11&#039;, os.arch: &#039;amd64&#039;, os.version: &#039;10.0&#039;, java.version: &#039;22.0.1&#039;
Driver info: org.openqa.selenium.chrome.ChromeDriver
Command: [6cad00ece81de2654057d4211d822fe6, maximizeCurrentWindow {}]
Capabilities {acceptInsecureCerts: false, browserName: chrome, browserVersion: 128.0.6613.113, chrome: {chromedriverVersion: 128.0.6613.86 (3045ed680fda..., userDataDir: C:\WINDOWS\TEMP\scoped_dir9...}, fedcm:accounts: true, goog:chromeOptions: {debuggerAddress: localhost:49967}, networkConnectionEnabled: false, pageLoadStrategy: normal, platformName: windows, proxy: Proxy(), se:cdp: ws://localhost:49967/devtoo..., se:cdpVersion: 128.0.6613.113, setWindowRect: true, strictFileInteractability: false, timeouts: {implicit: 0, pageLoad: 300000, script: 30000}, unhandledPromptBehavior: dismiss and notify, webauthn:extension:credBlob: true, webauthn:extension:largeBlob: true, webauthn:extension:minPinLength: true, webauthn:extension:prf: true, webauthn:virtualAuthenticators: true}
Session ID: 6cad00ece81de2654057d4211d822fe6" type="org.openqa.selenium.NoSuchWindowException">
      <![CDATA[org.openqa.selenium.NoSuchWindowException: no such window: target window already closed
from unknown error: web view not found
  (Session info: chrome=128.0.6613.113)
Build info: version: '4.21.0', revision: '79ed462ef4'
System info: os.name: 'Windows 11', os.arch: 'amd64', os.version: '10.0', java.version: '22.0.1'
Driver info: org.openqa.selenium.chrome.ChromeDriver
Command: [6cad00ece81de2654057d4211d822fe6, maximizeCurrentWindow {}]
Capabilities {acceptInsecureCerts: false, browserName: chrome, browserVersion: 128.0.6613.113, chrome: {chromedriverVersion: 128.0.6613.86 (3045ed680fda..., userDataDir: C:\WINDOWS\TEMP\scoped_dir9...}, fedcm:accounts: true, goog:chromeOptions: {debuggerAddress: localhost:49967}, networkConnectionEnabled: false, pageLoadStrategy: normal, platformName: windows, proxy: Proxy(), se:cdp: ws://localhost:49967/devtoo..., se:cdpVersion: 128.0.6613.113, setWindowRect: true, strictFileInteractability: false, timeouts: {implicit: 0, pageLoad: 300000, script: 30000}, unhandledPromptBehavior: dismiss and notify, webauthn:extension:credBlob: true, webauthn:extension:largeBlob: true, webauthn:extension:minPinLength: true, webauthn:extension:prf: true, webauthn:virtualAuthenticators: true}
Session ID: 6cad00ece81de2654057d4211d822fe6
at java.base/jdk.internal.reflect.DirectConstructorHandleAccessor.newInstance(DirectConstructorHandleAccessor.java:62)
at java.base/java.lang.reflect.Constructor.newInstanceWithCaller(Constructor.java:502)
at java.base/java.lang.reflect.Constructor.newInstance(Constructor.java:486)
at org.openqa.selenium.remote.ErrorCodec.decode(ErrorCodec.java:167)
at org.openqa.selenium.remote.codec.w3c.W3CHttpResponseCodec.decode(W3CHttpResponseCodec.java:138)
at org.openqa.selenium.remote.codec.w3c.W3CHttpResponseCodec.decode(W3CHttpResponseCodec.java:50)
at org.openqa.selenium.remote.HttpCommandExecutor.execute(HttpCommandExecutor.java:190)
at org.openqa.selenium.remote.service.DriverCommandExecutor.invokeExecute(DriverCommandExecutor.java:216)
at org.openqa.selenium.remote.service.DriverCommandExecutor.execute(DriverCommandExecutor.java:174)
at org.openqa.selenium.remote.RemoteWebDriver.execute(RemoteWebDriver.java:518)
at org.openqa.selenium.remote.RemoteWebDriver.execute(RemoteWebDriver.java:591)
at org.openqa.selenium.remote.RemoteWebDriver.execute(RemoteWebDriver.java:595)
at org.openqa.selenium.remote.RemoteWebDriver$RemoteWebDriverOptions$RemoteWindow.maximize(RemoteWebDriver.java:1034)
at SMR.Website_Lead_Report.setup(Website_Lead_Report.java:97)
at java.base/jdk.internal.reflect.DirectMethodHandleAccessor.invoke(DirectMethodHandleAccessor.java:103)
at java.base/java.lang.reflect.Method.invoke(Method.java:580)
at org.testng.internal.MethodInvocationHelper.invokeMethod(MethodInvocationHelper.java:133)
at org.testng.internal.MethodInvocationHelper.invokeMethodConsideringTimeout(MethodInvocationHelper.java:62)
at org.testng.internal.ConfigInvoker.invokeConfigurationMethod(ConfigInvoker.java:385)
at org.testng.internal.ConfigInvoker.invokeConfigurations(ConfigInvoker.java:321)
at org.testng.internal.TestMethodWorker.invokeBeforeClassMethods(TestMethodWorker.java:176)
at org.testng.internal.TestMethodWorker.run(TestMethodWorker.java:122)
at java.base/java.util.ArrayList.forEach(ArrayList.java:1597)
at org.testng.TestRunner.privateRun(TestRunner.java:794)
at org.testng.TestRunner.run(TestRunner.java:596)
at org.testng.SuiteRunner.runTest(SuiteRunner.java:377)
at org.testng.SuiteRunner.runSequentially(SuiteRunner.java:371)
at org.testng.SuiteRunner.privateRun(SuiteRunner.java:332)
at org.testng.SuiteRunner.run(SuiteRunner.java:276)
at org.testng.SuiteRunnerWorker.runSuite(SuiteRunnerWorker.java:53)
at org.testng.SuiteRunnerWorker.run(SuiteRunnerWorker.java:96)
at org.testng.TestNG.runSuitesSequentially(TestNG.java:1212)
at org.testng.TestNG.runSuitesLocally(TestNG.java:1134)
at org.testng.TestNG.runSuites(TestNG.java:1063)
at org.testng.TestNG.run(TestNG.java:1031)
at org.testng.remote.AbstractRemoteTestNG.run(AbstractRemoteTestNG.java:115)
at org.testng.remote.RemoteTestNG.initAndRun(RemoteTestNG.java:293)
at org.testng.remote.RemoteTestNG.main(RemoteTestNG.java:91)
]]>
    </error>
  </testcase> <!-- setup -->
  <system-out/>
  <testcase classname="SMR.Website_Lead_Report" name="Username" time="0.000">
    <skipped/>
  </testcase> <!-- Username -->
  <system-out/>
  <testcase classname="SMR.Website_Lead_Report" name="Password" time="0.000">
    <skipped/>
  </testcase> <!-- Password -->
  <system-out/>
  <testcase classname="SMR.Website_Lead_Report" name="Login_Button" time="0.000">
    <skipped/>
  </testcase> <!-- Login_Button -->
  <system-out/>
  <testcase classname="SMR.Website_Lead_Report" name="SUBMIT_Button" time="0.000">
    <skipped/>
  </testcase> <!-- SUBMIT_Button -->
  <system-out/>
  <testcase classname="SMR.Website_Lead_Report" name="Click_On_Report" time="0.000">
    <skipped/>
  </testcase> <!-- Click_On_Report -->
  <system-out/>
  <testcase classname="SMR.Website_Lead_Report" name="Click_On_Website_lead_Report" time="0.000">
    <skipped/>
  </testcase> <!-- Click_On_Website_lead_Report -->
  <system-out/>
  <testcase classname="SMR.Website_Lead_Report" name="Zone_Region_Wise" time="0.000">
    <skipped/>
  </testcase> <!-- Zone_Region_Wise -->
  <system-out/>
  <testcase classname="SMR.Website_Lead_Report" name="Dealer_Parent_Group_Wise" time="0.000">
    <skipped/>
  </testcase> <!-- Dealer_Parent_Group_Wise -->
  <system-out/>
  <testcase classname="SMR.Website_Lead_Report" name="workshop_Wise" time="0.000">
    <skipped/>
  </testcase> <!-- workshop_Wise -->
  <system-out/>
  <testcase classname="SMR.Website_Lead_Report" name="Day_Wise" time="0.000">
    <skipped/>
  </testcase> <!-- Day_Wise -->
  <system-out/>
  <testcase classname="SMR.Website_Lead_Report" name="Compare_Lead_Generated_Of_ZONE_Region_Wise_from__Dealer_Parent_Wise" time="0.000">
    <skipped/>
  </testcase> <!-- Compare_Lead_Generated_Of_ZONE_Region_Wise_from__Dealer_Parent_Wise -->
  <system-out/>
  <testcase classname="SMR.Website_Lead_Report" name="Compare_Lead_Generated_Of_ZONE_Region_Wise_from_Worshop_Wise" time="0.000">
    <skipped/>
  </testcase> <!-- Compare_Lead_Generated_Of_ZONE_Region_Wise_from_Worshop_Wise -->
  <system-out/>
  <testcase classname="SMR.Website_Lead_Report" name="Compare_Lead_Generated_Of_ZONE_Region_Wise_from_Day_Wise" time="0.000">
    <skipped/>
  </testcase> <!-- Compare_Lead_Generated_Of_ZONE_Region_Wise_from_Day_Wise -->
  <system-out/>
  <testcase classname="SMR.Website_Lead_Report" name="Compare_Lead_attempted_Of_ZONE_Region_Wise_from_Dealer_parent_group_Wise" time="0.000">
    <skipped/>
  </testcase> <!-- Compare_Lead_attempted_Of_ZONE_Region_Wise_from_Dealer_parent_group_Wise -->
  <system-out/>
  <testcase classname="SMR.Website_Lead_Report" name="Compare_Lead_attempted_dispostion_Of_ZONE_Region_Wise_from_workshop__Wise" time="0.000">
    <skipped/>
  </testcase> <!-- Compare_Lead_attempted_dispostion_Of_ZONE_Region_Wise_from_workshop__Wise -->
  <system-out/>
  <testcase classname="SMR.Website_Lead_Report" name="Compare_Lead_attempted_dispostion_Of_ZONE_Region_Wise_from_Day_Wise" time="0.000">
    <skipped/>
  </testcase> <!-- Compare_Lead_attempted_dispostion_Of_ZONE_Region_Wise_from_Day_Wise -->
  <system-out/>
  <testcase classname="SMR.Website_Lead_Report" name="Compare_Total_connected_Of_ZONE_Region_Wise_from_Dealer_parent_Group_Wise" time="0.000">
    <skipped/>
  </testcase> <!-- Compare_Total_connected_Of_ZONE_Region_Wise_from_Dealer_parent_Group_Wise -->
  <system-out/>
  <testcase classname="SMR.Website_Lead_Report" name="Compare_Total_connected_Of_ZONE_Region_Wise_from_workshop__Wise" time="0.000">
    <skipped/>
  </testcase> <!-- Compare_Total_connected_Of_ZONE_Region_Wise_from_workshop__Wise -->
  <system-out/>
  <testcase classname="SMR.Website_Lead_Report" name="Compare_Total_connected_Of_ZONE_Region_Wise_from_Day_Wise" time="0.000">
    <skipped/>
  </testcase> <!-- Compare_Total_connected_Of_ZONE_Region_Wise_from_Day_Wise -->
  <system-out/>
  <testcase classname="SMR.Website_Lead_Report" name="Compare_followUP_dispostion_Of_ZONE_Region_Wise_from_Dealer_parent_Group_Wise" time="0.000">
    <skipped/>
  </testcase> <!-- Compare_followUP_dispostion_Of_ZONE_Region_Wise_from_Dealer_parent_Group_Wise -->
  <system-out/>
  <testcase classname="SMR.Website_Lead_Report" name="Compare_followUP_dispostion_Of_ZONE_Region_Wise_from_workshop__Wise" time="0.000">
    <skipped/>
  </testcase> <!-- Compare_followUP_dispostion_Of_ZONE_Region_Wise_from_workshop__Wise -->
  <system-out/>
  <testcase classname="SMR.Website_Lead_Report" name="Compare_followUP_dispostion_Of_ZONE_Region_Wise_from_Day_Wise" time="0.000">
    <skipped/>
  </testcase> <!-- Compare_followUP_dispostion_Of_ZONE_Region_Wise_from_Day_Wise -->
  <system-out/>
  <testcase classname="SMR.Website_Lead_Report" name="Compare_Appointment_Booked_Of_ZONE_Region_Wise_from_Dealer_parent_Group_Wise" time="0.000">
    <skipped/>
  </testcase> <!-- Compare_Appointment_Booked_Of_ZONE_Region_Wise_from_Dealer_parent_Group_Wise -->
  <system-out/>
  <testcase classname="SMR.Website_Lead_Report" name="Compare_Appointment_Booked_Of_ZONE_Region_Wise_from_workshop__Wise" time="0.000">
    <skipped/>
  </testcase> <!-- Compare_Appointment_Booked_Of_ZONE_Region_Wise_from_workshop__Wise -->
  <system-out/>
  <testcase classname="SMR.Website_Lead_Report" name="Compare_Appointment_Booked_Of_ZONE_Region_Wise_from_Day_Wise" time="0.000">
    <skipped/>
  </testcase> <!-- Compare_Appointment_Booked_Of_ZONE_Region_Wise_from_Day_Wise -->
  <system-out/>
  <testcase classname="SMR.Website_Lead_Report" name="Compare_Appointment_Booked_Percent_Of_ZONE_Region_Wise_from_Dealer_parent_Group_Wise" time="0.000">
    <skipped/>
  </testcase> <!-- Compare_Appointment_Booked_Percent_Of_ZONE_Region_Wise_from_Dealer_parent_Group_Wise -->
  <system-out/>
  <testcase classname="SMR.Website_Lead_Report" name="Compare_Appointment_Booked_Percent_Of_ZONE_Region_Wise_from_workshop__Wise" time="0.000">
    <skipped/>
  </testcase> <!-- Compare_Appointment_Booked_Percent_Of_ZONE_Region_Wise_from_workshop__Wise -->
  <system-out/>
  <testcase classname="SMR.Website_Lead_Report" name="Compare_Appointment_Booked_Percent_Of_ZONE_Region_Wise_from_Day_Wise" time="0.000">
    <skipped/>
  </testcase> <!-- Compare_Appointment_Booked_Percent_Of_ZONE_Region_Wise_from_Day_Wise -->
  <system-out/>
  <testcase classname="SMR.Website_Lead_Report" name="Compare_Total_Reported_Region_Wise_from_Dealer_parent_Group_Wise" time="0.000">
    <skipped/>
  </testcase> <!-- Compare_Total_Reported_Region_Wise_from_Dealer_parent_Group_Wise -->
  <system-out/>
  <testcase classname="SMR.Website_Lead_Report" name="Compare_Total_Reported_Of_ZONE_Region_Wise_from_workshop__Wise" time="0.000">
    <skipped/>
  </testcase> <!-- Compare_Total_Reported_Of_ZONE_Region_Wise_from_workshop__Wise -->
  <system-out/>
  <testcase classname="SMR.Website_Lead_Report" name="Compare_Total_Reported_Of_ZONE_Region_Wise_from_Day_Wise" time="0.000">
    <skipped/>
  </testcase> <!-- Compare_Total_Reported_Of_ZONE_Region_Wise_from_Day_Wise -->
  <system-out/>
  <testcase classname="SMR.Website_Lead_Report" name="Compare_Total_Reported_Percent_Of_ZONE_Region_Wise_from_Dealer_parent_Group_Wise" time="0.000">
    <skipped/>
  </testcase> <!-- Compare_Total_Reported_Percent_Of_ZONE_Region_Wise_from_Dealer_parent_Group_Wise -->
  <system-out/>
  <testcase classname="SMR.Website_Lead_Report" name="Compare_Total_Reported_Percent_Of_ZONE_Region_Wise_from_workshop__Wise" time="0.000">
    <skipped/>
  </testcase> <!-- Compare_Total_Reported_Percent_Of_ZONE_Region_Wise_from_workshop__Wise -->
  <system-out/>
  <testcase classname="SMR.Website_Lead_Report" name="Compare_Total_Reported_Percent_Of_ZONE_Region_Wise_from_Day_Wise" time="0.000">
    <skipped/>
  </testcase> <!-- Compare_Total_Reported_Percent_Of_ZONE_Region_Wise_from_Day_Wise -->
  <system-out/>
  <testcase classname="SMR.Website_Lead_Report" name="Compare_Reported_at_OWN_Of_ZONE_Region_Wise_from_Dealer_parent_Group_Wise" time="0.000">
    <skipped/>
  </testcase> <!-- Compare_Reported_at_OWN_Of_ZONE_Region_Wise_from_Dealer_parent_Group_Wise -->
  <system-out/>
  <testcase classname="SMR.Website_Lead_Report" name="Compare_Reported_at_OWN_Of_ZONE_Region_Wise_from_workshop__Wise" time="0.000">
    <skipped/>
  </testcase> <!-- Compare_Reported_at_OWN_Of_ZONE_Region_Wise_from_workshop__Wise -->
  <system-out/>
  <testcase classname="SMR.Website_Lead_Report" name="Compare_Reported_at_OWN_Of_ZONE_Region_Wise_from_Day_Wise" time="0.000">
    <skipped/>
  </testcase> <!-- Compare_Reported_at_OWN_Of_ZONE_Region_Wise_from_Day_Wise -->
  <system-out/>
  <testcase classname="SMR.Website_Lead_Report" name="Compare_Reported_at_Other_Of_ZONE_Region_Wise_from_Dealer_parent_Group_Wise" time="0.000">
    <skipped/>
  </testcase> <!-- Compare_Reported_at_Other_Of_ZONE_Region_Wise_from_Dealer_parent_Group_Wise -->
  <system-out/>
  <testcase classname="SMR.Website_Lead_Report" name="Compare_Reported_at_Other_Of_ZONE_Region_Wise_from_workshop__Wise" time="0.000">
    <skipped/>
  </testcase> <!-- Compare_Reported_at_Other_Of_ZONE_Region_Wise_from_workshop__Wise -->
  <system-out/>
  <testcase classname="SMR.Website_Lead_Report" name="Compare_Reported_at_Other_Of_ZONE_Region_Wise_from_Day_Wise" time="0.000">
    <skipped/>
  </testcase> <!-- Compare_Reported_at_Other_Of_ZONE_Region_Wise_from_Day_Wise -->
  <system-out/>
  <testcase classname="SMR.Website_Lead_Report" name="Compare_Not_Connected_Of_ZONE_Region_Wise_from_Dealer_parent_Group_Wise" time="0.000">
    <skipped/>
  </testcase> <!-- Compare_Not_Connected_Of_ZONE_Region_Wise_from_Dealer_parent_Group_Wise -->
  <system-out/>
  <testcase classname="SMR.Website_Lead_Report" name="Compare_Not_Connected_Of_ZONE_Region_Wise_from_workshop__Wise" time="0.000">
    <skipped/>
  </testcase> <!-- Compare_Not_Connected_Of_ZONE_Region_Wise_from_workshop__Wise -->
  <system-out/>
  <testcase classname="SMR.Website_Lead_Report" name="Compare_Not_Connected_Of_ZONE_Region_Wise_from_Day_Wise" time="0.000">
    <skipped/>
  </testcase> <!-- Compare_Not_Connected_Of_ZONE_Region_Wise_from_Day_Wise -->
  <system-out/>
  <testcase classname="SMR.Website_Lead_Report" name="Compare_Not_Attempted_Of_ZONE_Region_Wise_from_Dealer_parent_Group_Wise" time="0.000">
    <skipped/>
  </testcase> <!-- Compare_Not_Attempted_Of_ZONE_Region_Wise_from_Dealer_parent_Group_Wise -->
  <system-out/>
  <testcase classname="SMR.Website_Lead_Report" name="Compare_Not_Attempted_Of_ZONE_Region_Wise_from_workshop__Wise" time="0.000">
    <skipped/>
  </testcase> <!-- Compare_Not_Attempted_Of_ZONE_Region_Wise_from_workshop__Wise -->
  <system-out/>
  <testcase classname="SMR.Website_Lead_Report" name="Compare_Not_Attempted_Of_ZONE_Region_Wise_from_Day_Wise" time="0.000">
    <skipped/>
  </testcase> <!-- Compare_Not_Attempted_Of_ZONE_Region_Wise_from_Day_Wise -->
  <system-out/>
</testsuite> <!-- SMR.Website_Lead_Report -->
