<?xml version="1.0" encoding="UTF-8"?>
<!-- Generated by org.testng.reporters.JUnitReportReporter -->
<testsuite hostname="DESKTOP-7SBKKJ1" failures="0" tests="12" name="SMR.DueVsDone_Report_SMR" time="87.616" errors="0" timestamp="2024-08-29T17:07:09 IST" skipped="0">
  <testcase classname="SMR.DueVsDone_Report_SMR" name="Username" time="2.152"/>
  <system-out/>
  <testcase classname="SMR.DueVsDone_Report_SMR" name="Password" time="2.167"/>
  <system-out/>
  <testcase classname="SMR.DueVsDone_Report_SMR" name="Login_Button" time="20.122"/>
  <system-out/>
  <testcase classname="SMR.DueVsDone_Report_SMR" name="SUBMIT_Button" time="7.068"/>
  <system-out/>
  <testcase classname="SMR.DueVsDone_Report_SMR" name="Click_On_Report" time="3.118"/>
  <system-out/>
  <testcase classname="SMR.DueVsDone_Report_SMR" name="Click_On_DUE_VS_DONE_REPORT" time="4.135"/>
  <system-out/>
  <testcase classname="SMR.DueVsDone_Report_SMR" name="Select_REGION_Parameter" time="6.167"/>
  <system-out/>
  <testcase classname="SMR.DueVsDone_Report_SMR" name="Select_WORKSHOP_Parameter" time="6.600"/>
  <system-out/>
  <testcase classname="SMR.DueVsDone_Report_SMR" name="Select_SERVICE_TYPE_Parameter" time="9.592"/>
  <system-out/>
  <testcase classname="SMR.DueVsDone_Report_SMR" name="Select_VEHICLE_CHANNEL_Parameter" time="6.230"/>
  <system-out/>
  <testcase classname="SMR.DueVsDone_Report_SMR" name="Click_On_Generate_Button" time="20.218"/>
  <system-out/>
  <testcase classname="SMR.DueVsDone_Report_SMR" name="Data_Verification_DueVsDone" time="0.047"/>
  <system-out/>
</testsuite> <!-- SMR.DueVsDone_Report_SMR -->
