<?xml version="1.0" encoding="UTF-8"?>
<!-- Generated by org.testng.reporters.JUnitReportReporter -->
<testsuite hostname="DESKTOP-7SBKKJ1" failures="0" tests="23" name="SMR.SMRE_Performance_Report_SMR" time="228.738" errors="0" timestamp="2024-08-30T17:03:37 IST" skipped="0">
  <testcase classname="SMR.SMRE_Performance_Report_SMR" name="Username" time="2.415"/>
  <system-out/>
  <testcase classname="SMR.SMRE_Performance_Report_SMR" name="Password" time="2.400"/>
  <system-out/>
  <testcase classname="SMR.SMRE_Performance_Report_SMR" name="Login_Button" time="20.184"/>
  <system-out/>
  <testcase classname="SMR.SMRE_Performance_Report_SMR" name="SUBMIT_Button" time="3.162"/>
  <system-out/>
  <testcase classname="SMR.SMRE_Performance_Report_SMR" name="Click_On_Report" time="8.061"/>
  <system-out/>
  <testcase classname="SMR.SMRE_Performance_Report_SMR" name="Click_On_SMRE_PERFORMANCE_REPORT" time="7.180"/>
  <system-out/>
  <testcase classname="SMR.SMRE_Performance_Report_SMR" name="Select_Parameter_VehicleChannel_SMRE_PERFORMANCE_REPORT" time="6.479"/>
  <system-out/>
  <testcase classname="SMR.SMRE_Performance_Report_SMR" name="Select_Parameter_DelaerChannel_SMRE_PERFORMANCE_REPORT" time="6.428"/>
  <system-out/>
  <testcase classname="SMR.SMRE_Performance_Report_SMR" name="Select_Parameter_ZONE_SMRE_PERFORMANCE_REPORT" time="6.392"/>
  <system-out/>
  <testcase classname="SMR.SMRE_Performance_Report_SMR" name="Select_Parameter_REGION_SMRE_PERFORMANCE_REPORT" time="6.514"/>
  <system-out/>
  <testcase classname="SMR.SMRE_Performance_Report_SMR" name="Select_Parameter_DEALER_NAME_SMRE_PERFORMANCE_REPORT" time="6.885"/>
  <system-out/>
  <testcase classname="SMR.SMRE_Performance_Report_SMR" name="Select_Parameter_WORKSHOP_NAME_SMRE_PERFORMANCE_REPORT" time="6.661"/>
  <system-out/>
  <testcase classname="SMR.SMRE_Performance_Report_SMR" name="Select_Parameter_REPORT_TYPE_SMRE_PERFORMANCE_REPORT" time="6.535"/>
  <system-out/>
  <testcase classname="SMR.SMRE_Performance_Report_SMR" name="Select_Parameter_SERVICE_TYPE_SMRE_PERFORMANCE_REPORT" time="6.270"/>
  <system-out/>
  <testcase classname="SMR.SMRE_Performance_Report_SMR" name="Select_Date_Range_SMRE_Performance_REPORT" time="8.759"/>
  <system-out/>
  <testcase classname="SMR.SMRE_Performance_Report_SMR" name="Click_On_GENERATE_Zone_And_Region_Wise" time="35.196"/>
  <system-out/>
  <testcase classname="SMR.SMRE_Performance_Report_SMR" name="Data_Verification_ZoneAndRegionWise" time="0.054"/>
  <system-out/>
  <testcase classname="SMR.SMRE_Performance_Report_SMR" name="ClickOn_Edit_And_Select_ReportType_WorkshopWise" time="9.609"/>
  <system-out/>
  <testcase classname="SMR.SMRE_Performance_Report_SMR" name="Generate_WorkshopWise_Report" time="35.231"/>
  <system-out/>
  <testcase classname="SMR.SMRE_Performance_Report_SMR" name="Data_Verification_WorkshopWise" time="0.032"/>
  <system-out/>
  <testcase classname="SMR.SMRE_Performance_Report_SMR" name="ClickOn_Edit_And_Select_ReportType_SMREWise" time="9.065"/>
  <system-out/>
  <testcase classname="SMR.SMRE_Performance_Report_SMR" name="Generate_SMREWise_Report" time="35.199"/>
  <system-out/>
  <testcase classname="SMR.SMRE_Performance_Report_SMR" name="Data_Verification_SMREWise" time="0.027"/>
  <system-out/>
</testsuite> <!-- SMR.SMRE_Performance_Report_SMR -->
