<?xml version="1.0" encoding="UTF-8"?>
<!-- Generated by org.testng.reporters.JUnitReportReporter -->
<testsuite hostname="DESKTOP-7SBKKJ1" failures="0" tests="12" name="SMR.DueVsDone_Report_SMR" time="84.437" errors="0" timestamp="2024-09-18T18:29:23 IST" skipped="0">
  <testcase classname="SMR.DueVsDone_Report_SMR" name="Username" time="2.161"/>
  <system-out/>
  <testcase classname="SMR.DueVsDone_Report_SMR" name="Password" time="3.197"/>
  <system-out/>
  <testcase classname="SMR.DueVsDone_Report_SMR" name="Captcha" time="3.153"/>
  <system-out/>
  <testcase classname="SMR.DueVsDone_Report_SMR" name="SUBMIT_Button" time="15.090"/>
  <system-out/>
  <testcase classname="SMR.DueVsDone_Report_SMR" name="Click_On_Report" time="7.970"/>
  <system-out/>
  <testcase classname="SMR.DueVsDone_Report_SMR" name="Click_On_DUE_VS_DONE_REPORT" time="4.108"/>
  <system-out/>
  <testcase classname="SMR.DueVsDone_Report_SMR" name="Select_REGION_Parameter" time="6.178"/>
  <system-out/>
  <testcase classname="SMR.DueVsDone_Report_SMR" name="Select_WORKSHOP_Parameter" time="6.488"/>
  <system-out/>
  <testcase classname="SMR.DueVsDone_Report_SMR" name="Select_SERVICE_TYPE_Parameter" time="9.526"/>
  <system-out/>
  <testcase classname="SMR.DueVsDone_Report_SMR" name="Select_VEHICLE_CHANNEL_Parameter" time="6.264"/>
  <system-out/>
  <testcase classname="SMR.DueVsDone_Report_SMR" name="Click_On_Generate_Button" time="20.246"/>
  <system-out/>
  <testcase classname="SMR.DueVsDone_Report_SMR" name="Data_Verification_DueVsDone" time="0.056"/>
  <system-out/>
</testsuite> <!-- SMR.DueVsDone_Report_SMR -->
