<?xml version="1.0" encoding="UTF-8"?>
<!-- Generated by org.testng.reporters.JUnitReportReporter -->
<testsuite hostname="DESKTOP-7SBKKJ1" failures="0" tests="2" name="example8939983.Psf" time="6.254" errors="0" timestamp="2024-07-01T15:48:49 IST" skipped="0">
  <testcase classname="example8939983.Psf" name="username" time="3.142"/>
  <system-out/>
  <testcase classname="example8939983.Psf" name="password" time="3.112"/>
  <system-out/>
</testsuite> <!-- example8939983.Psf -->
