<?xml version="1.0" encoding="UTF-8"?>
<!-- Generated by org.testng.reporters.JUnitReportReporter -->
<testsuite hostname="DESKTOP-7SBKKJ1" failures="0" tests="19" name="SMR.AutoDialer_SMR_Report" time="298.321" errors="0" timestamp="2024-09-04T11:06:08 IST" skipped="0">
  <testcase classname="SMR.AutoDialer_SMR_Report" name="Username" time="2.165"/>
  <system-out/>
  <testcase classname="SMR.AutoDialer_SMR_Report" name="Password" time="2.108"/>
  <system-out/>
  <testcase classname="SMR.AutoDialer_SMR_Report" name="Login_Button" time="20.094"/>
  <system-out/>
  <testcase classname="SMR.AutoDialer_SMR_Report" name="SUBMIT_Button" time="5.075"/>
  <system-out/>
  <testcase classname="SMR.AutoDialer_SMR_Report" name="Click_On_Report" time="7.594"/>
  <system-out/>
  <testcase classname="SMR.AutoDialer_SMR_Report" name="Click_On_AutoDialer_REPORT" time="7.130"/>
  <system-out/>
  <testcase classname="SMR.AutoDialer_SMR_Report" name="Zone_And_Region_Wise_Tab" time="29.199"/>
  <system-out/>
  <testcase classname="SMR.AutoDialer_SMR_Report" name="Data_Verification_Zone_And_Region_Wise" time="0.135"/>
  <system-out/>
  <testcase classname="SMR.AutoDialer_SMR_Report" name="Dealer_Parent_Group_Wise_Tab" time="40.257"/>
  <system-out/>
  <testcase classname="SMR.AutoDialer_SMR_Report" name="Data_Verification_Dealer_Parent_Group_Wise_Tab" time="0.016"/>
  <system-out/>
  <testcase classname="SMR.AutoDialer_SMR_Report" name="Workshop_Wise_Tab" time="40.204"/>
  <system-out/>
  <testcase classname="SMR.AutoDialer_SMR_Report" name="Data_Verification_Workshop_Wise_Tab" time="0.034"/>
  <system-out/>
  <testcase classname="SMR.AutoDialer_SMR_Report" name="Day_Wise_Tab" time="40.196"/>
  <system-out/>
  <testcase classname="SMR.AutoDialer_SMR_Report" name="Data_Verification_Day_Wise_Tab" time="0.022"/>
  <system-out/>
  <testcase classname="SMR.AutoDialer_SMR_Report" name="SMRE_Wise_Tab" time="40.222"/>
  <system-out/>
  <testcase classname="SMR.AutoDialer_SMR_Report" name="Data_Verification_SMRE_Wise_Tab" time="0.023"/>
  <system-out/>
  <testcase classname="SMR.AutoDialer_SMR_Report" name="Dump_Wise_Tab" time="52.198"/>
  <system-out/>
  <testcase classname="SMR.AutoDialer_SMR_Report" name="Data_Verification_Dump_Wise_Tab" time="0.031"/>
  <system-out/>
  <testcase classname="SMR.AutoDialer_SMR_Report" name="Download_Dump_Wise_Report" time="11.618"/>
  <system-out/>
</testsuite> <!-- SMR.AutoDialer_SMR_Report -->
