<?xml version="1.0" encoding="UTF-8"?>
<!-- Generated by org.testng.reporters.JUnitReportReporter -->
<testsuite hostname="DESKTOP-7SBKKJ1" failures="0" tests="10" name="pSF_DEMO.Demo_P_S_F" time="690.016" errors="0" timestamp="2024-06-25T17:20:39 IST" skipped="0">
  <testcase classname="pSF_DEMO.Demo_P_S_F" name="Username" time="1.268"/>
  <system-out/>
  <testcase classname="pSF_DEMO.Demo_P_S_F" name="Password" time="1.205"/>
  <system-out/>
  <testcase classname="pSF_DEMO.Demo_P_S_F" name="Login_Button" time="3.123"/>
  <system-out/>
  <testcase classname="pSF_DEMO.Demo_P_S_F" name="Click_On_PSF" time="6.519"/>
  <system-out/>
  <testcase classname="pSF_DEMO.Demo_P_S_F" name="Click_On_the_PSF_Follow_List" time="6.322"/>
  <system-out/>
  <testcase classname="pSF_DEMO.Demo_P_S_F" name="Total_PSF_Due_Numbers_Match" time="2.137"/>
  <system-out/>
  <testcase classname="pSF_DEMO.Demo_P_S_F" name="Click_On_Service_Type_Fillter_Select_BODY_REPAIR" time="22.707"/>
  <system-out/>
  <testcase classname="pSF_DEMO.Demo_P_S_F" name="Service_Type_FILLTER" time="562.157"/>
  <system-out/>
  <testcase classname="pSF_DEMO.Demo_P_S_F" name="Workshop_FILLTER" time="75.942"/>
  <system-out/>
  <testcase classname="pSF_DEMO.Demo_P_S_F" name="CCE_Name_FILTER" time="8.636"/>
  <system-out/>
</testsuite> <!-- pSF_DEMO.Demo_P_S_F -->
