<?xml version="1.0" encoding="UTF-8"?>
<!-- Generated by org.testng.reporters.JUnitReportReporter -->
<testsuite hostname="DESKTOP-7SBKKJ1" failures="0" tests="8" name="psf_FollowUp_List.List_Filter_TodayDuePSF_Prod" time="27.027" errors="0" timestamp="2024-06-27T10:48:57 IST" skipped="0">
  <testcase classname="psf_FollowUp_List.List_Filter_TodayDuePSF_Prod" name="Username" time="1.591"/>
  <system-out/>
  <testcase classname="psf_FollowUp_List.List_Filter_TodayDuePSF_Prod" name="Password" time="1.190"/>
  <system-out/>
  <testcase classname="psf_FollowUp_List.List_Filter_TodayDuePSF_Prod" name="Login_Button" time="3.126"/>
  <system-out/>
  <testcase classname="psf_FollowUp_List.List_Filter_TodayDuePSF_Prod" name="Click_On_Service_PSF" time="6.512"/>
  <system-out/>
  <testcase classname="psf_FollowUp_List.List_Filter_TodayDuePSF_Prod" name="Click_On_the_PSF_Follow_List" time="4.288"/>
  <system-out/>
  <testcase classname="psf_FollowUp_List.List_Filter_TodayDuePSF_Prod" name="HeaderPresence" time="0.109"/>
  <system-out/>
  <testcase classname="psf_FollowUp_List.List_Filter_TodayDuePSF_Prod" name="HeaderContent" time="0.058"/>
  <system-out/>
  <testcase classname="psf_FollowUp_List.List_Filter_TodayDuePSF_Prod" name="verifyCurrentDate" time="10.153"/>
  <system-out/>
</testsuite> <!-- psf_FollowUp_List.List_Filter_TodayDuePSF_Prod -->
