<?xml version="1.0" encoding="UTF-8"?>
<!-- Generated by org.testng.reporters.JUnitReportReporter -->
<testsuite hostname="DESKTOP-7SBKKJ1" failures="18" tests="151" name="rsm.SMR_Due_Date_Wise" time="490.620" errors="0" timestamp="2024-08-07T17:17:41 IST" skipped="0">
  <testcase classname="rsm.SMR_Due_Date_Wise" name="Username" time="2.467"/>
  <system-out/>
  <testcase classname="rsm.SMR_Due_Date_Wise" name="Password" time="2.272"/>
  <system-out/>
  <testcase classname="rsm.SMR_Due_Date_Wise" name="Login_Button" time="20.169"/>
  <system-out/>
  <testcase classname="rsm.SMR_Due_Date_Wise" name="SUBMIT_Button" time="3.174"/>
  <system-out/>
  <testcase classname="rsm.SMR_Due_Date_Wise" name="Click_On_Report" time="6.183"/>
  <system-out/>
  <testcase classname="rsm.SMR_Due_Date_Wise" name="Click_On_The_SMR_Due_date_Wise" time="3.180"/>
  <system-out/>
  <testcase classname="rsm.SMR_Due_Date_Wise" name="Zone_Region_Wise" time="53.561"/>
  <system-out/>
  <testcase classname="rsm.SMR_Due_Date_Wise" name="Dealer_Parent_Group_Wise" time="62.556"/>
  <system-out/>
  <testcase classname="rsm.SMR_Due_Date_Wise" name="WorkShop_Wise" time="62.508"/>
  <system-out/>
  <testcase classname="rsm.SMR_Due_Date_Wise" name="Day_Wise" time="62.685"/>
  <system-out/>
  <testcase classname="rsm.SMR_Due_Date_Wise" name="Service_Type_Wise" time="69.514"/>
  <system-out/>
  <testcase classname="rsm.SMR_Due_Date_Wise" name="Compare_TotalDue_Column_ZoneRegionWise_With_DealerParentWise" time="1.011"/>
  <system-out/>
  <testcase classname="rsm.SMR_Due_Date_Wise" name="Compare_ReportedAtOWN_Column_ZoneRegionWise_With_DealerParentWise" time="1.027"/>
  <system-out/>
  <testcase classname="rsm.SMR_Due_Date_Wise" name="Compare_ReportedAtOTHER_Column_ZoneRegionWise_With_DealerParentWise" time="1.011"/>
  <system-out/>
  <testcase classname="rsm.SMR_Due_Date_Wise" name="Compare_AppointmentBooked_Column_ZoneRegionWise_With_DealerParentWise" time="1.015"/>
  <system-out/>
  <testcase classname="rsm.SMR_Due_Date_Wise" name="Compare_CallMeLater_Column_ZoneRegionWise_With_DealerParentWise" time="1.014">
    <failure message="expected [4451] but found [4452]" type="java.lang.AssertionError">
      <![CDATA[java.lang.AssertionError: expected [4451] but found [4452]
at org.testng.Assert.fail(Assert.java:99)
at org.testng.Assert.failNotEquals(Assert.java:1037)
at org.testng.Assert.assertEqualsImpl(Assert.java:140)
at org.testng.Assert.assertEquals(Assert.java:122)
at org.testng.Assert.assertEquals(Assert.java:629)
at org.testng.Assert.assertEquals(Assert.java:639)
at rsm.SMR_Due_Date_Wise.Compare_CallMeLater_Column_ZoneRegionWise_With_DealerParentWise(SMR_Due_Date_Wise.java:666)
at java.base/jdk.internal.reflect.DirectMethodHandleAccessor.invoke(DirectMethodHandleAccessor.java:103)
at java.base/java.lang.reflect.Method.invoke(Method.java:580)
at org.testng.internal.MethodInvocationHelper.invokeMethod(MethodInvocationHelper.java:133)
at org.testng.internal.TestInvoker.invokeMethod(TestInvoker.java:598)
at org.testng.internal.TestInvoker.invokeTestMethod(TestInvoker.java:173)
at org.testng.internal.MethodRunner.runInSequence(MethodRunner.java:46)
at org.testng.internal.TestInvoker$MethodInvocationAgent.invoke(TestInvoker.java:824)
at org.testng.internal.TestInvoker.invokeTestMethods(TestInvoker.java:146)
at org.testng.internal.TestMethodWorker.invokeTestMethods(TestMethodWorker.java:146)
at org.testng.internal.TestMethodWorker.run(TestMethodWorker.java:128)
at java.base/java.util.ArrayList.forEach(ArrayList.java:1597)
at org.testng.TestRunner.privateRun(TestRunner.java:794)
at org.testng.TestRunner.run(TestRunner.java:596)
at org.testng.SuiteRunner.runTest(SuiteRunner.java:377)
at org.testng.SuiteRunner.runSequentially(SuiteRunner.java:371)
at org.testng.SuiteRunner.privateRun(SuiteRunner.java:332)
at org.testng.SuiteRunner.run(SuiteRunner.java:276)
at org.testng.SuiteRunnerWorker.runSuite(SuiteRunnerWorker.java:53)
at org.testng.SuiteRunnerWorker.run(SuiteRunnerWorker.java:96)
at org.testng.TestNG.runSuitesSequentially(TestNG.java:1212)
at org.testng.TestNG.runSuitesLocally(TestNG.java:1134)
at org.testng.TestNG.runSuites(TestNG.java:1063)
at org.testng.TestNG.run(TestNG.java:1031)
at org.testng.remote.AbstractRemoteTestNG.run(AbstractRemoteTestNG.java:115)
at org.testng.remote.RemoteTestNG.initAndRun(RemoteTestNG.java:293)
at org.testng.remote.RemoteTestNG.main(RemoteTestNG.java:91)
]]>
    </failure>
  </testcase> <!-- Compare_CallMeLater_Column_ZoneRegionWise_With_DealerParentWise -->
  <system-out/>
  <testcase classname="rsm.SMR_Due_Date_Wise" name="Compare_LowMileage_Column_ZoneRegionWise_With_DealerParentWise" time="1.028">
    <failure message="expected [788] but found [787]" type="java.lang.AssertionError">
      <![CDATA[java.lang.AssertionError: expected [788] but found [787]
at org.testng.Assert.fail(Assert.java:99)
at org.testng.Assert.failNotEquals(Assert.java:1037)
at org.testng.Assert.assertEqualsImpl(Assert.java:140)
at org.testng.Assert.assertEquals(Assert.java:122)
at org.testng.Assert.assertEquals(Assert.java:629)
at org.testng.Assert.assertEquals(Assert.java:639)
at rsm.SMR_Due_Date_Wise.Compare_LowMileage_Column_ZoneRegionWise_With_DealerParentWise(SMR_Due_Date_Wise.java:673)
at java.base/jdk.internal.reflect.DirectMethodHandleAccessor.invoke(DirectMethodHandleAccessor.java:103)
at java.base/java.lang.reflect.Method.invoke(Method.java:580)
at org.testng.internal.MethodInvocationHelper.invokeMethod(MethodInvocationHelper.java:133)
at org.testng.internal.TestInvoker.invokeMethod(TestInvoker.java:598)
at org.testng.internal.TestInvoker.invokeTestMethod(TestInvoker.java:173)
at org.testng.internal.MethodRunner.runInSequence(MethodRunner.java:46)
at org.testng.internal.TestInvoker$MethodInvocationAgent.invoke(TestInvoker.java:824)
at org.testng.internal.TestInvoker.invokeTestMethods(TestInvoker.java:146)
at org.testng.internal.TestMethodWorker.invokeTestMethods(TestMethodWorker.java:146)
at org.testng.internal.TestMethodWorker.run(TestMethodWorker.java:128)
at java.base/java.util.ArrayList.forEach(ArrayList.java:1597)
at org.testng.TestRunner.privateRun(TestRunner.java:794)
at org.testng.TestRunner.run(TestRunner.java:596)
at org.testng.SuiteRunner.runTest(SuiteRunner.java:377)
at org.testng.SuiteRunner.runSequentially(SuiteRunner.java:371)
at org.testng.SuiteRunner.privateRun(SuiteRunner.java:332)
at org.testng.SuiteRunner.run(SuiteRunner.java:276)
at org.testng.SuiteRunnerWorker.runSuite(SuiteRunnerWorker.java:53)
at org.testng.SuiteRunnerWorker.run(SuiteRunnerWorker.java:96)
at org.testng.TestNG.runSuitesSequentially(TestNG.java:1212)
at org.testng.TestNG.runSuitesLocally(TestNG.java:1134)
at org.testng.TestNG.runSuites(TestNG.java:1063)
at org.testng.TestNG.run(TestNG.java:1031)
at org.testng.remote.AbstractRemoteTestNG.run(AbstractRemoteTestNG.java:115)
at org.testng.remote.RemoteTestNG.initAndRun(RemoteTestNG.java:293)
at org.testng.remote.RemoteTestNG.main(RemoteTestNG.java:91)
]]>
    </failure>
  </testcase> <!-- Compare_LowMileage_Column_ZoneRegionWise_With_DealerParentWise -->
  <system-out/>
  <testcase classname="rsm.SMR_Due_Date_Wise" name="Compare_VehicleSold_Column_ZoneRegionWise_With_DealerParentWise" time="1.013"/>
  <system-out/>
  <testcase classname="rsm.SMR_Due_Date_Wise" name="Compare_RefuseForService_Column_ZoneRegionWise_With_DealerParentWise" time="1.015"/>
  <system-out/>
  <testcase classname="rsm.SMR_Due_Date_Wise" name="Compare_WrongNo_Column_ZoneRegionWise_With_DealerParentWise" time="1.017"/>
  <system-out/>
  <testcase classname="rsm.SMR_Due_Date_Wise" name="Compare_AppointmentCancelled_Column_ZoneRegionWise_With_DealerParentWise" time="1.007"/>
  <system-out/>
  <testcase classname="rsm.SMR_Due_Date_Wise" name="Compare_CallNotConnected_Column_ZoneRegionWise_With_DealerParentWise" time="1.015"/>
  <system-out/>
  <testcase classname="rsm.SMR_Due_Date_Wise" name="Compare_Fresh_Column_ZoneRegionWise_With_DealerParentWise" time="2.014"/>
  <system-out/>
  <testcase classname="rsm.SMR_Due_Date_Wise" name="Compare_PendingFresh_Column_ZoneRegionWise_With_DealerParentWise" time="1.015"/>
  <system-out/>
  <testcase classname="rsm.SMR_Due_Date_Wise" name="Compare_UnallocatedData_Column_ZoneRegionWise_With_DealerParentWise" time="1.006"/>
  <system-out/>
  <testcase classname="rsm.SMR_Due_Date_Wise" name="Compare_TotalDue_Column_ZoneRegionWise_With_WorkshopWise" time="1.008"/>
  <system-out/>
  <testcase classname="rsm.SMR_Due_Date_Wise" name="Compare_ReportedAtOWN_Column_ZoneRegionWise_With_WorkshopWise" time="1.006"/>
  <system-out/>
  <testcase classname="rsm.SMR_Due_Date_Wise" name="Compare_ReportedAtOTHER_Column_ZoneRegionWise_With_WorkshopWise" time="1.004"/>
  <system-out/>
  <testcase classname="rsm.SMR_Due_Date_Wise" name="Compare_AppointmentBooked_Column_ZoneRegionWise_With_WorkshopWise" time="1.015">
    <failure message="expected [1614] but found [1615]" type="java.lang.AssertionError">
      <![CDATA[java.lang.AssertionError: expected [1614] but found [1615]
at org.testng.Assert.fail(Assert.java:99)
at org.testng.Assert.failNotEquals(Assert.java:1037)
at org.testng.Assert.assertEqualsImpl(Assert.java:140)
at org.testng.Assert.assertEquals(Assert.java:122)
at org.testng.Assert.assertEquals(Assert.java:629)
at org.testng.Assert.assertEquals(Assert.java:639)
at rsm.SMR_Due_Date_Wise.Compare_AppointmentBooked_Column_ZoneRegionWise_With_WorkshopWise(SMR_Due_Date_Wise.java:757)
at java.base/jdk.internal.reflect.DirectMethodHandleAccessor.invoke(DirectMethodHandleAccessor.java:103)
at java.base/java.lang.reflect.Method.invoke(Method.java:580)
at org.testng.internal.MethodInvocationHelper.invokeMethod(MethodInvocationHelper.java:133)
at org.testng.internal.TestInvoker.invokeMethod(TestInvoker.java:598)
at org.testng.internal.TestInvoker.invokeTestMethod(TestInvoker.java:173)
at org.testng.internal.MethodRunner.runInSequence(MethodRunner.java:46)
at org.testng.internal.TestInvoker$MethodInvocationAgent.invoke(TestInvoker.java:824)
at org.testng.internal.TestInvoker.invokeTestMethods(TestInvoker.java:146)
at org.testng.internal.TestMethodWorker.invokeTestMethods(TestMethodWorker.java:146)
at org.testng.internal.TestMethodWorker.run(TestMethodWorker.java:128)
at java.base/java.util.ArrayList.forEach(ArrayList.java:1597)
at org.testng.TestRunner.privateRun(TestRunner.java:794)
at org.testng.TestRunner.run(TestRunner.java:596)
at org.testng.SuiteRunner.runTest(SuiteRunner.java:377)
at org.testng.SuiteRunner.runSequentially(SuiteRunner.java:371)
at org.testng.SuiteRunner.privateRun(SuiteRunner.java:332)
at org.testng.SuiteRunner.run(SuiteRunner.java:276)
at org.testng.SuiteRunnerWorker.runSuite(SuiteRunnerWorker.java:53)
at org.testng.SuiteRunnerWorker.run(SuiteRunnerWorker.java:96)
at org.testng.TestNG.runSuitesSequentially(TestNG.java:1212)
at org.testng.TestNG.runSuitesLocally(TestNG.java:1134)
at org.testng.TestNG.runSuites(TestNG.java:1063)
at org.testng.TestNG.run(TestNG.java:1031)
at org.testng.remote.AbstractRemoteTestNG.run(AbstractRemoteTestNG.java:115)
at org.testng.remote.RemoteTestNG.initAndRun(RemoteTestNG.java:293)
at org.testng.remote.RemoteTestNG.main(RemoteTestNG.java:91)
]]>
    </failure>
  </testcase> <!-- Compare_AppointmentBooked_Column_ZoneRegionWise_With_WorkshopWise -->
  <system-out/>
  <testcase classname="rsm.SMR_Due_Date_Wise" name="Compare_CallMeLater_Column_ZoneRegionWise_With_WorkshopWise" time="1.017"/>
  <system-out/>
  <testcase classname="rsm.SMR_Due_Date_Wise" name="Compare_LowMileage_Column_ZoneRegionWise_With_WorkshopWise" time="1.008">
    <failure message="expected [788] but found [787]" type="java.lang.AssertionError">
      <![CDATA[java.lang.AssertionError: expected [788] but found [787]
at org.testng.Assert.fail(Assert.java:99)
at org.testng.Assert.failNotEquals(Assert.java:1037)
at org.testng.Assert.assertEqualsImpl(Assert.java:140)
at org.testng.Assert.assertEquals(Assert.java:122)
at org.testng.Assert.assertEquals(Assert.java:629)
at org.testng.Assert.assertEquals(Assert.java:639)
at rsm.SMR_Due_Date_Wise.Compare_LowMileage_Column_ZoneRegionWise_With_WorkshopWise(SMR_Due_Date_Wise.java:771)
at java.base/jdk.internal.reflect.DirectMethodHandleAccessor.invoke(DirectMethodHandleAccessor.java:103)
at java.base/java.lang.reflect.Method.invoke(Method.java:580)
at org.testng.internal.MethodInvocationHelper.invokeMethod(MethodInvocationHelper.java:133)
at org.testng.internal.TestInvoker.invokeMethod(TestInvoker.java:598)
at org.testng.internal.TestInvoker.invokeTestMethod(TestInvoker.java:173)
at org.testng.internal.MethodRunner.runInSequence(MethodRunner.java:46)
at org.testng.internal.TestInvoker$MethodInvocationAgent.invoke(TestInvoker.java:824)
at org.testng.internal.TestInvoker.invokeTestMethods(TestInvoker.java:146)
at org.testng.internal.TestMethodWorker.invokeTestMethods(TestMethodWorker.java:146)
at org.testng.internal.TestMethodWorker.run(TestMethodWorker.java:128)
at java.base/java.util.ArrayList.forEach(ArrayList.java:1597)
at org.testng.TestRunner.privateRun(TestRunner.java:794)
at org.testng.TestRunner.run(TestRunner.java:596)
at org.testng.SuiteRunner.runTest(SuiteRunner.java:377)
at org.testng.SuiteRunner.runSequentially(SuiteRunner.java:371)
at org.testng.SuiteRunner.privateRun(SuiteRunner.java:332)
at org.testng.SuiteRunner.run(SuiteRunner.java:276)
at org.testng.SuiteRunnerWorker.runSuite(SuiteRunnerWorker.java:53)
at org.testng.SuiteRunnerWorker.run(SuiteRunnerWorker.java:96)
at org.testng.TestNG.runSuitesSequentially(TestNG.java:1212)
at org.testng.TestNG.runSuitesLocally(TestNG.java:1134)
at org.testng.TestNG.runSuites(TestNG.java:1063)
at org.testng.TestNG.run(TestNG.java:1031)
at org.testng.remote.AbstractRemoteTestNG.run(AbstractRemoteTestNG.java:115)
at org.testng.remote.RemoteTestNG.initAndRun(RemoteTestNG.java:293)
at org.testng.remote.RemoteTestNG.main(RemoteTestNG.java:91)
]]>
    </failure>
  </testcase> <!-- Compare_LowMileage_Column_ZoneRegionWise_With_WorkshopWise -->
  <system-out/>
  <testcase classname="rsm.SMR_Due_Date_Wise" name="Compare_VehicleSOLD_Column_ZoneRegionWise_With_WorkshopWise" time="1.011"/>
  <system-out/>
  <testcase classname="rsm.SMR_Due_Date_Wise" name="Compare_RefuseForService_Column_ZoneRegionWise_With_WorkshopWise" time="1.007"/>
  <system-out/>
  <testcase classname="rsm.SMR_Due_Date_Wise" name="Compare_WrongNo_Column_ZoneRegionWise_With_WorkshopWise" time="1.013"/>
  <system-out/>
  <testcase classname="rsm.SMR_Due_Date_Wise" name="Compare_AppointmentCancelled_Column_ZoneRegionWise_With_WorkshopWise" time="1.004"/>
  <system-out/>
  <testcase classname="rsm.SMR_Due_Date_Wise" name="Compare_CallNotConnected_Column_ZoneRegionWise_With_WorkshopWise" time="1.018"/>
  <system-out/>
  <testcase classname="rsm.SMR_Due_Date_Wise" name="Compare_Fresh_Column_ZoneRegionWise_With_WorkshopWise" time="1.007"/>
  <system-out/>
  <testcase classname="rsm.SMR_Due_Date_Wise" name="Compare_PendingFresh_Column_ZoneRegionWise_With_WorkshopWise" time="1.003"/>
  <system-out/>
  <testcase classname="rsm.SMR_Due_Date_Wise" name="Compare_UnallocatedData_Column_ZoneRegionWise_With_WorkshopWise" time="1.011"/>
  <system-out/>
  <testcase classname="rsm.SMR_Due_Date_Wise" name="Compare_TotalDue_Column_ZoneRegionWise_With_DayWise" time="1.003"/>
  <system-out/>
  <testcase classname="rsm.SMR_Due_Date_Wise" name="Compare_ReportedAtOWN_Column_ZoneRegionWise_With_DayWise" time="1.003"/>
  <system-out/>
  <testcase classname="rsm.SMR_Due_Date_Wise" name="Compare_ReportedAtOTHER_Column_ZoneRegionWise_With_DayWise" time="1.016"/>
  <system-out/>
  <testcase classname="rsm.SMR_Due_Date_Wise" name="Compare_AppointmentBooked_Column_ZoneRegionWise_With_DayWise" time="1.010">
    <failure message="expected [1614] but found [1615]" type="java.lang.AssertionError">
      <![CDATA[java.lang.AssertionError: expected [1614] but found [1615]
at org.testng.Assert.fail(Assert.java:99)
at org.testng.Assert.failNotEquals(Assert.java:1037)
at org.testng.Assert.assertEqualsImpl(Assert.java:140)
at org.testng.Assert.assertEquals(Assert.java:122)
at org.testng.Assert.assertEquals(Assert.java:629)
at org.testng.Assert.assertEquals(Assert.java:639)
at rsm.SMR_Due_Date_Wise.Compare_AppointmentBooked_Column_ZoneRegionWise_With_DayWise(SMR_Due_Date_Wise.java:855)
at java.base/jdk.internal.reflect.DirectMethodHandleAccessor.invoke(DirectMethodHandleAccessor.java:103)
at java.base/java.lang.reflect.Method.invoke(Method.java:580)
at org.testng.internal.MethodInvocationHelper.invokeMethod(MethodInvocationHelper.java:133)
at org.testng.internal.TestInvoker.invokeMethod(TestInvoker.java:598)
at org.testng.internal.TestInvoker.invokeTestMethod(TestInvoker.java:173)
at org.testng.internal.MethodRunner.runInSequence(MethodRunner.java:46)
at org.testng.internal.TestInvoker$MethodInvocationAgent.invoke(TestInvoker.java:824)
at org.testng.internal.TestInvoker.invokeTestMethods(TestInvoker.java:146)
at org.testng.internal.TestMethodWorker.invokeTestMethods(TestMethodWorker.java:146)
at org.testng.internal.TestMethodWorker.run(TestMethodWorker.java:128)
at java.base/java.util.ArrayList.forEach(ArrayList.java:1597)
at org.testng.TestRunner.privateRun(TestRunner.java:794)
at org.testng.TestRunner.run(TestRunner.java:596)
at org.testng.SuiteRunner.runTest(SuiteRunner.java:377)
at org.testng.SuiteRunner.runSequentially(SuiteRunner.java:371)
at org.testng.SuiteRunner.privateRun(SuiteRunner.java:332)
at org.testng.SuiteRunner.run(SuiteRunner.java:276)
at org.testng.SuiteRunnerWorker.runSuite(SuiteRunnerWorker.java:53)
at org.testng.SuiteRunnerWorker.run(SuiteRunnerWorker.java:96)
at org.testng.TestNG.runSuitesSequentially(TestNG.java:1212)
at org.testng.TestNG.runSuitesLocally(TestNG.java:1134)
at org.testng.TestNG.runSuites(TestNG.java:1063)
at org.testng.TestNG.run(TestNG.java:1031)
at org.testng.remote.AbstractRemoteTestNG.run(AbstractRemoteTestNG.java:115)
at org.testng.remote.RemoteTestNG.initAndRun(RemoteTestNG.java:293)
at org.testng.remote.RemoteTestNG.main(RemoteTestNG.java:91)
]]>
    </failure>
  </testcase> <!-- Compare_AppointmentBooked_Column_ZoneRegionWise_With_DayWise -->
  <system-out/>
  <testcase classname="rsm.SMR_Due_Date_Wise" name="Compare_CallMeLater_Column_ZoneRegionWise_With_DayWise" time="1.016"/>
  <system-out/>
  <testcase classname="rsm.SMR_Due_Date_Wise" name="Compare_LowMileage_Column_ZoneRegionWise_With_DayWise" time="1.006">
    <failure message="expected [788] but found [787]" type="java.lang.AssertionError">
      <![CDATA[java.lang.AssertionError: expected [788] but found [787]
at org.testng.Assert.fail(Assert.java:99)
at org.testng.Assert.failNotEquals(Assert.java:1037)
at org.testng.Assert.assertEqualsImpl(Assert.java:140)
at org.testng.Assert.assertEquals(Assert.java:122)
at org.testng.Assert.assertEquals(Assert.java:629)
at org.testng.Assert.assertEquals(Assert.java:639)
at rsm.SMR_Due_Date_Wise.Compare_LowMileage_Column_ZoneRegionWise_With_DayWise(SMR_Due_Date_Wise.java:869)
at java.base/jdk.internal.reflect.DirectMethodHandleAccessor.invoke(DirectMethodHandleAccessor.java:103)
at java.base/java.lang.reflect.Method.invoke(Method.java:580)
at org.testng.internal.MethodInvocationHelper.invokeMethod(MethodInvocationHelper.java:133)
at org.testng.internal.TestInvoker.invokeMethod(TestInvoker.java:598)
at org.testng.internal.TestInvoker.invokeTestMethod(TestInvoker.java:173)
at org.testng.internal.MethodRunner.runInSequence(MethodRunner.java:46)
at org.testng.internal.TestInvoker$MethodInvocationAgent.invoke(TestInvoker.java:824)
at org.testng.internal.TestInvoker.invokeTestMethods(TestInvoker.java:146)
at org.testng.internal.TestMethodWorker.invokeTestMethods(TestMethodWorker.java:146)
at org.testng.internal.TestMethodWorker.run(TestMethodWorker.java:128)
at java.base/java.util.ArrayList.forEach(ArrayList.java:1597)
at org.testng.TestRunner.privateRun(TestRunner.java:794)
at org.testng.TestRunner.run(TestRunner.java:596)
at org.testng.SuiteRunner.runTest(SuiteRunner.java:377)
at org.testng.SuiteRunner.runSequentially(SuiteRunner.java:371)
at org.testng.SuiteRunner.privateRun(SuiteRunner.java:332)
at org.testng.SuiteRunner.run(SuiteRunner.java:276)
at org.testng.SuiteRunnerWorker.runSuite(SuiteRunnerWorker.java:53)
at org.testng.SuiteRunnerWorker.run(SuiteRunnerWorker.java:96)
at org.testng.TestNG.runSuitesSequentially(TestNG.java:1212)
at org.testng.TestNG.runSuitesLocally(TestNG.java:1134)
at org.testng.TestNG.runSuites(TestNG.java:1063)
at org.testng.TestNG.run(TestNG.java:1031)
at org.testng.remote.AbstractRemoteTestNG.run(AbstractRemoteTestNG.java:115)
at org.testng.remote.RemoteTestNG.initAndRun(RemoteTestNG.java:293)
at org.testng.remote.RemoteTestNG.main(RemoteTestNG.java:91)
]]>
    </failure>
  </testcase> <!-- Compare_LowMileage_Column_ZoneRegionWise_With_DayWise -->
  <system-out/>
  <testcase classname="rsm.SMR_Due_Date_Wise" name="Compare_VehicleSOLD_Column_ZoneRegionWise_With_DayWise" time="1.015"/>
  <system-out/>
  <testcase classname="rsm.SMR_Due_Date_Wise" name="Compare_RefuseForService_Column_ZoneRegionWise_With_DayWise" time="1.010"/>
  <system-out/>
  <testcase classname="rsm.SMR_Due_Date_Wise" name="Compare_WrongNo_Column_ZoneRegionWise_With_DayWise" time="1.005"/>
  <system-out/>
  <testcase classname="rsm.SMR_Due_Date_Wise" name="Compare_AppointmentCancelled_Column_ZoneRegionWise_With_DayWise" time="1.008"/>
  <system-out/>
  <testcase classname="rsm.SMR_Due_Date_Wise" name="Compare_CallNotConnected_Column_ZoneRegionWise_With_DayWise" time="1.013"/>
  <system-out/>
  <testcase classname="rsm.SMR_Due_Date_Wise" name="Compare_Fresh_Column_ZoneRegionWise_With_DayWise" time="1.003"/>
  <system-out/>
  <testcase classname="rsm.SMR_Due_Date_Wise" name="Compare_PendingFresh_Column_ZoneRegionWise_With_DayWise" time="1.017"/>
  <system-out/>
  <testcase classname="rsm.SMR_Due_Date_Wise" name="Compare_UnallocatedData_Column_ZoneRegionWise_With_DayWise" time="1.012"/>
  <system-out/>
  <testcase classname="rsm.SMR_Due_Date_Wise" name="Compare_TotalDue_Column_ZoneRegionWise_With_ServiceTypeWise" time="1.007"/>
  <system-out/>
  <testcase classname="rsm.SMR_Due_Date_Wise" name="Compare_ReportedAtOWN_Column_ZoneRegionWise_With_ServiceTypeWise" time="1.006"/>
  <system-out/>
  <testcase classname="rsm.SMR_Due_Date_Wise" name="Compare_ReportedAtOTHER_Column_ZoneRegionWise_With_ServiceTypeWise" time="1.004"/>
  <system-out/>
  <testcase classname="rsm.SMR_Due_Date_Wise" name="Compare_AppointmentBooked_Column_ZoneRegionWise_With_ServiceTypeWise" time="1.003"/>
  <system-out/>
  <testcase classname="rsm.SMR_Due_Date_Wise" name="Compare_CallMeLater_Column_ZoneRegionWise_With_ServiceTypeWise" time="1.014"/>
  <system-out/>
  <testcase classname="rsm.SMR_Due_Date_Wise" name="Compare_LowMileage_Column_ZoneRegionWise_With_ServiceTypeWise" time="1.016">
    <failure message="expected [788] but found [787]" type="java.lang.AssertionError">
      <![CDATA[java.lang.AssertionError: expected [788] but found [787]
at org.testng.Assert.fail(Assert.java:99)
at org.testng.Assert.failNotEquals(Assert.java:1037)
at org.testng.Assert.assertEqualsImpl(Assert.java:140)
at org.testng.Assert.assertEquals(Assert.java:122)
at org.testng.Assert.assertEquals(Assert.java:629)
at org.testng.Assert.assertEquals(Assert.java:639)
at rsm.SMR_Due_Date_Wise.Compare_LowMileage_Column_ZoneRegionWise_With_ServiceTypeWise(SMR_Due_Date_Wise.java:967)
at java.base/jdk.internal.reflect.DirectMethodHandleAccessor.invoke(DirectMethodHandleAccessor.java:103)
at java.base/java.lang.reflect.Method.invoke(Method.java:580)
at org.testng.internal.MethodInvocationHelper.invokeMethod(MethodInvocationHelper.java:133)
at org.testng.internal.TestInvoker.invokeMethod(TestInvoker.java:598)
at org.testng.internal.TestInvoker.invokeTestMethod(TestInvoker.java:173)
at org.testng.internal.MethodRunner.runInSequence(MethodRunner.java:46)
at org.testng.internal.TestInvoker$MethodInvocationAgent.invoke(TestInvoker.java:824)
at org.testng.internal.TestInvoker.invokeTestMethods(TestInvoker.java:146)
at org.testng.internal.TestMethodWorker.invokeTestMethods(TestMethodWorker.java:146)
at org.testng.internal.TestMethodWorker.run(TestMethodWorker.java:128)
at java.base/java.util.ArrayList.forEach(ArrayList.java:1597)
at org.testng.TestRunner.privateRun(TestRunner.java:794)
at org.testng.TestRunner.run(TestRunner.java:596)
at org.testng.SuiteRunner.runTest(SuiteRunner.java:377)
at org.testng.SuiteRunner.runSequentially(SuiteRunner.java:371)
at org.testng.SuiteRunner.privateRun(SuiteRunner.java:332)
at org.testng.SuiteRunner.run(SuiteRunner.java:276)
at org.testng.SuiteRunnerWorker.runSuite(SuiteRunnerWorker.java:53)
at org.testng.SuiteRunnerWorker.run(SuiteRunnerWorker.java:96)
at org.testng.TestNG.runSuitesSequentially(TestNG.java:1212)
at org.testng.TestNG.runSuitesLocally(TestNG.java:1134)
at org.testng.TestNG.runSuites(TestNG.java:1063)
at org.testng.TestNG.run(TestNG.java:1031)
at org.testng.remote.AbstractRemoteTestNG.run(AbstractRemoteTestNG.java:115)
at org.testng.remote.RemoteTestNG.initAndRun(RemoteTestNG.java:293)
at org.testng.remote.RemoteTestNG.main(RemoteTestNG.java:91)
]]>
    </failure>
  </testcase> <!-- Compare_LowMileage_Column_ZoneRegionWise_With_ServiceTypeWise -->
  <system-out/>
  <testcase classname="rsm.SMR_Due_Date_Wise" name="Compare_VehicleSOLD_Column_ZoneRegionWise_With_ServiceTypeWise" time="1.009"/>
  <system-out/>
  <testcase classname="rsm.SMR_Due_Date_Wise" name="Compare_RefuseForService_Column_ZoneRegionWise_With_ServiceTypeWise" time="1.003"/>
  <system-out/>
  <testcase classname="rsm.SMR_Due_Date_Wise" name="Compare_WrongNo_Column_ZoneRegionWise_With_ServiceTypeWise" time="1.006"/>
  <system-out/>
  <testcase classname="rsm.SMR_Due_Date_Wise" name="Compare_AppointmentCancelled_Column_ZoneRegionWise_With_ServiceTypeWise" time="1.015"/>
  <system-out/>
  <testcase classname="rsm.SMR_Due_Date_Wise" name="Compare_CallNotConnected_Column_ZoneRegionWise_With_ServiceTypeWise" time="1.016">
    <failure message="expected [3559] but found [3560]" type="java.lang.AssertionError">
      <![CDATA[java.lang.AssertionError: expected [3559] but found [3560]
at org.testng.Assert.fail(Assert.java:99)
at org.testng.Assert.failNotEquals(Assert.java:1037)
at org.testng.Assert.assertEqualsImpl(Assert.java:140)
at org.testng.Assert.assertEquals(Assert.java:122)
at org.testng.Assert.assertEquals(Assert.java:629)
at org.testng.Assert.assertEquals(Assert.java:639)
at rsm.SMR_Due_Date_Wise.Compare_CallNotConnected_Column_ZoneRegionWise_With_ServiceTypeWise(SMR_Due_Date_Wise.java:1002)
at java.base/jdk.internal.reflect.DirectMethodHandleAccessor.invoke(DirectMethodHandleAccessor.java:103)
at java.base/java.lang.reflect.Method.invoke(Method.java:580)
at org.testng.internal.MethodInvocationHelper.invokeMethod(MethodInvocationHelper.java:133)
at org.testng.internal.TestInvoker.invokeMethod(TestInvoker.java:598)
at org.testng.internal.TestInvoker.invokeTestMethod(TestInvoker.java:173)
at org.testng.internal.MethodRunner.runInSequence(MethodRunner.java:46)
at org.testng.internal.TestInvoker$MethodInvocationAgent.invoke(TestInvoker.java:824)
at org.testng.internal.TestInvoker.invokeTestMethods(TestInvoker.java:146)
at org.testng.internal.TestMethodWorker.invokeTestMethods(TestMethodWorker.java:146)
at org.testng.internal.TestMethodWorker.run(TestMethodWorker.java:128)
at java.base/java.util.ArrayList.forEach(ArrayList.java:1597)
at org.testng.TestRunner.privateRun(TestRunner.java:794)
at org.testng.TestRunner.run(TestRunner.java:596)
at org.testng.SuiteRunner.runTest(SuiteRunner.java:377)
at org.testng.SuiteRunner.runSequentially(SuiteRunner.java:371)
at org.testng.SuiteRunner.privateRun(SuiteRunner.java:332)
at org.testng.SuiteRunner.run(SuiteRunner.java:276)
at org.testng.SuiteRunnerWorker.runSuite(SuiteRunnerWorker.java:53)
at org.testng.SuiteRunnerWorker.run(SuiteRunnerWorker.java:96)
at org.testng.TestNG.runSuitesSequentially(TestNG.java:1212)
at org.testng.TestNG.runSuitesLocally(TestNG.java:1134)
at org.testng.TestNG.runSuites(TestNG.java:1063)
at org.testng.TestNG.run(TestNG.java:1031)
at org.testng.remote.AbstractRemoteTestNG.run(AbstractRemoteTestNG.java:115)
at org.testng.remote.RemoteTestNG.initAndRun(RemoteTestNG.java:293)
at org.testng.remote.RemoteTestNG.main(RemoteTestNG.java:91)
]]>
    </failure>
  </testcase> <!-- Compare_CallNotConnected_Column_ZoneRegionWise_With_ServiceTypeWise -->
  <system-out/>
  <testcase classname="rsm.SMR_Due_Date_Wise" name="Compare_Fresh_Column_ZoneRegionWise_With_ServiceTypeWise" time="1.003"/>
  <system-out/>
  <testcase classname="rsm.SMR_Due_Date_Wise" name="Compare_PendingFresh_Column_ZoneRegionWise_With_ServiceTypeWise" time="1.009"/>
  <system-out/>
  <testcase classname="rsm.SMR_Due_Date_Wise" name="Compare_UnallocatedData_Column_ZoneRegionWise_With_ServiceTypeWise" time="1.009"/>
  <system-out/>
  <testcase classname="rsm.SMR_Due_Date_Wise" name="Compare_TotalDue_Column_DealerParentWise_With_WorkshopWise" time="1.015"/>
  <system-out/>
  <testcase classname="rsm.SMR_Due_Date_Wise" name="Compare_ReportedAtOWN_Column_DealerParentWise_With_WorkshopWise" time="1.002"/>
  <system-out/>
  <testcase classname="rsm.SMR_Due_Date_Wise" name="Compare_ReportedAtOTHER_Column_DealerParentWise_With_WorkshopWise" time="1.004"/>
  <system-out/>
  <testcase classname="rsm.SMR_Due_Date_Wise" name="Compare_AppointmentBooked_Column_DealerParentWise_With_WorkshopWise" time="1.007">
    <failure message="expected [1614] but found [1615]" type="java.lang.AssertionError">
      <![CDATA[java.lang.AssertionError: expected [1614] but found [1615]
at org.testng.Assert.fail(Assert.java:99)
at org.testng.Assert.failNotEquals(Assert.java:1037)
at org.testng.Assert.assertEqualsImpl(Assert.java:140)
at org.testng.Assert.assertEquals(Assert.java:122)
at org.testng.Assert.assertEquals(Assert.java:629)
at org.testng.Assert.assertEquals(Assert.java:639)
at rsm.SMR_Due_Date_Wise.Compare_AppointmentBooked_Column_DealerParentWise_With_WorkshopWise(SMR_Due_Date_Wise.java:1051)
at java.base/jdk.internal.reflect.DirectMethodHandleAccessor.invoke(DirectMethodHandleAccessor.java:103)
at java.base/java.lang.reflect.Method.invoke(Method.java:580)
at org.testng.internal.MethodInvocationHelper.invokeMethod(MethodInvocationHelper.java:133)
at org.testng.internal.TestInvoker.invokeMethod(TestInvoker.java:598)
at org.testng.internal.TestInvoker.invokeTestMethod(TestInvoker.java:173)
at org.testng.internal.MethodRunner.runInSequence(MethodRunner.java:46)
at org.testng.internal.TestInvoker$MethodInvocationAgent.invoke(TestInvoker.java:824)
at org.testng.internal.TestInvoker.invokeTestMethods(TestInvoker.java:146)
at org.testng.internal.TestMethodWorker.invokeTestMethods(TestMethodWorker.java:146)
at org.testng.internal.TestMethodWorker.run(TestMethodWorker.java:128)
at java.base/java.util.ArrayList.forEach(ArrayList.java:1597)
at org.testng.TestRunner.privateRun(TestRunner.java:794)
at org.testng.TestRunner.run(TestRunner.java:596)
at org.testng.SuiteRunner.runTest(SuiteRunner.java:377)
at org.testng.SuiteRunner.runSequentially(SuiteRunner.java:371)
at org.testng.SuiteRunner.privateRun(SuiteRunner.java:332)
at org.testng.SuiteRunner.run(SuiteRunner.java:276)
at org.testng.SuiteRunnerWorker.runSuite(SuiteRunnerWorker.java:53)
at org.testng.SuiteRunnerWorker.run(SuiteRunnerWorker.java:96)
at org.testng.TestNG.runSuitesSequentially(TestNG.java:1212)
at org.testng.TestNG.runSuitesLocally(TestNG.java:1134)
at org.testng.TestNG.runSuites(TestNG.java:1063)
at org.testng.TestNG.run(TestNG.java:1031)
at org.testng.remote.AbstractRemoteTestNG.run(AbstractRemoteTestNG.java:115)
at org.testng.remote.RemoteTestNG.initAndRun(RemoteTestNG.java:293)
at org.testng.remote.RemoteTestNG.main(RemoteTestNG.java:91)
]]>
    </failure>
  </testcase> <!-- Compare_AppointmentBooked_Column_DealerParentWise_With_WorkshopWise -->
  <system-out/>
  <testcase classname="rsm.SMR_Due_Date_Wise" name="Compare_CallMeLater_Column_DealerParentWise_With_WorkshopWise" time="1.009">
    <failure message="expected [4452] but found [4451]" type="java.lang.AssertionError">
      <![CDATA[java.lang.AssertionError: expected [4452] but found [4451]
at org.testng.Assert.fail(Assert.java:99)
at org.testng.Assert.failNotEquals(Assert.java:1037)
at org.testng.Assert.assertEqualsImpl(Assert.java:140)
at org.testng.Assert.assertEquals(Assert.java:122)
at org.testng.Assert.assertEquals(Assert.java:629)
at org.testng.Assert.assertEquals(Assert.java:639)
at rsm.SMR_Due_Date_Wise.Compare_CallMeLater_Column_DealerParentWise_With_WorkshopWise(SMR_Due_Date_Wise.java:1058)
at java.base/jdk.internal.reflect.DirectMethodHandleAccessor.invoke(DirectMethodHandleAccessor.java:103)
at java.base/java.lang.reflect.Method.invoke(Method.java:580)
at org.testng.internal.MethodInvocationHelper.invokeMethod(MethodInvocationHelper.java:133)
at org.testng.internal.TestInvoker.invokeMethod(TestInvoker.java:598)
at org.testng.internal.TestInvoker.invokeTestMethod(TestInvoker.java:173)
at org.testng.internal.MethodRunner.runInSequence(MethodRunner.java:46)
at org.testng.internal.TestInvoker$MethodInvocationAgent.invoke(TestInvoker.java:824)
at org.testng.internal.TestInvoker.invokeTestMethods(TestInvoker.java:146)
at org.testng.internal.TestMethodWorker.invokeTestMethods(TestMethodWorker.java:146)
at org.testng.internal.TestMethodWorker.run(TestMethodWorker.java:128)
at java.base/java.util.ArrayList.forEach(ArrayList.java:1597)
at org.testng.TestRunner.privateRun(TestRunner.java:794)
at org.testng.TestRunner.run(TestRunner.java:596)
at org.testng.SuiteRunner.runTest(SuiteRunner.java:377)
at org.testng.SuiteRunner.runSequentially(SuiteRunner.java:371)
at org.testng.SuiteRunner.privateRun(SuiteRunner.java:332)
at org.testng.SuiteRunner.run(SuiteRunner.java:276)
at org.testng.SuiteRunnerWorker.runSuite(SuiteRunnerWorker.java:53)
at org.testng.SuiteRunnerWorker.run(SuiteRunnerWorker.java:96)
at org.testng.TestNG.runSuitesSequentially(TestNG.java:1212)
at org.testng.TestNG.runSuitesLocally(TestNG.java:1134)
at org.testng.TestNG.runSuites(TestNG.java:1063)
at org.testng.TestNG.run(TestNG.java:1031)
at org.testng.remote.AbstractRemoteTestNG.run(AbstractRemoteTestNG.java:115)
at org.testng.remote.RemoteTestNG.initAndRun(RemoteTestNG.java:293)
at org.testng.remote.RemoteTestNG.main(RemoteTestNG.java:91)
]]>
    </failure>
  </testcase> <!-- Compare_CallMeLater_Column_DealerParentWise_With_WorkshopWise -->
  <system-out/>
  <testcase classname="rsm.SMR_Due_Date_Wise" name="Compare_LowMileage_Column_DealerParentWise_With_WorkshopWise" time="1.008"/>
  <system-out/>
  <testcase classname="rsm.SMR_Due_Date_Wise" name="Compare_VehicleSOLD_Column_DealerParentWise_With_WorkshopWise" time="1.009"/>
  <system-out/>
  <testcase classname="rsm.SMR_Due_Date_Wise" name="Compare_RefuseForService_Column_DealerParentWise_With_WorkshopWise" time="1.009"/>
  <system-out/>
  <testcase classname="rsm.SMR_Due_Date_Wise" name="Compare_WrongNo_Column_DealerParentWise_With_WorkshopWise" time="1.009"/>
  <system-out/>
  <testcase classname="rsm.SMR_Due_Date_Wise" name="Compare_AppointmentCancelled_Column_DealerParentWise_With_WorkshopWise" time="1.005"/>
  <system-out/>
  <testcase classname="rsm.SMR_Due_Date_Wise" name="Compare_CallNotConnected_Column_DealerParentWise_With_WorkshopWise" time="1.002"/>
  <system-out/>
  <testcase classname="rsm.SMR_Due_Date_Wise" name="Compare_Fresh_Column_DealerParentWise_With_WorkshopWise" time="1.013"/>
  <system-out/>
  <testcase classname="rsm.SMR_Due_Date_Wise" name="Compare_PendingFresh_Column_DealerParentWise_With_WorkshopWise" time="1.004"/>
  <system-out/>
  <testcase classname="rsm.SMR_Due_Date_Wise" name="Compare_UnallocatedData_Column_DealerParentWise_With_WorkshopWise" time="1.006"/>
  <system-out/>
  <testcase classname="rsm.SMR_Due_Date_Wise" name="Compare_TotalDue_Column_DealerParentWise_With_DayWise" time="1.006"/>
  <system-out/>
  <testcase classname="rsm.SMR_Due_Date_Wise" name="Compare_ReportedAtOWN_Column_DealerParentWise_With_DayWise" time="1.012"/>
  <system-out/>
  <testcase classname="rsm.SMR_Due_Date_Wise" name="Compare_ReportedAtOTHER_Column_DealerParentWise_With_DayWise" time="1.003"/>
  <system-out/>
  <testcase classname="rsm.SMR_Due_Date_Wise" name="Compare_AppointmentBooked_Column_DealerParentWise_With_DayWise" time="1.011">
    <failure message="expected [1614] but found [1615]" type="java.lang.AssertionError">
      <![CDATA[java.lang.AssertionError: expected [1614] but found [1615]
at org.testng.Assert.fail(Assert.java:99)
at org.testng.Assert.failNotEquals(Assert.java:1037)
at org.testng.Assert.assertEqualsImpl(Assert.java:140)
at org.testng.Assert.assertEquals(Assert.java:122)
at org.testng.Assert.assertEquals(Assert.java:629)
at org.testng.Assert.assertEquals(Assert.java:639)
at rsm.SMR_Due_Date_Wise.Compare_AppointmentBooked_Column_DealerParentWise_With_DayWise(SMR_Due_Date_Wise.java:1149)
at java.base/jdk.internal.reflect.DirectMethodHandleAccessor.invoke(DirectMethodHandleAccessor.java:103)
at java.base/java.lang.reflect.Method.invoke(Method.java:580)
at org.testng.internal.MethodInvocationHelper.invokeMethod(MethodInvocationHelper.java:133)
at org.testng.internal.TestInvoker.invokeMethod(TestInvoker.java:598)
at org.testng.internal.TestInvoker.invokeTestMethod(TestInvoker.java:173)
at org.testng.internal.MethodRunner.runInSequence(MethodRunner.java:46)
at org.testng.internal.TestInvoker$MethodInvocationAgent.invoke(TestInvoker.java:824)
at org.testng.internal.TestInvoker.invokeTestMethods(TestInvoker.java:146)
at org.testng.internal.TestMethodWorker.invokeTestMethods(TestMethodWorker.java:146)
at org.testng.internal.TestMethodWorker.run(TestMethodWorker.java:128)
at java.base/java.util.ArrayList.forEach(ArrayList.java:1597)
at org.testng.TestRunner.privateRun(TestRunner.java:794)
at org.testng.TestRunner.run(TestRunner.java:596)
at org.testng.SuiteRunner.runTest(SuiteRunner.java:377)
at org.testng.SuiteRunner.runSequentially(SuiteRunner.java:371)
at org.testng.SuiteRunner.privateRun(SuiteRunner.java:332)
at org.testng.SuiteRunner.run(SuiteRunner.java:276)
at org.testng.SuiteRunnerWorker.runSuite(SuiteRunnerWorker.java:53)
at org.testng.SuiteRunnerWorker.run(SuiteRunnerWorker.java:96)
at org.testng.TestNG.runSuitesSequentially(TestNG.java:1212)
at org.testng.TestNG.runSuitesLocally(TestNG.java:1134)
at org.testng.TestNG.runSuites(TestNG.java:1063)
at org.testng.TestNG.run(TestNG.java:1031)
at org.testng.remote.AbstractRemoteTestNG.run(AbstractRemoteTestNG.java:115)
at org.testng.remote.RemoteTestNG.initAndRun(RemoteTestNG.java:293)
at org.testng.remote.RemoteTestNG.main(RemoteTestNG.java:91)
]]>
    </failure>
  </testcase> <!-- Compare_AppointmentBooked_Column_DealerParentWise_With_DayWise -->
  <system-out/>
  <testcase classname="rsm.SMR_Due_Date_Wise" name="Compare_CallMeLater_Column_DealerParentWise_With_DayWise" time="1.010">
    <failure message="expected [4452] but found [4451]" type="java.lang.AssertionError">
      <![CDATA[java.lang.AssertionError: expected [4452] but found [4451]
at org.testng.Assert.fail(Assert.java:99)
at org.testng.Assert.failNotEquals(Assert.java:1037)
at org.testng.Assert.assertEqualsImpl(Assert.java:140)
at org.testng.Assert.assertEquals(Assert.java:122)
at org.testng.Assert.assertEquals(Assert.java:629)
at org.testng.Assert.assertEquals(Assert.java:639)
at rsm.SMR_Due_Date_Wise.Compare_CallMeLater_Column_DealerParentWise_With_DayWise(SMR_Due_Date_Wise.java:1156)
at java.base/jdk.internal.reflect.DirectMethodHandleAccessor.invoke(DirectMethodHandleAccessor.java:103)
at java.base/java.lang.reflect.Method.invoke(Method.java:580)
at org.testng.internal.MethodInvocationHelper.invokeMethod(MethodInvocationHelper.java:133)
at org.testng.internal.TestInvoker.invokeMethod(TestInvoker.java:598)
at org.testng.internal.TestInvoker.invokeTestMethod(TestInvoker.java:173)
at org.testng.internal.MethodRunner.runInSequence(MethodRunner.java:46)
at org.testng.internal.TestInvoker$MethodInvocationAgent.invoke(TestInvoker.java:824)
at org.testng.internal.TestInvoker.invokeTestMethods(TestInvoker.java:146)
at org.testng.internal.TestMethodWorker.invokeTestMethods(TestMethodWorker.java:146)
at org.testng.internal.TestMethodWorker.run(TestMethodWorker.java:128)
at java.base/java.util.ArrayList.forEach(ArrayList.java:1597)
at org.testng.TestRunner.privateRun(TestRunner.java:794)
at org.testng.TestRunner.run(TestRunner.java:596)
at org.testng.SuiteRunner.runTest(SuiteRunner.java:377)
at org.testng.SuiteRunner.runSequentially(SuiteRunner.java:371)
at org.testng.SuiteRunner.privateRun(SuiteRunner.java:332)
at org.testng.SuiteRunner.run(SuiteRunner.java:276)
at org.testng.SuiteRunnerWorker.runSuite(SuiteRunnerWorker.java:53)
at org.testng.SuiteRunnerWorker.run(SuiteRunnerWorker.java:96)
at org.testng.TestNG.runSuitesSequentially(TestNG.java:1212)
at org.testng.TestNG.runSuitesLocally(TestNG.java:1134)
at org.testng.TestNG.runSuites(TestNG.java:1063)
at org.testng.TestNG.run(TestNG.java:1031)
at org.testng.remote.AbstractRemoteTestNG.run(AbstractRemoteTestNG.java:115)
at org.testng.remote.RemoteTestNG.initAndRun(RemoteTestNG.java:293)
at org.testng.remote.RemoteTestNG.main(RemoteTestNG.java:91)
]]>
    </failure>
  </testcase> <!-- Compare_CallMeLater_Column_DealerParentWise_With_DayWise -->
  <system-out/>
  <testcase classname="rsm.SMR_Due_Date_Wise" name="Compare_LowMileage_Column_DealerParentWise_With_DayWise" time="1.006"/>
  <system-out/>
  <testcase classname="rsm.SMR_Due_Date_Wise" name="Compare_VehicleSOLD_Column_DealerParentWise_With_DayWise" time="1.003"/>
  <system-out/>
  <testcase classname="rsm.SMR_Due_Date_Wise" name="Compare_RefuseForService_Column_DealerParentWise_With_DayWise" time="1.004"/>
  <system-out/>
  <testcase classname="rsm.SMR_Due_Date_Wise" name="Compare_WrongNo_Column_DealerParentWise_With_DayWise" time="1.010"/>
  <system-out/>
  <testcase classname="rsm.SMR_Due_Date_Wise" name="Compare_AppointmentCancelled_Column_DealerParentWise_With_DayWise" time="1.002"/>
  <system-out/>
  <testcase classname="rsm.SMR_Due_Date_Wise" name="Compare_CallNotConnected_Column_DealerParentWise_With_DayWise" time="1.003"/>
  <system-out/>
  <testcase classname="rsm.SMR_Due_Date_Wise" name="Compare_Fresh_Column_DealerParentWise_With_DayWise" time="1.011"/>
  <system-out/>
  <testcase classname="rsm.SMR_Due_Date_Wise" name="Compare_PendingFresh_Column_DealerParentWise_With_DayWise" time="1.013"/>
  <system-out/>
  <testcase classname="rsm.SMR_Due_Date_Wise" name="Compare_UnallocatedData_Column_DealerParentWise_With_DayWise" time="1.004"/>
  <system-out/>
  <testcase classname="rsm.SMR_Due_Date_Wise" name="Compare_TotalDue_Column_DealerParentWise_With_ServiceTypeWise" time="1.014"/>
  <system-out/>
  <testcase classname="rsm.SMR_Due_Date_Wise" name="Compare_ReportedAtOWN_Column_DealerParentWise_With_ServiceTypeWise" time="1.005"/>
  <system-out/>
  <testcase classname="rsm.SMR_Due_Date_Wise" name="Compare_ReportedAtOTHER_Column_DealerParentWise_With_ServiceTypeWise" time="1.014"/>
  <system-out/>
  <testcase classname="rsm.SMR_Due_Date_Wise" name="Compare_AppointmentBooked_Column_DealerParentWise_With_ServiceTypeWise" time="1.015"/>
  <system-out/>
  <testcase classname="rsm.SMR_Due_Date_Wise" name="Compare_CallMeLater_Column_DealerParentWise_With_ServiceTypeWise" time="1.004">
    <failure message="expected [4452] but found [4451]" type="java.lang.AssertionError">
      <![CDATA[java.lang.AssertionError: expected [4452] but found [4451]
at org.testng.Assert.fail(Assert.java:99)
at org.testng.Assert.failNotEquals(Assert.java:1037)
at org.testng.Assert.assertEqualsImpl(Assert.java:140)
at org.testng.Assert.assertEquals(Assert.java:122)
at org.testng.Assert.assertEquals(Assert.java:629)
at org.testng.Assert.assertEquals(Assert.java:639)
at rsm.SMR_Due_Date_Wise.Compare_CallMeLater_Column_DealerParentWise_With_ServiceTypeWise(SMR_Due_Date_Wise.java:1254)
at java.base/jdk.internal.reflect.DirectMethodHandleAccessor.invoke(DirectMethodHandleAccessor.java:103)
at java.base/java.lang.reflect.Method.invoke(Method.java:580)
at org.testng.internal.MethodInvocationHelper.invokeMethod(MethodInvocationHelper.java:133)
at org.testng.internal.TestInvoker.invokeMethod(TestInvoker.java:598)
at org.testng.internal.TestInvoker.invokeTestMethod(TestInvoker.java:173)
at org.testng.internal.MethodRunner.runInSequence(MethodRunner.java:46)
at org.testng.internal.TestInvoker$MethodInvocationAgent.invoke(TestInvoker.java:824)
at org.testng.internal.TestInvoker.invokeTestMethods(TestInvoker.java:146)
at org.testng.internal.TestMethodWorker.invokeTestMethods(TestMethodWorker.java:146)
at org.testng.internal.TestMethodWorker.run(TestMethodWorker.java:128)
at java.base/java.util.ArrayList.forEach(ArrayList.java:1597)
at org.testng.TestRunner.privateRun(TestRunner.java:794)
at org.testng.TestRunner.run(TestRunner.java:596)
at org.testng.SuiteRunner.runTest(SuiteRunner.java:377)
at org.testng.SuiteRunner.runSequentially(SuiteRunner.java:371)
at org.testng.SuiteRunner.privateRun(SuiteRunner.java:332)
at org.testng.SuiteRunner.run(SuiteRunner.java:276)
at org.testng.SuiteRunnerWorker.runSuite(SuiteRunnerWorker.java:53)
at org.testng.SuiteRunnerWorker.run(SuiteRunnerWorker.java:96)
at org.testng.TestNG.runSuitesSequentially(TestNG.java:1212)
at org.testng.TestNG.runSuitesLocally(TestNG.java:1134)
at org.testng.TestNG.runSuites(TestNG.java:1063)
at org.testng.TestNG.run(TestNG.java:1031)
at org.testng.remote.AbstractRemoteTestNG.run(AbstractRemoteTestNG.java:115)
at org.testng.remote.RemoteTestNG.initAndRun(RemoteTestNG.java:293)
at org.testng.remote.RemoteTestNG.main(RemoteTestNG.java:91)
]]>
    </failure>
  </testcase> <!-- Compare_CallMeLater_Column_DealerParentWise_With_ServiceTypeWise -->
  <system-out/>
  <testcase classname="rsm.SMR_Due_Date_Wise" name="Compare_LowMileage_Column_DealerParentWise_With_ServiceTypeWise" time="1.008"/>
  <system-out/>
  <testcase classname="rsm.SMR_Due_Date_Wise" name="Compare_VehicleSOLD_Column_DealerParentWise_With_ServiceTypeWise" time="1.011"/>
  <system-out/>
  <testcase classname="rsm.SMR_Due_Date_Wise" name="Compare_RefuseForService_Column_DealerParentWise_With_ServiceTypeWise" time="1.015"/>
  <system-out/>
  <testcase classname="rsm.SMR_Due_Date_Wise" name="Compare_WrongNo_Column_DealerParentWise_With_ServiceTypeWise" time="1.003"/>
  <system-out/>
  <testcase classname="rsm.SMR_Due_Date_Wise" name="Compare_AppointmentCancelled_Column_DealerParentWise_With_ServiceTypeWise" time="1.011"/>
  <system-out/>
  <testcase classname="rsm.SMR_Due_Date_Wise" name="Compare_CallNotConnected_Column_DealerParentWise_With_ServiceTypeWise" time="1.003">
    <failure message="expected [3559] but found [3560]" type="java.lang.AssertionError">
      <![CDATA[java.lang.AssertionError: expected [3559] but found [3560]
at org.testng.Assert.fail(Assert.java:99)
at org.testng.Assert.failNotEquals(Assert.java:1037)
at org.testng.Assert.assertEqualsImpl(Assert.java:140)
at org.testng.Assert.assertEquals(Assert.java:122)
at org.testng.Assert.assertEquals(Assert.java:629)
at org.testng.Assert.assertEquals(Assert.java:639)
at rsm.SMR_Due_Date_Wise.Compare_CallNotConnected_Column_DealerParentWise_With_ServiceTypeWise(SMR_Due_Date_Wise.java:1296)
at java.base/jdk.internal.reflect.DirectMethodHandleAccessor.invoke(DirectMethodHandleAccessor.java:103)
at java.base/java.lang.reflect.Method.invoke(Method.java:580)
at org.testng.internal.MethodInvocationHelper.invokeMethod(MethodInvocationHelper.java:133)
at org.testng.internal.TestInvoker.invokeMethod(TestInvoker.java:598)
at org.testng.internal.TestInvoker.invokeTestMethod(TestInvoker.java:173)
at org.testng.internal.MethodRunner.runInSequence(MethodRunner.java:46)
at org.testng.internal.TestInvoker$MethodInvocationAgent.invoke(TestInvoker.java:824)
at org.testng.internal.TestInvoker.invokeTestMethods(TestInvoker.java:146)
at org.testng.internal.TestMethodWorker.invokeTestMethods(TestMethodWorker.java:146)
at org.testng.internal.TestMethodWorker.run(TestMethodWorker.java:128)
at java.base/java.util.ArrayList.forEach(ArrayList.java:1597)
at org.testng.TestRunner.privateRun(TestRunner.java:794)
at org.testng.TestRunner.run(TestRunner.java:596)
at org.testng.SuiteRunner.runTest(SuiteRunner.java:377)
at org.testng.SuiteRunner.runSequentially(SuiteRunner.java:371)
at org.testng.SuiteRunner.privateRun(SuiteRunner.java:332)
at org.testng.SuiteRunner.run(SuiteRunner.java:276)
at org.testng.SuiteRunnerWorker.runSuite(SuiteRunnerWorker.java:53)
at org.testng.SuiteRunnerWorker.run(SuiteRunnerWorker.java:96)
at org.testng.TestNG.runSuitesSequentially(TestNG.java:1212)
at org.testng.TestNG.runSuitesLocally(TestNG.java:1134)
at org.testng.TestNG.runSuites(TestNG.java:1063)
at org.testng.TestNG.run(TestNG.java:1031)
at org.testng.remote.AbstractRemoteTestNG.run(AbstractRemoteTestNG.java:115)
at org.testng.remote.RemoteTestNG.initAndRun(RemoteTestNG.java:293)
at org.testng.remote.RemoteTestNG.main(RemoteTestNG.java:91)
]]>
    </failure>
  </testcase> <!-- Compare_CallNotConnected_Column_DealerParentWise_With_ServiceTypeWise -->
  <system-out/>
  <testcase classname="rsm.SMR_Due_Date_Wise" name="Compare_Fresh_Column_DealerParentWise_With_ServiceTypeWise" time="1.006"/>
  <system-out/>
  <testcase classname="rsm.SMR_Due_Date_Wise" name="Compare_PendingFresh_Column_DealerParentWise_With_ServiceTypeWise" time="1.006"/>
  <system-out/>
  <testcase classname="rsm.SMR_Due_Date_Wise" name="Compare_UnallocatedData_Column_DealerParentWise_With_ServiceTypeWise" time="1.009"/>
  <system-out/>
  <testcase classname="rsm.SMR_Due_Date_Wise" name="Compare_TotalDue_Column_WorkshopWise_With_DayWise" time="1.015"/>
  <system-out/>
  <testcase classname="rsm.SMR_Due_Date_Wise" name="Compare_ReportedAtOWN_Column_WorkshopWise_With_DayWise" time="1.018"/>
  <system-out/>
  <testcase classname="rsm.SMR_Due_Date_Wise" name="Compare_ReportedAtOTHER_Column_WorkshopWise_With_DayWise" time="1.016"/>
  <system-out/>
  <testcase classname="rsm.SMR_Due_Date_Wise" name="Compare_AppointmentBooked_Column_WorkshopWise_With_DayWise" time="1.003"/>
  <system-out/>
  <testcase classname="rsm.SMR_Due_Date_Wise" name="Compare_CallMeLater_Column_WorkshopWise_With_DayWise" time="1.013"/>
  <system-out/>
  <testcase classname="rsm.SMR_Due_Date_Wise" name="Compare_LowMileage_Column_WorkshopWise_With_DayWise" time="1.012"/>
  <system-out/>
  <testcase classname="rsm.SMR_Due_Date_Wise" name="Compare_VehicleSOLD_Column_WorkshopWise_With_DayWise" time="1.003"/>
  <system-out/>
  <testcase classname="rsm.SMR_Due_Date_Wise" name="Compare_RefuseForService_Column_WorkshopWise_With_DayWise" time="1.012"/>
  <system-out/>
  <testcase classname="rsm.SMR_Due_Date_Wise" name="Compare_WrongNo_Column_WorkshopWise_With_DayWise" time="1.004"/>
  <system-out/>
  <testcase classname="rsm.SMR_Due_Date_Wise" name="Compare_AppointmentCancelled_Column_WorkshopWise_With_DayWise" time="1.010"/>
  <system-out/>
  <testcase classname="rsm.SMR_Due_Date_Wise" name="Compare_CallNotConnected_Column_WorkshopWise_With_DayWise" time="1.006"/>
  <system-out/>
  <testcase classname="rsm.SMR_Due_Date_Wise" name="Compare_Fresh_Column_WorkshopWise_With_DayWise" time="1.011"/>
  <system-out/>
  <testcase classname="rsm.SMR_Due_Date_Wise" name="Compare_PendingFresh_Column_WorkshopWise_With_DayWise" time="1.004"/>
  <system-out/>
  <testcase classname="rsm.SMR_Due_Date_Wise" name="Compare_UnallocatedData_Column_WorkshopWise_With_DayWise" time="1.018"/>
  <system-out/>
  <testcase classname="rsm.SMR_Due_Date_Wise" name="Compare_TotalDue_Column_WorkshopWise_With_ServiceTypeWise" time="1.009"/>
  <system-out/>
  <testcase classname="rsm.SMR_Due_Date_Wise" name="Compare_ReportedAtOWN_Column_WorkshopWise_With_ServiceTypeWise" time="1.010"/>
  <system-out/>
  <testcase classname="rsm.SMR_Due_Date_Wise" name="Compare_ReportedAtOTHER_Column_WorkshopWise_With_ServiceTypeWise" time="1.014"/>
  <system-out/>
  <testcase classname="rsm.SMR_Due_Date_Wise" name="Compare_AppointmentBooked_Column_WorkshopWise_With_ServiceTypeWise" time="1.005">
    <failure message="expected [1615] but found [1614]" type="java.lang.AssertionError">
      <![CDATA[java.lang.AssertionError: expected [1615] but found [1614]
at org.testng.Assert.fail(Assert.java:99)
at org.testng.Assert.failNotEquals(Assert.java:1037)
at org.testng.Assert.assertEqualsImpl(Assert.java:140)
at org.testng.Assert.assertEquals(Assert.java:122)
at org.testng.Assert.assertEquals(Assert.java:629)
at org.testng.Assert.assertEquals(Assert.java:639)
at rsm.SMR_Due_Date_Wise.Compare_AppointmentBooked_Column_WorkshopWise_With_ServiceTypeWise(SMR_Due_Date_Wise.java:1443)
at java.base/jdk.internal.reflect.DirectMethodHandleAccessor.invoke(DirectMethodHandleAccessor.java:103)
at java.base/java.lang.reflect.Method.invoke(Method.java:580)
at org.testng.internal.MethodInvocationHelper.invokeMethod(MethodInvocationHelper.java:133)
at org.testng.internal.TestInvoker.invokeMethod(TestInvoker.java:598)
at org.testng.internal.TestInvoker.invokeTestMethod(TestInvoker.java:173)
at org.testng.internal.MethodRunner.runInSequence(MethodRunner.java:46)
at org.testng.internal.TestInvoker$MethodInvocationAgent.invoke(TestInvoker.java:824)
at org.testng.internal.TestInvoker.invokeTestMethods(TestInvoker.java:146)
at org.testng.internal.TestMethodWorker.invokeTestMethods(TestMethodWorker.java:146)
at org.testng.internal.TestMethodWorker.run(TestMethodWorker.java:128)
at java.base/java.util.ArrayList.forEach(ArrayList.java:1597)
at org.testng.TestRunner.privateRun(TestRunner.java:794)
at org.testng.TestRunner.run(TestRunner.java:596)
at org.testng.SuiteRunner.runTest(SuiteRunner.java:377)
at org.testng.SuiteRunner.runSequentially(SuiteRunner.java:371)
at org.testng.SuiteRunner.privateRun(SuiteRunner.java:332)
at org.testng.SuiteRunner.run(SuiteRunner.java:276)
at org.testng.SuiteRunnerWorker.runSuite(SuiteRunnerWorker.java:53)
at org.testng.SuiteRunnerWorker.run(SuiteRunnerWorker.java:96)
at org.testng.TestNG.runSuitesSequentially(TestNG.java:1212)
at org.testng.TestNG.runSuitesLocally(TestNG.java:1134)
at org.testng.TestNG.runSuites(TestNG.java:1063)
at org.testng.TestNG.run(TestNG.java:1031)
at org.testng.remote.AbstractRemoteTestNG.run(AbstractRemoteTestNG.java:115)
at org.testng.remote.RemoteTestNG.initAndRun(RemoteTestNG.java:293)
at org.testng.remote.RemoteTestNG.main(RemoteTestNG.java:91)
]]>
    </failure>
  </testcase> <!-- Compare_AppointmentBooked_Column_WorkshopWise_With_ServiceTypeWise -->
  <system-out/>
  <testcase classname="rsm.SMR_Due_Date_Wise" name="Compare_CallMeLater_Column_WorkshopWise_With_ServiceTypeWise" time="1.006"/>
  <system-out/>
  <testcase classname="rsm.SMR_Due_Date_Wise" name="Compare_LowMileage_Column_WorkshopWise_With_ServiceTypeWise" time="1.014"/>
  <system-out/>
  <testcase classname="rsm.SMR_Due_Date_Wise" name="Compare_VehicleSOLD_Column_WorkshopWise_With_ServiceTypeWise" time="1.007"/>
  <system-out/>
  <testcase classname="rsm.SMR_Due_Date_Wise" name="Compare_RefuseForService_Column_WorkshopWise_With_ServiceTypeWise" time="1.008"/>
  <system-out/>
  <testcase classname="rsm.SMR_Due_Date_Wise" name="Compare_WrongNo_Column_WorkshopWise_With_ServiceTypeWise" time="1.015"/>
  <system-out/>
  <testcase classname="rsm.SMR_Due_Date_Wise" name="Compare_AppointmentCancelled_Column_WorkshopWise_With_ServiceTypeWise" time="1.007"/>
  <system-out/>
  <testcase classname="rsm.SMR_Due_Date_Wise" name="Compare_CallNotConnected_Column_WorkshopWise_With_ServiceTypeWise" time="1.013">
    <failure message="expected [3559] but found [3560]" type="java.lang.AssertionError">
      <![CDATA[java.lang.AssertionError: expected [3559] but found [3560]
at org.testng.Assert.fail(Assert.java:99)
at org.testng.Assert.failNotEquals(Assert.java:1037)
at org.testng.Assert.assertEqualsImpl(Assert.java:140)
at org.testng.Assert.assertEquals(Assert.java:122)
at org.testng.Assert.assertEquals(Assert.java:629)
at org.testng.Assert.assertEquals(Assert.java:639)
at rsm.SMR_Due_Date_Wise.Compare_CallNotConnected_Column_WorkshopWise_With_ServiceTypeWise(SMR_Due_Date_Wise.java:1492)
at java.base/jdk.internal.reflect.DirectMethodHandleAccessor.invoke(DirectMethodHandleAccessor.java:103)
at java.base/java.lang.reflect.Method.invoke(Method.java:580)
at org.testng.internal.MethodInvocationHelper.invokeMethod(MethodInvocationHelper.java:133)
at org.testng.internal.TestInvoker.invokeMethod(TestInvoker.java:598)
at org.testng.internal.TestInvoker.invokeTestMethod(TestInvoker.java:173)
at org.testng.internal.MethodRunner.runInSequence(MethodRunner.java:46)
at org.testng.internal.TestInvoker$MethodInvocationAgent.invoke(TestInvoker.java:824)
at org.testng.internal.TestInvoker.invokeTestMethods(TestInvoker.java:146)
at org.testng.internal.TestMethodWorker.invokeTestMethods(TestMethodWorker.java:146)
at org.testng.internal.TestMethodWorker.run(TestMethodWorker.java:128)
at java.base/java.util.ArrayList.forEach(ArrayList.java:1597)
at org.testng.TestRunner.privateRun(TestRunner.java:794)
at org.testng.TestRunner.run(TestRunner.java:596)
at org.testng.SuiteRunner.runTest(SuiteRunner.java:377)
at org.testng.SuiteRunner.runSequentially(SuiteRunner.java:371)
at org.testng.SuiteRunner.privateRun(SuiteRunner.java:332)
at org.testng.SuiteRunner.run(SuiteRunner.java:276)
at org.testng.SuiteRunnerWorker.runSuite(SuiteRunnerWorker.java:53)
at org.testng.SuiteRunnerWorker.run(SuiteRunnerWorker.java:96)
at org.testng.TestNG.runSuitesSequentially(TestNG.java:1212)
at org.testng.TestNG.runSuitesLocally(TestNG.java:1134)
at org.testng.TestNG.runSuites(TestNG.java:1063)
at org.testng.TestNG.run(TestNG.java:1031)
at org.testng.remote.AbstractRemoteTestNG.run(AbstractRemoteTestNG.java:115)
at org.testng.remote.RemoteTestNG.initAndRun(RemoteTestNG.java:293)
at org.testng.remote.RemoteTestNG.main(RemoteTestNG.java:91)
]]>
    </failure>
  </testcase> <!-- Compare_CallNotConnected_Column_WorkshopWise_With_ServiceTypeWise -->
  <system-out/>
  <testcase classname="rsm.SMR_Due_Date_Wise" name="Compare_Fresh_Column_WorkshopWise_With_ServiceTypeWise" time="1.007"/>
  <system-out/>
  <testcase classname="rsm.SMR_Due_Date_Wise" name="Compare_PendingFresh_Column_WorkshopWise_With_ServiceTypeWise" time="1.005"/>
  <system-out/>
  <testcase classname="rsm.SMR_Due_Date_Wise" name="Compare_UnallocatedData_Column_WorkshopWise_With_ServiceTypeWise" time="1.009"/>
  <system-out/>
  <testcase classname="rsm.SMR_Due_Date_Wise" name="Compare_TotalDue_Column_DayWise_With_ServiceTypeWise" time="1.006"/>
  <system-out/>
  <testcase classname="rsm.SMR_Due_Date_Wise" name="Compare_ReportedAtOWN_Column_DayWise_With_ServiceTypeWise" time="1.003"/>
  <system-out/>
  <testcase classname="rsm.SMR_Due_Date_Wise" name="Compare_ReportedAtOTHER_Column_DayWise_With_ServiceTypeWise" time="1.012"/>
  <system-out/>
  <testcase classname="rsm.SMR_Due_Date_Wise" name="Compare_AppointmentBooked_Column_DayWise_With_ServiceTypeWise" time="1.010">
    <failure message="expected [1615] but found [1614]" type="java.lang.AssertionError">
      <![CDATA[java.lang.AssertionError: expected [1615] but found [1614]
at org.testng.Assert.fail(Assert.java:99)
at org.testng.Assert.failNotEquals(Assert.java:1037)
at org.testng.Assert.assertEqualsImpl(Assert.java:140)
at org.testng.Assert.assertEquals(Assert.java:122)
at org.testng.Assert.assertEquals(Assert.java:629)
at org.testng.Assert.assertEquals(Assert.java:639)
at rsm.SMR_Due_Date_Wise.Compare_AppointmentBooked_Column_DayWise_With_ServiceTypeWise(SMR_Due_Date_Wise.java:1541)
at java.base/jdk.internal.reflect.DirectMethodHandleAccessor.invoke(DirectMethodHandleAccessor.java:103)
at java.base/java.lang.reflect.Method.invoke(Method.java:580)
at org.testng.internal.MethodInvocationHelper.invokeMethod(MethodInvocationHelper.java:133)
at org.testng.internal.TestInvoker.invokeMethod(TestInvoker.java:598)
at org.testng.internal.TestInvoker.invokeTestMethod(TestInvoker.java:173)
at org.testng.internal.MethodRunner.runInSequence(MethodRunner.java:46)
at org.testng.internal.TestInvoker$MethodInvocationAgent.invoke(TestInvoker.java:824)
at org.testng.internal.TestInvoker.invokeTestMethods(TestInvoker.java:146)
at org.testng.internal.TestMethodWorker.invokeTestMethods(TestMethodWorker.java:146)
at org.testng.internal.TestMethodWorker.run(TestMethodWorker.java:128)
at java.base/java.util.ArrayList.forEach(ArrayList.java:1597)
at org.testng.TestRunner.privateRun(TestRunner.java:794)
at org.testng.TestRunner.run(TestRunner.java:596)
at org.testng.SuiteRunner.runTest(SuiteRunner.java:377)
at org.testng.SuiteRunner.runSequentially(SuiteRunner.java:371)
at org.testng.SuiteRunner.privateRun(SuiteRunner.java:332)
at org.testng.SuiteRunner.run(SuiteRunner.java:276)
at org.testng.SuiteRunnerWorker.runSuite(SuiteRunnerWorker.java:53)
at org.testng.SuiteRunnerWorker.run(SuiteRunnerWorker.java:96)
at org.testng.TestNG.runSuitesSequentially(TestNG.java:1212)
at org.testng.TestNG.runSuitesLocally(TestNG.java:1134)
at org.testng.TestNG.runSuites(TestNG.java:1063)
at org.testng.TestNG.run(TestNG.java:1031)
at org.testng.remote.AbstractRemoteTestNG.run(AbstractRemoteTestNG.java:115)
at org.testng.remote.RemoteTestNG.initAndRun(RemoteTestNG.java:293)
at org.testng.remote.RemoteTestNG.main(RemoteTestNG.java:91)
]]>
    </failure>
  </testcase> <!-- Compare_AppointmentBooked_Column_DayWise_With_ServiceTypeWise -->
  <system-out/>
  <testcase classname="rsm.SMR_Due_Date_Wise" name="Compare_CallMeLater_Column_DayWise_With_ServiceTypeWise" time="1.014"/>
  <system-out/>
  <testcase classname="rsm.SMR_Due_Date_Wise" name="Compare_LowMileage_Column_DayWise_With_ServiceTypeWise" time="1.011"/>
  <system-out/>
  <testcase classname="rsm.SMR_Due_Date_Wise" name="Compare_VehicleSOLD_Column_DayWise_With_ServiceTypeWise" time="1.010"/>
  <system-out/>
  <testcase classname="rsm.SMR_Due_Date_Wise" name="Compare_RefuseForService_Column_DayWise_With_ServiceTypeWise" time="1.014"/>
  <system-out/>
  <testcase classname="rsm.SMR_Due_Date_Wise" name="Compare_WrongNo_Column_DayWise_With_ServiceTypeWise" time="1.012"/>
  <system-out/>
  <testcase classname="rsm.SMR_Due_Date_Wise" name="Compare_AppointmentCancelled_Column_DayWise_With_ServiceTypeWise" time="1.016"/>
  <system-out/>
  <testcase classname="rsm.SMR_Due_Date_Wise" name="Compare_CallNotConnected_Column_DayWise_With_ServiceTypeWise" time="1.012">
    <failure message="expected [3559] but found [3560]" type="java.lang.AssertionError">
      <![CDATA[java.lang.AssertionError: expected [3559] but found [3560]
at org.testng.Assert.fail(Assert.java:99)
at org.testng.Assert.failNotEquals(Assert.java:1037)
at org.testng.Assert.assertEqualsImpl(Assert.java:140)
at org.testng.Assert.assertEquals(Assert.java:122)
at org.testng.Assert.assertEquals(Assert.java:629)
at org.testng.Assert.assertEquals(Assert.java:639)
at rsm.SMR_Due_Date_Wise.Compare_CallNotConnected_Column_DayWise_With_ServiceTypeWise(SMR_Due_Date_Wise.java:1590)
at java.base/jdk.internal.reflect.DirectMethodHandleAccessor.invoke(DirectMethodHandleAccessor.java:103)
at java.base/java.lang.reflect.Method.invoke(Method.java:580)
at org.testng.internal.MethodInvocationHelper.invokeMethod(MethodInvocationHelper.java:133)
at org.testng.internal.TestInvoker.invokeMethod(TestInvoker.java:598)
at org.testng.internal.TestInvoker.invokeTestMethod(TestInvoker.java:173)
at org.testng.internal.MethodRunner.runInSequence(MethodRunner.java:46)
at org.testng.internal.TestInvoker$MethodInvocationAgent.invoke(TestInvoker.java:824)
at org.testng.internal.TestInvoker.invokeTestMethods(TestInvoker.java:146)
at org.testng.internal.TestMethodWorker.invokeTestMethods(TestMethodWorker.java:146)
at org.testng.internal.TestMethodWorker.run(TestMethodWorker.java:128)
at java.base/java.util.ArrayList.forEach(ArrayList.java:1597)
at org.testng.TestRunner.privateRun(TestRunner.java:794)
at org.testng.TestRunner.run(TestRunner.java:596)
at org.testng.SuiteRunner.runTest(SuiteRunner.java:377)
at org.testng.SuiteRunner.runSequentially(SuiteRunner.java:371)
at org.testng.SuiteRunner.privateRun(SuiteRunner.java:332)
at org.testng.SuiteRunner.run(SuiteRunner.java:276)
at org.testng.SuiteRunnerWorker.runSuite(SuiteRunnerWorker.java:53)
at org.testng.SuiteRunnerWorker.run(SuiteRunnerWorker.java:96)
at org.testng.TestNG.runSuitesSequentially(TestNG.java:1212)
at org.testng.TestNG.runSuitesLocally(TestNG.java:1134)
at org.testng.TestNG.runSuites(TestNG.java:1063)
at org.testng.TestNG.run(TestNG.java:1031)
at org.testng.remote.AbstractRemoteTestNG.run(AbstractRemoteTestNG.java:115)
at org.testng.remote.RemoteTestNG.initAndRun(RemoteTestNG.java:293)
at org.testng.remote.RemoteTestNG.main(RemoteTestNG.java:91)
]]>
    </failure>
  </testcase> <!-- Compare_CallNotConnected_Column_DayWise_With_ServiceTypeWise -->
  <system-out/>
  <testcase classname="rsm.SMR_Due_Date_Wise" name="Compare_Fresh_Column_DayWise_With_ServiceTypeWise" time="1.008"/>
  <system-out/>
  <testcase classname="rsm.SMR_Due_Date_Wise" name="Compare_PendingFresh_Column_DayWise_With_ServiceTypeWise" time="1.017"/>
  <system-out/>
  <testcase classname="rsm.SMR_Due_Date_Wise" name="Compare_UnallocatedData_Column_DayWise_With_ServiceTypeWise" time="1.011"/>
  <system-out/>
</testsuite> <!-- rsm.SMR_Due_Date_Wise -->
