<?xml version="1.0" encoding="UTF-8"?>
<!-- Generated by org.testng.reporters.JUnitReportReporter -->
<testsuite hostname="DESKTOP-7SBKKJ1" failures="0" tests="7" name="pSF_DEMO.ALL_prod_P_S_F" time="70.810" errors="0" timestamp="2024-06-28T16:13:47 IST" skipped="0">
  <testcase classname="pSF_DEMO.ALL_prod_P_S_F" name="Username" time="1.273"/>
  <system-out/>
  <testcase classname="pSF_DEMO.ALL_prod_P_S_F" name="Password" time="1.246"/>
  <system-out/>
  <testcase classname="pSF_DEMO.ALL_prod_P_S_F" name="Login_Button" time="3.226"/>
  <system-out/>
  <testcase classname="pSF_DEMO.ALL_prod_P_S_F" name="Click_On_PSF" time="7.334"/>
  <system-out/>
  <testcase classname="pSF_DEMO.ALL_prod_P_S_F" name="Click_On_the_PSF_Follow_List" time="6.404"/>
  <system-out/>
  <testcase classname="pSF_DEMO.ALL_prod_P_S_F" name="Total_PSF_Due_Numbers_Match" time="2.126"/>
  <system-out/>
  <testcase classname="pSF_DEMO.ALL_prod_P_S_F" name="CCE_Name_FILTER" time="49.201"/>
  <system-out/>
</testsuite> <!-- pSF_DEMO.ALL_prod_P_S_F -->
