<?xml version="1.0" encoding="UTF-8"?>
<!-- Generated by org.testng.reporters.JUnitReportReporter -->
<testsuite hostname="DESKTOP-7SBKKJ1" failures="0" tests="8" name="SMR.Dealer_subscription" time="43.672" errors="0" timestamp="2024-08-29T16:56:36 IST" skipped="0">
  <testcase classname="SMR.Dealer_subscription" name="Username" time="2.160"/>
  <system-out/>
  <testcase classname="SMR.Dealer_subscription" name="Password" time="2.102"/>
  <system-out/>
  <testcase classname="SMR.Dealer_subscription" name="Login_Button" time="20.110"/>
  <system-out/>
  <testcase classname="SMR.Dealer_subscription" name="SUBMIT_Button" time="3.074"/>
  <system-out/>
  <testcase classname="SMR.Dealer_subscription" name="Click_On_Report" time="9.862"/>
  <system-out/>
  <testcase classname="SMR.Dealer_subscription" name="Click_On_The_Dealer_Subscription" time="3.138"/>
  <system-out/>
  <testcase classname="SMR.Dealer_subscription" name="Workshop_Wise" time="0.095"/>
  <system-out/>
  <testcase classname="SMR.Dealer_subscription" name="Dealer_Parent_group_Wise" time="3.131"/>
  <system-out/>
</testsuite> <!-- SMR.Dealer_subscription -->
