<?xml version="1.0" encoding="UTF-8"?>
<!-- Generated by org.testng.reporters.JUnitReportReporter -->
<testsuite hostname="DESKTOP-7SBKKJ1" failures="0" tests="6" name="rsm.Auto_Dialer_Report" time="42.790" errors="0" timestamp="2024-08-09T11:53:14 IST" skipped="0">
  <testcase classname="rsm.Auto_Dialer_Report" name="Username" time="2.371"/>
  <system-out/>
  <testcase classname="rsm.Auto_Dialer_Report" name="Password" time="2.301"/>
  <system-out/>
  <testcase classname="rsm.Auto_Dialer_Report" name="Login_Button" time="20.168"/>
  <system-out/>
  <testcase classname="rsm.Auto_Dialer_Report" name="SUBMIT_Button" time="3.144"/>
  <system-out/>
  <testcase classname="rsm.Auto_Dialer_Report" name="Click_On_Report" time="11.619"/>
  <system-out/>
  <testcase classname="rsm.Auto_Dialer_Report" name="Click_On_The_Auto_Dialer_Report" time="3.187"/>
  <system-out/>
</testsuite> <!-- rsm.Auto_Dialer_Report -->
