<?xml version="1.0" encoding="UTF-8"?>
<!-- Generated by org.testng.reporters.JUnitReportReporter -->
<testsuite hostname="DESKTOP-7SBKKJ1" failures="0" tests="46" name="rsm.Website_Lead_Report" time="247.963" errors="0" timestamp="2024-08-12T11:04:56 IST" skipped="0">
  <testcase classname="rsm.Website_Lead_Report" name="Username" time="2.151"/>
  <system-out/>
  <testcase classname="rsm.Website_Lead_Report" name="Password" time="2.090"/>
  <system-out/>
  <testcase classname="rsm.Website_Lead_Report" name="Login_Button" time="20.087"/>
  <system-out/>
  <testcase classname="rsm.Website_Lead_Report" name="SUBMIT_Button" time="5.109"/>
  <system-out/>
  <testcase classname="rsm.Website_Lead_Report" name="Click_On_Report" time="3.750"/>
  <system-out/>
  <testcase classname="rsm.Website_Lead_Report" name="Click_On_Website_lead_Report" time="3.110"/>
  <system-out/>
  <testcase classname="rsm.Website_Lead_Report" name="Zone_Region_Wise" time="53.001"/>
  <system-out/>
  <testcase classname="rsm.Website_Lead_Report" name="Dealer_Parent_Group_Wise" time="42.436"/>
  <system-out/>
  <testcase classname="rsm.Website_Lead_Report" name="workshop_Wise" time="40.538"/>
  <system-out/>
  <testcase classname="rsm.Website_Lead_Report" name="Day_Wise" time="39.355"/>
  <system-out/>
  <testcase classname="rsm.Website_Lead_Report" name="Compare_Lead_Generated_Of_ZONE_Region_Wise_from__Dealer_Parent_Wise" time="1.011"/>
  <system-out/>
  <testcase classname="rsm.Website_Lead_Report" name="Compare_Lead_Generated_Of_ZONE_Region_Wise_from_Worshop_Wise" time="1.021"/>
  <system-out/>
  <testcase classname="rsm.Website_Lead_Report" name="Compare_Lead_Generated_Of_ZONE_Region_Wise_from_Day_Wise" time="1.025"/>
  <system-out/>
  <testcase classname="rsm.Website_Lead_Report" name="Compare_Lead_attempted_Of_ZONE_Region_Wise_from_Dealer_parent_group_Wise" time="1.007"/>
  <system-out/>
  <testcase classname="rsm.Website_Lead_Report" name="Compare_Lead_attempted_dispostion_Of_ZONE_Region_Wise_from_workshop__Wise" time="1.016"/>
  <system-out/>
  <testcase classname="rsm.Website_Lead_Report" name="Compare_Lead_attempted_dispostion_Of_ZONE_Region_Wise_from_Day_Wise" time="1.012"/>
  <system-out/>
  <testcase classname="rsm.Website_Lead_Report" name="Compare_Total_connected_Of_ZONE_Region_Wise_from_Dealer_parent_Group_Wise" time="1.007"/>
  <system-out/>
  <testcase classname="rsm.Website_Lead_Report" name="Compare_Total_connected_Of_ZONE_Region_Wise_from_workshop__Wise" time="1.004"/>
  <system-out/>
  <testcase classname="rsm.Website_Lead_Report" name="Compare_Total_connected_Of_ZONE_Region_Wise_from_Day_Wise" time="1.002"/>
  <system-out/>
  <testcase classname="rsm.Website_Lead_Report" name="Compare_followUP_dispostion_Of_ZONE_Region_Wise_from_Dealer_parent_Group_Wise" time="1.004"/>
  <system-out/>
  <testcase classname="rsm.Website_Lead_Report" name="Compare_followUP_dispostion_Of_ZONE_Region_Wise_from_workshop__Wise" time="1.003"/>
  <system-out/>
  <testcase classname="rsm.Website_Lead_Report" name="Compare_followUP_dispostion_Of_ZONE_Region_Wise_from_Day_Wise" time="1.008"/>
  <system-out/>
  <testcase classname="rsm.Website_Lead_Report" name="Compare_Appointment_Booked_Of_ZONE_Region_Wise_from_Dealer_parent_Group_Wise" time="1.006"/>
  <system-out/>
  <testcase classname="rsm.Website_Lead_Report" name="Compare_Appointment_Booked_Of_ZONE_Region_Wise_from_workshop__Wise" time="1.007"/>
  <system-out/>
  <testcase classname="rsm.Website_Lead_Report" name="Compare_Appointment_Booked_Of_ZONE_Region_Wise_from_Day_Wise" time="1.016"/>
  <system-out/>
  <testcase classname="rsm.Website_Lead_Report" name="Compare_Appointment_Booked_Percent_Of_ZONE_Region_Wise_from_Dealer_parent_Group_Wise" time="1.014"/>
  <system-out/>
  <testcase classname="rsm.Website_Lead_Report" name="Compare_Appointment_Booked_Percent_Of_ZONE_Region_Wise_from_workshop__Wise" time="1.012"/>
  <system-out/>
  <testcase classname="rsm.Website_Lead_Report" name="Compare_Appointment_Booked_Percent_Of_ZONE_Region_Wise_from_Day_Wise" time="1.006"/>
  <system-out/>
  <testcase classname="rsm.Website_Lead_Report" name="Compare_Total_Reported_Region_Wise_from_Dealer_parent_Group_Wise" time="1.016"/>
  <system-out/>
  <testcase classname="rsm.Website_Lead_Report" name="Compare_Total_Reported_Of_ZONE_Region_Wise_from_workshop__Wise" time="1.009"/>
  <system-out/>
  <testcase classname="rsm.Website_Lead_Report" name="Compare_Total_Reported_Of_ZONE_Region_Wise_from_Day_Wise" time="1.013"/>
  <system-out/>
  <testcase classname="rsm.Website_Lead_Report" name="Compare_Total_Reported_Percent_Of_ZONE_Region_Wise_from_Dealer_parent_Group_Wise" time="1.003"/>
  <system-out/>
  <testcase classname="rsm.Website_Lead_Report" name="Compare_Total_Reported_Percent_Of_ZONE_Region_Wise_from_workshop__Wise" time="1.016"/>
  <system-out/>
  <testcase classname="rsm.Website_Lead_Report" name="Compare_Total_Reported_Percent_Of_ZONE_Region_Wise_from_Day_Wise" time="1.005"/>
  <system-out/>
  <testcase classname="rsm.Website_Lead_Report" name="Compare_Reported_at_OWN_Of_ZONE_Region_Wise_from_Dealer_parent_Group_Wise" time="1.004"/>
  <system-out/>
  <testcase classname="rsm.Website_Lead_Report" name="Compare_Reported_at_OWN_Of_ZONE_Region_Wise_from_workshop__Wise" time="1.004"/>
  <system-out/>
  <testcase classname="rsm.Website_Lead_Report" name="Compare_Reported_at_OWN_Of_ZONE_Region_Wise_from_Day_Wise" time="1.004"/>
  <system-out/>
  <testcase classname="rsm.Website_Lead_Report" name="Compare_Reported_at_Other_Of_ZONE_Region_Wise_from_Dealer_parent_Group_Wise" time="1.008"/>
  <system-out/>
  <testcase classname="rsm.Website_Lead_Report" name="Compare_Reported_at_Other_Of_ZONE_Region_Wise_from_workshop__Wise" time="1.016"/>
  <system-out/>
  <testcase classname="rsm.Website_Lead_Report" name="Compare_Reported_at_Other_Of_ZONE_Region_Wise_from_Day_Wise" time="1.006"/>
  <system-out/>
  <testcase classname="rsm.Website_Lead_Report" name="Compare_Not_Connected_Of_ZONE_Region_Wise_from_Dealer_parent_Group_Wise" time="1.004"/>
  <system-out/>
  <testcase classname="rsm.Website_Lead_Report" name="Compare_Not_Connected_Of_ZONE_Region_Wise_from_workshop__Wise" time="1.005"/>
  <system-out/>
  <testcase classname="rsm.Website_Lead_Report" name="Compare_Not_Connected_Of_ZONE_Region_Wise_from_Day_Wise" time="1.015"/>
  <system-out/>
  <testcase classname="rsm.Website_Lead_Report" name="Compare_Not_Attempted_Of_ZONE_Region_Wise_from_Dealer_parent_Group_Wise" time="1.016"/>
  <system-out/>
  <testcase classname="rsm.Website_Lead_Report" name="Compare_Not_Attempted_Of_ZONE_Region_Wise_from_workshop__Wise" time="1.004"/>
  <system-out/>
  <testcase classname="rsm.Website_Lead_Report" name="Compare_Not_Attempted_Of_ZONE_Region_Wise_from_Day_Wise" time="1.007"/>
  <system-out/>
</testsuite> <!-- rsm.Website_Lead_Report -->
